[0.172s] Invoking command in '/Users/professormichel/Documents/GitHub/energy-ros2-cpp-python/build/my_turtlesim_cpp': SHLVL=2 VIRTUAL_ENV_PROMPT=(.venv) _=/usr/bin/env /opt/homebrew/bin/cmake /Users/professormichel/Documents/GitHub/energy-ros2-cpp-python/src/old _my_turtlesim_cpp -DCMAKE_INSTALL_PREFIX=/Users/professormichel/Documents/GitHub/energy-ros2-cpp-python/install/my_turtlesim_cpp
[0.702s] -- The C compiler identification is AppleClang 15.0.0.15000309
[0.785s] -- The CXX compiler identification is AppleClang 15.0.0.15000309
[0.803s] -- Detecting C compiler ABI info
[1.098s] -- Detecting C compiler ABI info - done
[1.439s] -- Check for working C compiler: /Library/Developer/CommandLineTools/usr/bin/cc - skipped
[1.439s] -- Detecting C compile features
[1.439s] -- Detecting C compile features - done
[1.439s] -- Detecting CXX compiler ABI info
[1.439s] -- Detecting CXX compiler ABI info - done
[1.440s] -- Check for working CXX compiler: /Library/Developer/CommandLineTools/usr/bin/c++ - skipped
[1.440s] -- Detecting CXX compile features
[1.440s] -- Detecting CXX compile features - done
[1.440s] -- Configuring incomplete, errors occurred!
[1.454s] CMake Error at CMakeLists.txt:9 (find_package):
[1.454s]   By not providing "Findament_cmake.cmake" in CMAKE_MODULE_PATH this project
[1.454s]   has asked CMake to find a package configuration file provided by
[1.454s]   "ament_cmake", but CMake did not find one.
[1.454s] 
[1.454s]   Could not find a package configuration file provided by "ament_cmake" with
[1.454s]   any of the following names:
[1.454s] 
[1.454s]     ament_cmakeConfig.cmake
[1.454s]     ament_cmake-config.cmake
[1.454s] 
[1.454s]   Add the installation prefix of "ament_cmake" to CMAKE_PREFIX_PATH or set
[1.454s]   "ament_cmake_DIR" to a directory containing one of the above files.  If
[1.454s]   "ament_cmake" provides a separate development package or SDK, be sure it
[1.454s]   has been installed.
[1.454s] 
[1.454s] 
[1.468s] Invoked command in '/Users/professormichel/Documents/GitHub/energy-ros2-cpp-python/build/my_turtlesim_cpp' returned '1': SHLVL=2 VIRTUAL_ENV_PROMPT=(.venv) _=/usr/bin/env /opt/homebrew/bin/cmake /Users/professormichel/Documents/GitHub/energy-ros2-cpp-python/src/old _my_turtlesim_cpp -DCMAKE_INSTALL_PREFIX=/Users/professormichel/Documents/GitHub/energy-ros2-cpp-python/install/my_turtlesim_cpp
