/Users/professormichel/Documents/GitHub/energy-ros2-cpp-python/.venv/lib/python3.11/site-packages/setuptools/_distutils/dist.py:261: UserWarning: Unknown distribution option: 'tests_require'
  warnings.warn(msg)
running egg_info
creating ../../build/ament_package/ament_package.egg-info
writing ../../build/ament_package/ament_package.egg-info/PKG-INFO
writing dependency_links to ../../build/ament_package/ament_package.egg-info/dependency_links.txt
writing top-level names to ../../build/ament_package/ament_package.egg-info/top_level.txt
writing manifest file '../../build/ament_package/ament_package.egg-info/SOURCES.txt'
reading manifest file '../../build/ament_package/ament_package.egg-info/SOURCES.txt'
adding license file 'LICENSE'
writing manifest file '../../build/ament_package/ament_package.egg-info/SOURCES.txt'
running build
running build_py
creating /Users/professormichel/Documents/GitHub/energy-ros2-cpp-python/build/ament_package/build/lib/ament_package
copying ament_package/__init__.py -> /Users/professormichel/Documents/GitHub/energy-ros2-cpp-python/build/ament_package/build/lib/ament_package
copying ament_package/templates.py -> /Users/professormichel/Documents/GitHub/energy-ros2-cpp-python/build/ament_package/build/lib/ament_package
creating /Users/professormichel/Documents/GitHub/energy-ros2-cpp-python/build/ament_package/build/lib/ament_package/template
copying ament_package/template/__init__.py -> /Users/professormichel/Documents/GitHub/energy-ros2-cpp-python/build/ament_package/build/lib/ament_package/template
creating /Users/professormichel/Documents/GitHub/energy-ros2-cpp-python/build/ament_package/build/lib/ament_package/template/prefix_level
copying ament_package/template/prefix_level/__init__.py -> /Users/professormichel/Documents/GitHub/energy-ros2-cpp-python/build/ament_package/build/lib/ament_package/template/prefix_level
copying ament_package/template/prefix_level/_local_setup_util.py -> /Users/professormichel/Documents/GitHub/energy-ros2-cpp-python/build/ament_package/build/lib/ament_package/template/prefix_level
creating /Users/professormichel/Documents/GitHub/energy-ros2-cpp-python/build/ament_package/build/lib/ament_package/template/package_level
copying ament_package/template/package_level/__init__.py -> /Users/professormichel/Documents/GitHub/energy-ros2-cpp-python/build/ament_package/build/lib/ament_package/template/package_level
creating /Users/professormichel/Documents/GitHub/energy-ros2-cpp-python/build/ament_package/build/lib/ament_package/template/environment_hook
copying ament_package/template/environment_hook/__init__.py -> /Users/professormichel/Documents/GitHub/energy-ros2-cpp-python/build/ament_package/build/lib/ament_package/template/environment_hook
copying ament_package/template/environment_hook/__init__.py -> /Users/professormichel/Documents/GitHub/energy-ros2-cpp-python/build/ament_package/build/lib/ament_package/template/environment_hook
copying ament_package/template/environment_hook/path.sh -> /Users/professormichel/Documents/GitHub/energy-ros2-cpp-python/build/ament_package/build/lib/ament_package/template/environment_hook
copying ament_package/template/environment_hook/pkg_config_path.sh -> /Users/professormichel/Documents/GitHub/energy-ros2-cpp-python/build/ament_package/build/lib/ament_package/template/environment_hook
copying ament_package/template/environment_hook/library_path.sh -> /Users/professormichel/Documents/GitHub/energy-ros2-cpp-python/build/ament_package/build/lib/ament_package/template/environment_hook
copying ament_package/template/environment_hook/ament_prefix_path.sh -> /Users/professormichel/Documents/GitHub/energy-ros2-cpp-python/build/ament_package/build/lib/ament_package/template/environment_hook
copying ament_package/template/environment_hook/pythonpath.sh.in -> /Users/professormichel/Documents/GitHub/energy-ros2-cpp-python/build/ament_package/build/lib/ament_package/template/environment_hook
copying ament_package/template/environment_hook/pkg_config_path.bat -> /Users/professormichel/Documents/GitHub/energy-ros2-cpp-python/build/ament_package/build/lib/ament_package/template/environment_hook
copying ament_package/template/environment_hook/path.bat -> /Users/professormichel/Documents/GitHub/energy-ros2-cpp-python/build/ament_package/build/lib/ament_package/template/environment_hook
copying ament_package/template/environment_hook/pythonpath.bat.in -> /Users/professormichel/Documents/GitHub/energy-ros2-cpp-python/build/ament_package/build/lib/ament_package/template/environment_hook
copying ament_package/template/environment_hook/ament_prefix_path.bat -> /Users/professormichel/Documents/GitHub/energy-ros2-cpp-python/build/ament_package/build/lib/ament_package/template/environment_hook
copying ament_package/template/package_level/local_setup.bat.in -> /Users/professormichel/Documents/GitHub/energy-ros2-cpp-python/build/ament_package/build/lib/ament_package/template/package_level
copying ament_package/template/package_level/local_setup.zsh.in -> /Users/professormichel/Documents/GitHub/energy-ros2-cpp-python/build/ament_package/build/lib/ament_package/template/package_level
copying ament_package/template/package_level/__init__.py -> /Users/professormichel/Documents/GitHub/energy-ros2-cpp-python/build/ament_package/build/lib/ament_package/template/package_level
copying ament_package/template/package_level/local_setup.bash.in -> /Users/professormichel/Documents/GitHub/energy-ros2-cpp-python/build/ament_package/build/lib/ament_package/template/package_level
copying ament_package/template/package_level/local_setup.sh.in -> /Users/professormichel/Documents/GitHub/energy-ros2-cpp-python/build/ament_package/build/lib/ament_package/template/package_level
copying ament_package/template/prefix_level/local_setup.bat.in -> /Users/professormichel/Documents/GitHub/energy-ros2-cpp-python/build/ament_package/build/lib/ament_package/template/prefix_level
copying ament_package/template/prefix_level/setup.zsh -> /Users/professormichel/Documents/GitHub/energy-ros2-cpp-python/build/ament_package/build/lib/ament_package/template/prefix_level
copying ament_package/template/prefix_level/setup.sh.in -> /Users/professormichel/Documents/GitHub/energy-ros2-cpp-python/build/ament_package/build/lib/ament_package/template/prefix_level
copying ament_package/template/prefix_level/__init__.py -> /Users/professormichel/Documents/GitHub/energy-ros2-cpp-python/build/ament_package/build/lib/ament_package/template/prefix_level
copying ament_package/template/prefix_level/local_setup.sh.in -> /Users/professormichel/Documents/GitHub/energy-ros2-cpp-python/build/ament_package/build/lib/ament_package/template/prefix_level
copying ament_package/template/prefix_level/local_setup.zsh -> /Users/professormichel/Documents/GitHub/energy-ros2-cpp-python/build/ament_package/build/lib/ament_package/template/prefix_level
copying ament_package/template/prefix_level/_local_setup_util.py -> /Users/professormichel/Documents/GitHub/energy-ros2-cpp-python/build/ament_package/build/lib/ament_package/template/prefix_level
copying ament_package/template/prefix_level/setup.bash -> /Users/professormichel/Documents/GitHub/energy-ros2-cpp-python/build/ament_package/build/lib/ament_package/template/prefix_level
copying ament_package/template/prefix_level/setup.bat.in -> /Users/professormichel/Documents/GitHub/energy-ros2-cpp-python/build/ament_package/build/lib/ament_package/template/prefix_level
copying ament_package/template/prefix_level/local_setup.bash -> /Users/professormichel/Documents/GitHub/energy-ros2-cpp-python/build/ament_package/build/lib/ament_package/template/prefix_level
running install
running install_lib
creating /Users/professormichel/Documents/GitHub/energy-ros2-cpp-python/install/ament_package/lib/python3.11/site-packages/ament_package
creating /Users/professormichel/Documents/GitHub/energy-ros2-cpp-python/install/ament_package/lib/python3.11/site-packages/ament_package/template
copying /Users/professormichel/Documents/GitHub/energy-ros2-cpp-python/build/ament_package/build/lib/ament_package/template/__init__.py -> /Users/professormichel/Documents/GitHub/energy-ros2-cpp-python/install/ament_package/lib/python3.11/site-packages/ament_package/template
creating /Users/professormichel/Documents/GitHub/energy-ros2-cpp-python/install/ament_package/lib/python3.11/site-packages/ament_package/template/prefix_level
copying /Users/professormichel/Documents/GitHub/energy-ros2-cpp-python/build/ament_package/build/lib/ament_package/template/prefix_level/local_setup.bat.in -> /Users/professormichel/Documents/GitHub/energy-ros2-cpp-python/install/ament_package/lib/python3.11/site-packages/ament_package/template/prefix_level
copying /Users/professormichel/Documents/GitHub/energy-ros2-cpp-python/build/ament_package/build/lib/ament_package/template/prefix_level/setup.zsh -> /Users/professormichel/Documents/GitHub/energy-ros2-cpp-python/install/ament_package/lib/python3.11/site-packages/ament_package/template/prefix_level
copying /Users/professormichel/Documents/GitHub/energy-ros2-cpp-python/build/ament_package/build/lib/ament_package/template/prefix_level/setup.sh.in -> /Users/professormichel/Documents/GitHub/energy-ros2-cpp-python/install/ament_package/lib/python3.11/site-packages/ament_package/template/prefix_level
copying /Users/professormichel/Documents/GitHub/energy-ros2-cpp-python/build/ament_package/build/lib/ament_package/template/prefix_level/__init__.py -> /Users/professormichel/Documents/GitHub/energy-ros2-cpp-python/install/ament_package/lib/python3.11/site-packages/ament_package/template/prefix_level
copying /Users/professormichel/Documents/GitHub/energy-ros2-cpp-python/build/ament_package/build/lib/ament_package/template/prefix_level/local_setup.sh.in -> /Users/professormichel/Documents/GitHub/energy-ros2-cpp-python/install/ament_package/lib/python3.11/site-packages/ament_package/template/prefix_level
copying /Users/professormichel/Documents/GitHub/energy-ros2-cpp-python/build/ament_package/build/lib/ament_package/template/prefix_level/local_setup.zsh -> /Users/professormichel/Documents/GitHub/energy-ros2-cpp-python/install/ament_package/lib/python3.11/site-packages/ament_package/template/prefix_level
copying /Users/professormichel/Documents/GitHub/energy-ros2-cpp-python/build/ament_package/build/lib/ament_package/template/prefix_level/_local_setup_util.py -> /Users/professormichel/Documents/GitHub/energy-ros2-cpp-python/install/ament_package/lib/python3.11/site-packages/ament_package/template/prefix_level
copying /Users/professormichel/Documents/GitHub/energy-ros2-cpp-python/build/ament_package/build/lib/ament_package/template/prefix_level/setup.bash -> /Users/professormichel/Documents/GitHub/energy-ros2-cpp-python/install/ament_package/lib/python3.11/site-packages/ament_package/template/prefix_level
copying /Users/professormichel/Documents/GitHub/energy-ros2-cpp-python/build/ament_package/build/lib/ament_package/template/prefix_level/setup.bat.in -> /Users/professormichel/Documents/GitHub/energy-ros2-cpp-python/install/ament_package/lib/python3.11/site-packages/ament_package/template/prefix_level
copying /Users/professormichel/Documents/GitHub/energy-ros2-cpp-python/build/ament_package/build/lib/ament_package/template/prefix_level/local_setup.bash -> /Users/professormichel/Documents/GitHub/energy-ros2-cpp-python/install/ament_package/lib/python3.11/site-packages/ament_package/template/prefix_level
creating /Users/professormichel/Documents/GitHub/energy-ros2-cpp-python/install/ament_package/lib/python3.11/site-packages/ament_package/template/package_level
copying /Users/professormichel/Documents/GitHub/energy-ros2-cpp-python/build/ament_package/build/lib/ament_package/template/package_level/local_setup.bat.in -> /Users/professormichel/Documents/GitHub/energy-ros2-cpp-python/install/ament_package/lib/python3.11/site-packages/ament_package/template/package_level
copying /Users/professormichel/Documents/GitHub/energy-ros2-cpp-python/build/ament_package/build/lib/ament_package/template/package_level/local_setup.zsh.in -> /Users/professormichel/Documents/GitHub/energy-ros2-cpp-python/install/ament_package/lib/python3.11/site-packages/ament_package/template/package_level
copying /Users/professormichel/Documents/GitHub/energy-ros2-cpp-python/build/ament_package/build/lib/ament_package/template/package_level/__init__.py -> /Users/professormichel/Documents/GitHub/energy-ros2-cpp-python/install/ament_package/lib/python3.11/site-packages/ament_package/template/package_level
copying /Users/professormichel/Documents/GitHub/energy-ros2-cpp-python/build/ament_package/build/lib/ament_package/template/package_level/local_setup.bash.in -> /Users/professormichel/Documents/GitHub/energy-ros2-cpp-python/install/ament_package/lib/python3.11/site-packages/ament_package/template/package_level
copying /Users/professormichel/Documents/GitHub/energy-ros2-cpp-python/build/ament_package/build/lib/ament_package/template/package_level/local_setup.sh.in -> /Users/professormichel/Documents/GitHub/energy-ros2-cpp-python/install/ament_package/lib/python3.11/site-packages/ament_package/template/package_level
creating /Users/professormichel/Documents/GitHub/energy-ros2-cpp-python/install/ament_package/lib/python3.11/site-packages/ament_package/template/environment_hook
copying /Users/professormichel/Documents/GitHub/energy-ros2-cpp-python/build/ament_package/build/lib/ament_package/template/environment_hook/__init__.py -> /Users/professormichel/Documents/GitHub/energy-ros2-cpp-python/install/ament_package/lib/python3.11/site-packages/ament_package/template/environment_hook
copying /Users/professormichel/Documents/GitHub/energy-ros2-cpp-python/build/ament_package/build/lib/ament_package/template/environment_hook/path.sh -> /Users/professormichel/Documents/GitHub/energy-ros2-cpp-python/install/ament_package/lib/python3.11/site-packages/ament_package/template/environment_hook
copying /Users/professormichel/Documents/GitHub/energy-ros2-cpp-python/build/ament_package/build/lib/ament_package/template/environment_hook/pkg_config_path.sh -> /Users/professormichel/Documents/GitHub/energy-ros2-cpp-python/install/ament_package/lib/python3.11/site-packages/ament_package/template/environment_hook
copying /Users/professormichel/Documents/GitHub/energy-ros2-cpp-python/build/ament_package/build/lib/ament_package/template/environment_hook/library_path.sh -> /Users/professormichel/Documents/GitHub/energy-ros2-cpp-python/install/ament_package/lib/python3.11/site-packages/ament_package/template/environment_hook
copying /Users/professormichel/Documents/GitHub/energy-ros2-cpp-python/build/ament_package/build/lib/ament_package/template/environment_hook/ament_prefix_path.sh -> /Users/professormichel/Documents/GitHub/energy-ros2-cpp-python/install/ament_package/lib/python3.11/site-packages/ament_package/template/environment_hook
copying /Users/professormichel/Documents/GitHub/energy-ros2-cpp-python/build/ament_package/build/lib/ament_package/template/environment_hook/pythonpath.sh.in -> /Users/professormichel/Documents/GitHub/energy-ros2-cpp-python/install/ament_package/lib/python3.11/site-packages/ament_package/template/environment_hook
copying /Users/professormichel/Documents/GitHub/energy-ros2-cpp-python/build/ament_package/build/lib/ament_package/template/environment_hook/pkg_config_path.bat -> /Users/professormichel/Documents/GitHub/energy-ros2-cpp-python/install/ament_package/lib/python3.11/site-packages/ament_package/template/environment_hook
copying /Users/professormichel/Documents/GitHub/energy-ros2-cpp-python/build/ament_package/build/lib/ament_package/template/environment_hook/path.bat -> /Users/professormichel/Documents/GitHub/energy-ros2-cpp-python/install/ament_package/lib/python3.11/site-packages/ament_package/template/environment_hook
copying /Users/professormichel/Documents/GitHub/energy-ros2-cpp-python/build/ament_package/build/lib/ament_package/template/environment_hook/pythonpath.bat.in -> /Users/professormichel/Documents/GitHub/energy-ros2-cpp-python/install/ament_package/lib/python3.11/site-packages/ament_package/template/environment_hook
copying /Users/professormichel/Documents/GitHub/energy-ros2-cpp-python/build/ament_package/build/lib/ament_package/template/environment_hook/ament_prefix_path.bat -> /Users/professormichel/Documents/GitHub/energy-ros2-cpp-python/install/ament_package/lib/python3.11/site-packages/ament_package/template/environment_hook
copying /Users/professormichel/Documents/GitHub/energy-ros2-cpp-python/build/ament_package/build/lib/ament_package/__init__.py -> /Users/professormichel/Documents/GitHub/energy-ros2-cpp-python/install/ament_package/lib/python3.11/site-packages/ament_package
copying /Users/professormichel/Documents/GitHub/energy-ros2-cpp-python/build/ament_package/build/lib/ament_package/templates.py -> /Users/professormichel/Documents/GitHub/energy-ros2-cpp-python/install/ament_package/lib/python3.11/site-packages/ament_package
byte-compiling /Users/professormichel/Documents/GitHub/energy-ros2-cpp-python/install/ament_package/lib/python3.11/site-packages/ament_package/template/__init__.py to __init__.cpython-311.pyc
byte-compiling /Users/professormichel/Documents/GitHub/energy-ros2-cpp-python/install/ament_package/lib/python3.11/site-packages/ament_package/template/prefix_level/__init__.py to __init__.cpython-311.pyc
byte-compiling /Users/professormichel/Documents/GitHub/energy-ros2-cpp-python/install/ament_package/lib/python3.11/site-packages/ament_package/template/prefix_level/_local_setup_util.py to _local_setup_util.cpython-311.pyc
byte-compiling /Users/professormichel/Documents/GitHub/energy-ros2-cpp-python/install/ament_package/lib/python3.11/site-packages/ament_package/template/package_level/__init__.py to __init__.cpython-311.pyc
byte-compiling /Users/professormichel/Documents/GitHub/energy-ros2-cpp-python/install/ament_package/lib/python3.11/site-packages/ament_package/template/environment_hook/__init__.py to __init__.cpython-311.pyc
byte-compiling /Users/professormichel/Documents/GitHub/energy-ros2-cpp-python/install/ament_package/lib/python3.11/site-packages/ament_package/__init__.py to __init__.cpython-311.pyc
byte-compiling /Users/professormichel/Documents/GitHub/energy-ros2-cpp-python/install/ament_package/lib/python3.11/site-packages/ament_package/templates.py to templates.cpython-311.pyc
running install_data
copying package.xml -> /Users/professormichel/Documents/GitHub/energy-ros2-cpp-python/install/ament_package/share/ament_package
creating /Users/professormichel/Documents/GitHub/energy-ros2-cpp-python/install/ament_package/share/ament_index/resource_index/packages
copying resource/ament_package -> /Users/professormichel/Documents/GitHub/energy-ros2-cpp-python/install/ament_package/share/ament_index/resource_index/packages
running install_egg_info
Copying ../../build/ament_package/ament_package.egg-info to /Users/professormichel/Documents/GitHub/energy-ros2-cpp-python/install/ament_package/lib/python3.11/site-packages/ament_package-0.17.1-py3.11.egg-info
running install_scripts
writing list of installed files to '/Users/professormichel/Documents/GitHub/energy-ros2-cpp-python/build/ament_package/install.log'
