[0.321s] Invoking command in '/Users/professormichel/Documents/GitHub/energy-ros2-cpp-python/src/ament_package': PYTHONPATH=/Users/professormichel/Documents/GitHub/energy-ros2-cpp-python/build/ament_package/prefix_override:/Users/professormichel/Documents/GitHub/energy-ros2-cpp-python/.venv/lib/python3.11/site-packages/colcon_core/task/python/colcon_distutils_commands:/Users/professormichel/Documents/GitHub/energy-ros2-cpp-python/install/ament_package/lib/python3.11/site-packages: SHLVL=2 VIRTUAL_ENV_PROMPT=(.venv) _=/usr/bin/env /Users/professormichel/Documents/GitHub/energy-ros2-cpp-python/.venv/bin/python -W ignore:setup.py install is deprecated setup.py egg_info --egg-base ../../build/ament_package build --build-base /Users/professormichel/Documents/GitHub/energy-ros2-cpp-python/build/ament_package/build install --record /Users/professormichel/Documents/GitHub/energy-ros2-cpp-python/build/ament_package/install.log --single-version-externally-managed install_data
[0.393s] /Users/professormichel/Documents/GitHub/energy-ros2-cpp-python/.venv/lib/python3.11/site-packages/setuptools/_distutils/dist.py:261: UserWarning: Unknown distribution option: 'tests_require'
[0.393s]   warnings.warn(msg)
[0.409s] running egg_info
[0.409s] creating ../../build/ament_package/ament_package.egg-info
[0.411s] writing ../../build/ament_package/ament_package.egg-info/PKG-INFO
[0.412s] writing dependency_links to ../../build/ament_package/ament_package.egg-info/dependency_links.txt
[0.412s] writing top-level names to ../../build/ament_package/ament_package.egg-info/top_level.txt
[0.412s] writing manifest file '../../build/ament_package/ament_package.egg-info/SOURCES.txt'
[0.418s] reading manifest file '../../build/ament_package/ament_package.egg-info/SOURCES.txt'
[0.418s] adding license file 'LICENSE'
[0.419s] writing manifest file '../../build/ament_package/ament_package.egg-info/SOURCES.txt'
[0.419s] running build
[0.419s] running build_py
[0.419s] creating /Users/professormichel/Documents/GitHub/energy-ros2-cpp-python/build/ament_package/build/lib/ament_package
[0.419s] copying ament_package/__init__.py -> /Users/professormichel/Documents/GitHub/energy-ros2-cpp-python/build/ament_package/build/lib/ament_package
[0.419s] copying ament_package/templates.py -> /Users/professormichel/Documents/GitHub/energy-ros2-cpp-python/build/ament_package/build/lib/ament_package
[0.420s] creating /Users/professormichel/Documents/GitHub/energy-ros2-cpp-python/build/ament_package/build/lib/ament_package/template
[0.420s] copying ament_package/template/__init__.py -> /Users/professormichel/Documents/GitHub/energy-ros2-cpp-python/build/ament_package/build/lib/ament_package/template
[0.420s] creating /Users/professormichel/Documents/GitHub/energy-ros2-cpp-python/build/ament_package/build/lib/ament_package/template/prefix_level
[0.421s] copying ament_package/template/prefix_level/__init__.py -> /Users/professormichel/Documents/GitHub/energy-ros2-cpp-python/build/ament_package/build/lib/ament_package/template/prefix_level
[0.421s] copying ament_package/template/prefix_level/_local_setup_util.py -> /Users/professormichel/Documents/GitHub/energy-ros2-cpp-python/build/ament_package/build/lib/ament_package/template/prefix_level
[0.421s] creating /Users/professormichel/Documents/GitHub/energy-ros2-cpp-python/build/ament_package/build/lib/ament_package/template/package_level
[0.421s] copying ament_package/template/package_level/__init__.py -> /Users/professormichel/Documents/GitHub/energy-ros2-cpp-python/build/ament_package/build/lib/ament_package/template/package_level
[0.421s] creating /Users/professormichel/Documents/GitHub/energy-ros2-cpp-python/build/ament_package/build/lib/ament_package/template/environment_hook
[0.422s] copying ament_package/template/environment_hook/__init__.py -> /Users/professormichel/Documents/GitHub/energy-ros2-cpp-python/build/ament_package/build/lib/ament_package/template/environment_hook
[0.423s] copying ament_package/template/environment_hook/__init__.py -> /Users/professormichel/Documents/GitHub/energy-ros2-cpp-python/build/ament_package/build/lib/ament_package/template/environment_hook
[0.423s] copying ament_package/template/environment_hook/path.sh -> /Users/professormichel/Documents/GitHub/energy-ros2-cpp-python/build/ament_package/build/lib/ament_package/template/environment_hook
[0.423s] copying ament_package/template/environment_hook/pkg_config_path.sh -> /Users/professormichel/Documents/GitHub/energy-ros2-cpp-python/build/ament_package/build/lib/ament_package/template/environment_hook
[0.423s] copying ament_package/template/environment_hook/library_path.sh -> /Users/professormichel/Documents/GitHub/energy-ros2-cpp-python/build/ament_package/build/lib/ament_package/template/environment_hook
[0.424s] copying ament_package/template/environment_hook/ament_prefix_path.sh -> /Users/professormichel/Documents/GitHub/energy-ros2-cpp-python/build/ament_package/build/lib/ament_package/template/environment_hook
[0.424s] copying ament_package/template/environment_hook/pythonpath.sh.in -> /Users/professormichel/Documents/GitHub/energy-ros2-cpp-python/build/ament_package/build/lib/ament_package/template/environment_hook
[0.424s] copying ament_package/template/environment_hook/pkg_config_path.bat -> /Users/professormichel/Documents/GitHub/energy-ros2-cpp-python/build/ament_package/build/lib/ament_package/template/environment_hook
[0.424s] copying ament_package/template/environment_hook/path.bat -> /Users/professormichel/Documents/GitHub/energy-ros2-cpp-python/build/ament_package/build/lib/ament_package/template/environment_hook
[0.424s] copying ament_package/template/environment_hook/pythonpath.bat.in -> /Users/professormichel/Documents/GitHub/energy-ros2-cpp-python/build/ament_package/build/lib/ament_package/template/environment_hook
[0.425s] copying ament_package/template/environment_hook/ament_prefix_path.bat -> /Users/professormichel/Documents/GitHub/energy-ros2-cpp-python/build/ament_package/build/lib/ament_package/template/environment_hook
[0.425s] copying ament_package/template/package_level/local_setup.bat.in -> /Users/professormichel/Documents/GitHub/energy-ros2-cpp-python/build/ament_package/build/lib/ament_package/template/package_level
[0.425s] copying ament_package/template/package_level/local_setup.zsh.in -> /Users/professormichel/Documents/GitHub/energy-ros2-cpp-python/build/ament_package/build/lib/ament_package/template/package_level
[0.425s] copying ament_package/template/package_level/__init__.py -> /Users/professormichel/Documents/GitHub/energy-ros2-cpp-python/build/ament_package/build/lib/ament_package/template/package_level
[0.426s] copying ament_package/template/package_level/local_setup.bash.in -> /Users/professormichel/Documents/GitHub/energy-ros2-cpp-python/build/ament_package/build/lib/ament_package/template/package_level
[0.426s] copying ament_package/template/package_level/local_setup.sh.in -> /Users/professormichel/Documents/GitHub/energy-ros2-cpp-python/build/ament_package/build/lib/ament_package/template/package_level
[0.426s] copying ament_package/template/prefix_level/local_setup.bat.in -> /Users/professormichel/Documents/GitHub/energy-ros2-cpp-python/build/ament_package/build/lib/ament_package/template/prefix_level
[0.426s] copying ament_package/template/prefix_level/setup.zsh -> /Users/professormichel/Documents/GitHub/energy-ros2-cpp-python/build/ament_package/build/lib/ament_package/template/prefix_level
[0.427s] copying ament_package/template/prefix_level/setup.sh.in -> /Users/professormichel/Documents/GitHub/energy-ros2-cpp-python/build/ament_package/build/lib/ament_package/template/prefix_level
[0.427s] copying ament_package/template/prefix_level/__init__.py -> /Users/professormichel/Documents/GitHub/energy-ros2-cpp-python/build/ament_package/build/lib/ament_package/template/prefix_level
[0.427s] copying ament_package/template/prefix_level/local_setup.sh.in -> /Users/professormichel/Documents/GitHub/energy-ros2-cpp-python/build/ament_package/build/lib/ament_package/template/prefix_level
[0.427s] copying ament_package/template/prefix_level/local_setup.zsh -> /Users/professormichel/Documents/GitHub/energy-ros2-cpp-python/build/ament_package/build/lib/ament_package/template/prefix_level
[0.428s] copying ament_package/template/prefix_level/_local_setup_util.py -> /Users/professormichel/Documents/GitHub/energy-ros2-cpp-python/build/ament_package/build/lib/ament_package/template/prefix_level
[0.428s] copying ament_package/template/prefix_level/setup.bash -> /Users/professormichel/Documents/GitHub/energy-ros2-cpp-python/build/ament_package/build/lib/ament_package/template/prefix_level
[0.428s] copying ament_package/template/prefix_level/setup.bat.in -> /Users/professormichel/Documents/GitHub/energy-ros2-cpp-python/build/ament_package/build/lib/ament_package/template/prefix_level
[0.428s] copying ament_package/template/prefix_level/local_setup.bash -> /Users/professormichel/Documents/GitHub/energy-ros2-cpp-python/build/ament_package/build/lib/ament_package/template/prefix_level
[0.429s] running install
[0.432s] running install_lib
[0.435s] creating /Users/professormichel/Documents/GitHub/energy-ros2-cpp-python/install/ament_package/lib/python3.11/site-packages/ament_package
[0.435s] creating /Users/professormichel/Documents/GitHub/energy-ros2-cpp-python/install/ament_package/lib/python3.11/site-packages/ament_package/template
[0.435s] copying /Users/professormichel/Documents/GitHub/energy-ros2-cpp-python/build/ament_package/build/lib/ament_package/template/__init__.py -> /Users/professormichel/Documents/GitHub/energy-ros2-cpp-python/install/ament_package/lib/python3.11/site-packages/ament_package/template
[0.435s] creating /Users/professormichel/Documents/GitHub/energy-ros2-cpp-python/install/ament_package/lib/python3.11/site-packages/ament_package/template/prefix_level
[0.435s] copying /Users/professormichel/Documents/GitHub/energy-ros2-cpp-python/build/ament_package/build/lib/ament_package/template/prefix_level/local_setup.bat.in -> /Users/professormichel/Documents/GitHub/energy-ros2-cpp-python/install/ament_package/lib/python3.11/site-packages/ament_package/template/prefix_level
[0.436s] copying /Users/professormichel/Documents/GitHub/energy-ros2-cpp-python/build/ament_package/build/lib/ament_package/template/prefix_level/setup.zsh -> /Users/professormichel/Documents/GitHub/energy-ros2-cpp-python/install/ament_package/lib/python3.11/site-packages/ament_package/template/prefix_level
[0.436s] copying /Users/professormichel/Documents/GitHub/energy-ros2-cpp-python/build/ament_package/build/lib/ament_package/template/prefix_level/setup.sh.in -> /Users/professormichel/Documents/GitHub/energy-ros2-cpp-python/install/ament_package/lib/python3.11/site-packages/ament_package/template/prefix_level
[0.436s] copying /Users/professormichel/Documents/GitHub/energy-ros2-cpp-python/build/ament_package/build/lib/ament_package/template/prefix_level/__init__.py -> /Users/professormichel/Documents/GitHub/energy-ros2-cpp-python/install/ament_package/lib/python3.11/site-packages/ament_package/template/prefix_level
[0.436s] copying /Users/professormichel/Documents/GitHub/energy-ros2-cpp-python/build/ament_package/build/lib/ament_package/template/prefix_level/local_setup.sh.in -> /Users/professormichel/Documents/GitHub/energy-ros2-cpp-python/install/ament_package/lib/python3.11/site-packages/ament_package/template/prefix_level
[0.436s] copying /Users/professormichel/Documents/GitHub/energy-ros2-cpp-python/build/ament_package/build/lib/ament_package/template/prefix_level/local_setup.zsh -> /Users/professormichel/Documents/GitHub/energy-ros2-cpp-python/install/ament_package/lib/python3.11/site-packages/ament_package/template/prefix_level
[0.436s] copying /Users/professormichel/Documents/GitHub/energy-ros2-cpp-python/build/ament_package/build/lib/ament_package/template/prefix_level/_local_setup_util.py -> /Users/professormichel/Documents/GitHub/energy-ros2-cpp-python/install/ament_package/lib/python3.11/site-packages/ament_package/template/prefix_level
[0.436s] copying /Users/professormichel/Documents/GitHub/energy-ros2-cpp-python/build/ament_package/build/lib/ament_package/template/prefix_level/setup.bash -> /Users/professormichel/Documents/GitHub/energy-ros2-cpp-python/install/ament_package/lib/python3.11/site-packages/ament_package/template/prefix_level
[0.437s] copying /Users/professormichel/Documents/GitHub/energy-ros2-cpp-python/build/ament_package/build/lib/ament_package/template/prefix_level/setup.bat.in -> /Users/professormichel/Documents/GitHub/energy-ros2-cpp-python/install/ament_package/lib/python3.11/site-packages/ament_package/template/prefix_level
[0.437s] copying /Users/professormichel/Documents/GitHub/energy-ros2-cpp-python/build/ament_package/build/lib/ament_package/template/prefix_level/local_setup.bash -> /Users/professormichel/Documents/GitHub/energy-ros2-cpp-python/install/ament_package/lib/python3.11/site-packages/ament_package/template/prefix_level
[0.437s] creating /Users/professormichel/Documents/GitHub/energy-ros2-cpp-python/install/ament_package/lib/python3.11/site-packages/ament_package/template/package_level
[0.437s] copying /Users/professormichel/Documents/GitHub/energy-ros2-cpp-python/build/ament_package/build/lib/ament_package/template/package_level/local_setup.bat.in -> /Users/professormichel/Documents/GitHub/energy-ros2-cpp-python/install/ament_package/lib/python3.11/site-packages/ament_package/template/package_level
[0.437s] copying /Users/professormichel/Documents/GitHub/energy-ros2-cpp-python/build/ament_package/build/lib/ament_package/template/package_level/local_setup.zsh.in -> /Users/professormichel/Documents/GitHub/energy-ros2-cpp-python/install/ament_package/lib/python3.11/site-packages/ament_package/template/package_level
[0.437s] copying /Users/professormichel/Documents/GitHub/energy-ros2-cpp-python/build/ament_package/build/lib/ament_package/template/package_level/__init__.py -> /Users/professormichel/Documents/GitHub/energy-ros2-cpp-python/install/ament_package/lib/python3.11/site-packages/ament_package/template/package_level
[0.438s] copying /Users/professormichel/Documents/GitHub/energy-ros2-cpp-python/build/ament_package/build/lib/ament_package/template/package_level/local_setup.bash.in -> /Users/professormichel/Documents/GitHub/energy-ros2-cpp-python/install/ament_package/lib/python3.11/site-packages/ament_package/template/package_level
[0.438s] copying /Users/professormichel/Documents/GitHub/energy-ros2-cpp-python/build/ament_package/build/lib/ament_package/template/package_level/local_setup.sh.in -> /Users/professormichel/Documents/GitHub/energy-ros2-cpp-python/install/ament_package/lib/python3.11/site-packages/ament_package/template/package_level
[0.438s] creating /Users/professormichel/Documents/GitHub/energy-ros2-cpp-python/install/ament_package/lib/python3.11/site-packages/ament_package/template/environment_hook
[0.438s] copying /Users/professormichel/Documents/GitHub/energy-ros2-cpp-python/build/ament_package/build/lib/ament_package/template/environment_hook/__init__.py -> /Users/professormichel/Documents/GitHub/energy-ros2-cpp-python/install/ament_package/lib/python3.11/site-packages/ament_package/template/environment_hook
[0.438s] copying /Users/professormichel/Documents/GitHub/energy-ros2-cpp-python/build/ament_package/build/lib/ament_package/template/environment_hook/path.sh -> /Users/professormichel/Documents/GitHub/energy-ros2-cpp-python/install/ament_package/lib/python3.11/site-packages/ament_package/template/environment_hook
[0.439s] copying /Users/professormichel/Documents/GitHub/energy-ros2-cpp-python/build/ament_package/build/lib/ament_package/template/environment_hook/pkg_config_path.sh -> /Users/professormichel/Documents/GitHub/energy-ros2-cpp-python/install/ament_package/lib/python3.11/site-packages/ament_package/template/environment_hook
[0.439s] copying /Users/professormichel/Documents/GitHub/energy-ros2-cpp-python/build/ament_package/build/lib/ament_package/template/environment_hook/library_path.sh -> /Users/professormichel/Documents/GitHub/energy-ros2-cpp-python/install/ament_package/lib/python3.11/site-packages/ament_package/template/environment_hook
[0.439s] copying /Users/professormichel/Documents/GitHub/energy-ros2-cpp-python/build/ament_package/build/lib/ament_package/template/environment_hook/ament_prefix_path.sh -> /Users/professormichel/Documents/GitHub/energy-ros2-cpp-python/install/ament_package/lib/python3.11/site-packages/ament_package/template/environment_hook
[0.439s] copying /Users/professormichel/Documents/GitHub/energy-ros2-cpp-python/build/ament_package/build/lib/ament_package/template/environment_hook/pythonpath.sh.in -> /Users/professormichel/Documents/GitHub/energy-ros2-cpp-python/install/ament_package/lib/python3.11/site-packages/ament_package/template/environment_hook
[0.439s] copying /Users/professormichel/Documents/GitHub/energy-ros2-cpp-python/build/ament_package/build/lib/ament_package/template/environment_hook/pkg_config_path.bat -> /Users/professormichel/Documents/GitHub/energy-ros2-cpp-python/install/ament_package/lib/python3.11/site-packages/ament_package/template/environment_hook
[0.440s] copying /Users/professormichel/Documents/GitHub/energy-ros2-cpp-python/build/ament_package/build/lib/ament_package/template/environment_hook/path.bat -> /Users/professormichel/Documents/GitHub/energy-ros2-cpp-python/install/ament_package/lib/python3.11/site-packages/ament_package/template/environment_hook
[0.440s] copying /Users/professormichel/Documents/GitHub/energy-ros2-cpp-python/build/ament_package/build/lib/ament_package/template/environment_hook/pythonpath.bat.in -> /Users/professormichel/Documents/GitHub/energy-ros2-cpp-python/install/ament_package/lib/python3.11/site-packages/ament_package/template/environment_hook
[0.440s] copying /Users/professormichel/Documents/GitHub/energy-ros2-cpp-python/build/ament_package/build/lib/ament_package/template/environment_hook/ament_prefix_path.bat -> /Users/professormichel/Documents/GitHub/energy-ros2-cpp-python/install/ament_package/lib/python3.11/site-packages/ament_package/template/environment_hook
[0.440s] copying /Users/professormichel/Documents/GitHub/energy-ros2-cpp-python/build/ament_package/build/lib/ament_package/__init__.py -> /Users/professormichel/Documents/GitHub/energy-ros2-cpp-python/install/ament_package/lib/python3.11/site-packages/ament_package
[0.440s] copying /Users/professormichel/Documents/GitHub/energy-ros2-cpp-python/build/ament_package/build/lib/ament_package/templates.py -> /Users/professormichel/Documents/GitHub/energy-ros2-cpp-python/install/ament_package/lib/python3.11/site-packages/ament_package
[0.441s] byte-compiling /Users/professormichel/Documents/GitHub/energy-ros2-cpp-python/install/ament_package/lib/python3.11/site-packages/ament_package/template/__init__.py to __init__.cpython-311.pyc
[0.441s] byte-compiling /Users/professormichel/Documents/GitHub/energy-ros2-cpp-python/install/ament_package/lib/python3.11/site-packages/ament_package/template/prefix_level/__init__.py to __init__.cpython-311.pyc
[0.442s] byte-compiling /Users/professormichel/Documents/GitHub/energy-ros2-cpp-python/install/ament_package/lib/python3.11/site-packages/ament_package/template/prefix_level/_local_setup_util.py to _local_setup_util.cpython-311.pyc
[0.443s] byte-compiling /Users/professormichel/Documents/GitHub/energy-ros2-cpp-python/install/ament_package/lib/python3.11/site-packages/ament_package/template/package_level/__init__.py to __init__.cpython-311.pyc
[0.443s] byte-compiling /Users/professormichel/Documents/GitHub/energy-ros2-cpp-python/install/ament_package/lib/python3.11/site-packages/ament_package/template/environment_hook/__init__.py to __init__.cpython-311.pyc
[0.444s] byte-compiling /Users/professormichel/Documents/GitHub/energy-ros2-cpp-python/install/ament_package/lib/python3.11/site-packages/ament_package/__init__.py to __init__.cpython-311.pyc
[0.444s] byte-compiling /Users/professormichel/Documents/GitHub/energy-ros2-cpp-python/install/ament_package/lib/python3.11/site-packages/ament_package/templates.py to templates.cpython-311.pyc
[0.444s] running install_data
[0.445s] copying package.xml -> /Users/professormichel/Documents/GitHub/energy-ros2-cpp-python/install/ament_package/share/ament_package
[0.445s] creating /Users/professormichel/Documents/GitHub/energy-ros2-cpp-python/install/ament_package/share/ament_index/resource_index/packages
[0.445s] copying resource/ament_package -> /Users/professormichel/Documents/GitHub/energy-ros2-cpp-python/install/ament_package/share/ament_index/resource_index/packages
[0.445s] running install_egg_info
[0.449s] Copying ../../build/ament_package/ament_package.egg-info to /Users/professormichel/Documents/GitHub/energy-ros2-cpp-python/install/ament_package/lib/python3.11/site-packages/ament_package-0.17.1-py3.11.egg-info
[0.450s] running install_scripts
[0.470s] writing list of installed files to '/Users/professormichel/Documents/GitHub/energy-ros2-cpp-python/build/ament_package/install.log'
[0.484s] Invoked command in '/Users/professormichel/Documents/GitHub/energy-ros2-cpp-python/src/ament_package' returned '0': PYTHONPATH=/Users/professormichel/Documents/GitHub/energy-ros2-cpp-python/build/ament_package/prefix_override:/Users/professormichel/Documents/GitHub/energy-ros2-cpp-python/.venv/lib/python3.11/site-packages/colcon_core/task/python/colcon_distutils_commands:/Users/professormichel/Documents/GitHub/energy-ros2-cpp-python/install/ament_package/lib/python3.11/site-packages: SHLVL=2 VIRTUAL_ENV_PROMPT=(.venv) _=/usr/bin/env /Users/professormichel/Documents/GitHub/energy-ros2-cpp-python/.venv/bin/python -W ignore:setup.py install is deprecated setup.py egg_info --egg-base ../../build/ament_package build --build-base /Users/professormichel/Documents/GitHub/energy-ros2-cpp-python/build/ament_package/build install --record /Users/professormichel/Documents/GitHub/energy-ros2-cpp-python/build/ament_package/install.log --single-version-externally-managed install_data
