[0.000000] (-) TimerEvent: {}
[0.000145] (-) JobUnselected: {'identifier': 'action_tutorials_cpp'}
[0.000178] (-) JobUnselected: {'identifier': 'action_tutorials_interfaces'}
[0.000223] (-) JobUnselected: {'identifier': 'ament_cmake'}
[0.000253] (-) JobUnselected: {'identifier': 'ament_cmake_auto'}
[0.000290] (-) JobUnselected: {'identifier': 'ament_cmake_core'}
[0.000315] (-) JobUnselected: {'identifier': 'ament_cmake_export_definitions'}
[0.000345] (-) JobUnselected: {'identifier': 'ament_cmake_export_dependencies'}
[0.000381] (-) JobUnselected: {'identifier': 'ament_cmake_export_include_directories'}
[0.000395] (-) JobUnselected: {'identifier': 'ament_cmake_export_interfaces'}
[0.000405] (-) JobUnselected: {'identifier': 'ament_cmake_export_libraries'}
[0.000414] (-) JobUnselected: {'identifier': 'ament_cmake_export_link_flags'}
[0.000422] (-) JobUnselected: {'identifier': 'ament_cmake_export_targets'}
[0.000430] (-) JobUnselected: {'identifier': 'ament_cmake_gen_version_h'}
[0.000438] (-) JobUnselected: {'identifier': 'ament_cmake_gmock'}
[0.000446] (-) JobUnselected: {'identifier': 'ament_cmake_google_benchmark'}
[0.000454] (-) JobUnselected: {'identifier': 'ament_cmake_gtest'}
[0.000462] (-) JobUnselected: {'identifier': 'ament_cmake_include_directories'}
[0.000470] (-) JobUnselected: {'identifier': 'ament_cmake_libraries'}
[0.000478] (-) JobUnselected: {'identifier': 'ament_cmake_pytest'}
[0.000486] (-) JobUnselected: {'identifier': 'ament_cmake_python'}
[0.000494] (-) JobUnselected: {'identifier': 'ament_cmake_target_dependencies'}
[0.000502] (-) JobUnselected: {'identifier': 'ament_cmake_test'}
[0.000510] (-) JobUnselected: {'identifier': 'ament_cmake_vendor_package'}
[0.000518] (-) JobUnselected: {'identifier': 'ament_cmake_version'}
[0.000526] (-) JobUnselected: {'identifier': 'ament_package'}
[0.000534] (-) JobUnselected: {'identifier': 'comp_simple_publisher_subscriber_cpp'}
[0.000541] (-) JobUnselected: {'identifier': 'my_turtlesim'}
[0.000549] (-) JobUnselected: {'identifier': 'my_turtlesim_cpp'}
[0.000557] (-) JobUnselected: {'identifier': 'polygon_base'}
[0.000564] (-) JobUnselected: {'identifier': 'polygon_plugins'}
[0.000572] (-) JobUnselected: {'identifier': 'simple_pub_sub_cpp'}
[0.000579] (-) JobUnselected: {'identifier': 'simple_pub_sub_py'}
[0.000587] (-) JobUnselected: {'identifier': 'simple_publisher_subscriber_cpp'}
[0.000594] (-) JobUnselected: {'identifier': 'simple_publisher_subscriber_py'}
[0.000602] (-) JobUnselected: {'identifier': 'simple_service_client_cpp'}
[0.000609] (-) JobUnselected: {'identifier': 'simple_service_client_py'}
[0.000617] (-) JobUnselected: {'identifier': 'tf2_broadcaster_cpp'}
[0.000624] (-) JobUnselected: {'identifier': 'tf2_broadcaster_py'}
[0.000632] (-) JobUnselected: {'identifier': 'tf2_listener_cpp'}
[0.000639] (-) JobUnselected: {'identifier': 'tf2_listener_py'}
[0.000647] (-) JobUnselected: {'identifier': 'tf2_static_broadcaster_cpp'}
[0.000654] (-) JobUnselected: {'identifier': 'tf2_static_broadcaster_py'}
[0.000662] (-) JobUnselected: {'identifier': 'turtlesim_linear_cpp'}
[0.000669] (-) JobUnselected: {'identifier': 'turtlesim_linear_py'}
[0.000677] (-) EventReactorShutdown: {}
