[0.129s] DEBUG:colcon:Command line arguments: ['/Users/professormichel/Documents/GitHub/energy-ros2-cpp-python/.venv/bin/colcon', 'build', '--packages-select', 'ament_cmake_package']
[0.129s] DEBUG:colcon:Parsed command line arguments: Namespace(log_base=None, log_level=None, verb_name='build', build_base='build', install_base='install', merge_install=False, symlink_install=False, test_result_base=None, continue_on_error=False, executor='parallel', parallel_workers=8, event_handlers=None, ignore_user_meta=False, metas=['./colcon.meta'], base_paths=['.'], packages_ignore=None, packages_ignore_regex=None, paths=None, packages_up_to=None, packages_up_to_regex=None, packages_above=None, packages_above_and_dependencies=None, packages_above_depth=None, packages_select_by_dep=None, packages_skip_by_dep=None, packages_skip_up_to=None, packages_select_build_failed=False, packages_skip_build_finished=False, packages_select_test_failures=False, packages_skip_test_passed=False, packages_select=['ament_cmake_package'], packages_skip=None, packages_select_regex=None, packages_skip_regex=None, packages_start=None, packages_end=None, cmake_args=None, cmake_target=None, cmake_target_skip_unavailable=False, cmake_clean_cache=False, cmake_clean_first=False, cmake_force_configure=False, ament_cmake_args=None, catkin_cmake_args=None, catkin_skip_building_tests=False, verb_parser=<colcon_defaults.argument_parser.defaults.DefaultArgumentsDecorator object at 0x101d12a10>, verb_extension=<colcon_core.verb.build.BuildVerb object at 0x10147b590>, main=<bound method BuildVerb.main of <colcon_core.verb.build.BuildVerb object at 0x10147b590>>)
[0.159s] Level 1:colcon.colcon_core.package_discovery:discover_packages(colcon_meta) check parameters
[0.159s] Level 1:colcon.colcon_core.package_discovery:discover_packages(recursive) check parameters
[0.159s] Level 1:colcon.colcon_core.package_discovery:discover_packages(ignore) check parameters
[0.159s] Level 1:colcon.colcon_core.package_discovery:discover_packages(path) check parameters
[0.159s] Level 1:colcon.colcon_core.package_discovery:discover_packages(colcon_meta) discover
[0.159s] Level 1:colcon.colcon_core.package_discovery:discover_packages(recursive) discover
[0.159s] INFO:colcon.colcon_core.package_discovery:Crawling recursively for packages in '/Users/professormichel/Documents/GitHub/energy-ros2-cpp-python/src'
[0.159s] Level 1:colcon.colcon_core.package_identification:_identify(.) by extensions ['ignore', 'ignore_ament_install']
[0.159s] Level 1:colcon.colcon_core.package_identification:_identify(.) by extension 'ignore'
[0.159s] Level 1:colcon.colcon_core.package_identification:_identify(.) by extension 'ignore_ament_install'
[0.159s] Level 1:colcon.colcon_core.package_identification:_identify(.) by extensions ['colcon_pkg']
[0.159s] Level 1:colcon.colcon_core.package_identification:_identify(.) by extension 'colcon_pkg'
[0.160s] Level 1:colcon.colcon_core.package_identification:_identify(.) by extensions ['colcon_meta']
[0.160s] Level 1:colcon.colcon_core.package_identification:_identify(.) by extension 'colcon_meta'
[0.160s] Level 1:colcon.colcon_core.package_identification:_identify(.) by extensions ['ros']
[0.160s] Level 1:colcon.colcon_core.package_identification:_identify(.) by extension 'ros'
[0.179s] Level 1:colcon.colcon_core.package_identification:_identify(.) by extensions ['cmake', 'python']
[0.179s] Level 1:colcon.colcon_core.package_identification:_identify(.) by extension 'cmake'
[0.179s] Level 1:colcon.colcon_core.package_identification:_identify(.) by extension 'python'
[0.179s] Level 1:colcon.colcon_core.package_identification:_identify(.) by extensions ['python_setup_py']
[0.179s] Level 1:colcon.colcon_core.package_identification:_identify(.) by extension 'python_setup_py'
[0.179s] Level 1:colcon.colcon_core.package_identification:_identify(action_tutorials_cpp) by extensions ['ignore', 'ignore_ament_install']
[0.179s] Level 1:colcon.colcon_core.package_identification:_identify(action_tutorials_cpp) by extension 'ignore'
[0.179s] Level 1:colcon.colcon_core.package_identification:_identify(action_tutorials_cpp) by extension 'ignore_ament_install'
[0.179s] Level 1:colcon.colcon_core.package_identification:_identify(action_tutorials_cpp) by extensions ['colcon_pkg']
[0.179s] Level 1:colcon.colcon_core.package_identification:_identify(action_tutorials_cpp) by extension 'colcon_pkg'
[0.179s] Level 1:colcon.colcon_core.package_identification:_identify(action_tutorials_cpp) by extensions ['colcon_meta']
[0.179s] Level 1:colcon.colcon_core.package_identification:_identify(action_tutorials_cpp) by extension 'colcon_meta'
[0.179s] Level 1:colcon.colcon_core.package_identification:_identify(action_tutorials_cpp) by extensions ['ros']
[0.179s] Level 1:colcon.colcon_core.package_identification:_identify(action_tutorials_cpp) by extension 'ros'
[0.181s] DEBUG:colcon.colcon_core.package_identification:Package 'action_tutorials_cpp' with type 'ros.ament_cmake' and name 'action_tutorials_cpp'
[0.181s] Level 1:colcon.colcon_core.package_identification:_identify(action_tutorials_interfaces) by extensions ['ignore', 'ignore_ament_install']
[0.181s] Level 1:colcon.colcon_core.package_identification:_identify(action_tutorials_interfaces) by extension 'ignore'
[0.181s] Level 1:colcon.colcon_core.package_identification:_identify(action_tutorials_interfaces) by extension 'ignore_ament_install'
[0.181s] Level 1:colcon.colcon_core.package_identification:_identify(action_tutorials_interfaces) by extensions ['colcon_pkg']
[0.181s] Level 1:colcon.colcon_core.package_identification:_identify(action_tutorials_interfaces) by extension 'colcon_pkg'
[0.181s] Level 1:colcon.colcon_core.package_identification:_identify(action_tutorials_interfaces) by extensions ['colcon_meta']
[0.181s] Level 1:colcon.colcon_core.package_identification:_identify(action_tutorials_interfaces) by extension 'colcon_meta'
[0.181s] Level 1:colcon.colcon_core.package_identification:_identify(action_tutorials_interfaces) by extensions ['ros']
[0.181s] Level 1:colcon.colcon_core.package_identification:_identify(action_tutorials_interfaces) by extension 'ros'
[0.182s] DEBUG:colcon.colcon_core.package_identification:Package 'action_tutorials_interfaces' with type 'ros.ament_cmake' and name 'action_tutorials_interfaces'
[0.182s] Level 1:colcon.colcon_core.package_identification:_identify(action_tutorials_py) by extensions ['ignore', 'ignore_ament_install']
[0.182s] Level 1:colcon.colcon_core.package_identification:_identify(action_tutorials_py) by extension 'ignore'
[0.182s] Level 1:colcon.colcon_core.package_identification:_identify(action_tutorials_py) by extension 'ignore_ament_install'
[0.182s] Level 1:colcon.colcon_core.package_identification:_identify(action_tutorials_py) by extensions ['colcon_pkg']
[0.182s] Level 1:colcon.colcon_core.package_identification:_identify(action_tutorials_py) by extension 'colcon_pkg'
[0.182s] Level 1:colcon.colcon_core.package_identification:_identify(action_tutorials_py) by extensions ['colcon_meta']
[0.182s] Level 1:colcon.colcon_core.package_identification:_identify(action_tutorials_py) by extension 'colcon_meta'
[0.182s] Level 1:colcon.colcon_core.package_identification:_identify(action_tutorials_py) by extensions ['ros']
[0.182s] Level 1:colcon.colcon_core.package_identification:_identify(action_tutorials_py) by extension 'ros'
[0.182s] Level 1:colcon.colcon_core.package_identification:_identify(action_tutorials_py) by extensions ['cmake', 'python']
[0.182s] Level 1:colcon.colcon_core.package_identification:_identify(action_tutorials_py) by extension 'cmake'
[0.182s] Level 1:colcon.colcon_core.package_identification:_identify(action_tutorials_py) by extension 'python'
[0.182s] Level 1:colcon.colcon_core.package_identification:_identify(action_tutorials_py) by extensions ['python_setup_py']
[0.182s] Level 1:colcon.colcon_core.package_identification:_identify(action_tutorials_py) by extension 'python_setup_py'
[0.182s] Level 1:colcon.colcon_core.package_identification:_identify(ament_cmake) by extensions ['ignore', 'ignore_ament_install']
[0.182s] Level 1:colcon.colcon_core.package_identification:_identify(ament_cmake) by extension 'ignore'
[0.182s] Level 1:colcon.colcon_core.package_identification:_identify(ament_cmake) by extension 'ignore_ament_install'
[0.182s] Level 1:colcon.colcon_core.package_identification:_identify(ament_cmake) by extensions ['colcon_pkg']
[0.182s] Level 1:colcon.colcon_core.package_identification:_identify(ament_cmake) by extension 'colcon_pkg'
[0.182s] Level 1:colcon.colcon_core.package_identification:_identify(ament_cmake) by extensions ['colcon_meta']
[0.182s] Level 1:colcon.colcon_core.package_identification:_identify(ament_cmake) by extension 'colcon_meta'
[0.182s] Level 1:colcon.colcon_core.package_identification:_identify(ament_cmake) by extensions ['ros']
[0.182s] Level 1:colcon.colcon_core.package_identification:_identify(ament_cmake) by extension 'ros'
[0.182s] Level 1:colcon.colcon_core.package_identification:_identify(ament_cmake) by extensions ['cmake', 'python']
[0.182s] Level 1:colcon.colcon_core.package_identification:_identify(ament_cmake) by extension 'cmake'
[0.182s] Level 1:colcon.colcon_core.package_identification:_identify(ament_cmake) by extension 'python'
[0.182s] Level 1:colcon.colcon_core.package_identification:_identify(ament_cmake) by extensions ['python_setup_py']
[0.182s] Level 1:colcon.colcon_core.package_identification:_identify(ament_cmake) by extension 'python_setup_py'
[0.182s] Level 1:colcon.colcon_core.package_identification:_identify(ament_cmake/ament_cmake) by extensions ['ignore', 'ignore_ament_install']
[0.182s] Level 1:colcon.colcon_core.package_identification:_identify(ament_cmake/ament_cmake) by extension 'ignore'
[0.182s] Level 1:colcon.colcon_core.package_identification:_identify(ament_cmake/ament_cmake) by extension 'ignore_ament_install'
[0.182s] Level 1:colcon.colcon_core.package_identification:_identify(ament_cmake/ament_cmake) by extensions ['colcon_pkg']
[0.182s] Level 1:colcon.colcon_core.package_identification:_identify(ament_cmake/ament_cmake) by extension 'colcon_pkg'
[0.182s] Level 1:colcon.colcon_core.package_identification:_identify(ament_cmake/ament_cmake) by extensions ['colcon_meta']
[0.182s] Level 1:colcon.colcon_core.package_identification:_identify(ament_cmake/ament_cmake) by extension 'colcon_meta'
[0.182s] Level 1:colcon.colcon_core.package_identification:_identify(ament_cmake/ament_cmake) by extensions ['ros']
[0.182s] Level 1:colcon.colcon_core.package_identification:_identify(ament_cmake/ament_cmake) by extension 'ros'
[0.183s] DEBUG:colcon.colcon_core.package_identification:Package 'ament_cmake/ament_cmake' with type 'ros.ament_cmake' and name 'ament_cmake'
[0.183s] Level 1:colcon.colcon_core.package_identification:_identify(ament_cmake/ament_cmake_auto) by extensions ['ignore', 'ignore_ament_install']
[0.183s] Level 1:colcon.colcon_core.package_identification:_identify(ament_cmake/ament_cmake_auto) by extension 'ignore'
[0.183s] Level 1:colcon.colcon_core.package_identification:_identify(ament_cmake/ament_cmake_auto) by extension 'ignore_ament_install'
[0.183s] Level 1:colcon.colcon_core.package_identification:_identify(ament_cmake/ament_cmake_auto) by extensions ['colcon_pkg']
[0.183s] Level 1:colcon.colcon_core.package_identification:_identify(ament_cmake/ament_cmake_auto) by extension 'colcon_pkg'
[0.183s] Level 1:colcon.colcon_core.package_identification:_identify(ament_cmake/ament_cmake_auto) by extensions ['colcon_meta']
[0.183s] Level 1:colcon.colcon_core.package_identification:_identify(ament_cmake/ament_cmake_auto) by extension 'colcon_meta'
[0.183s] Level 1:colcon.colcon_core.package_identification:_identify(ament_cmake/ament_cmake_auto) by extensions ['ros']
[0.183s] Level 1:colcon.colcon_core.package_identification:_identify(ament_cmake/ament_cmake_auto) by extension 'ros'
[0.183s] DEBUG:colcon.colcon_core.package_identification:Package 'ament_cmake/ament_cmake_auto' with type 'ros.ament_cmake' and name 'ament_cmake_auto'
[0.183s] Level 1:colcon.colcon_core.package_identification:_identify(ament_cmake/ament_cmake_core) by extensions ['ignore', 'ignore_ament_install']
[0.183s] Level 1:colcon.colcon_core.package_identification:_identify(ament_cmake/ament_cmake_core) by extension 'ignore'
[0.183s] Level 1:colcon.colcon_core.package_identification:_identify(ament_cmake/ament_cmake_core) by extension 'ignore_ament_install'
[0.183s] Level 1:colcon.colcon_core.package_identification:_identify(ament_cmake/ament_cmake_core) by extensions ['colcon_pkg']
[0.183s] Level 1:colcon.colcon_core.package_identification:_identify(ament_cmake/ament_cmake_core) by extension 'colcon_pkg'
[0.183s] Level 1:colcon.colcon_core.package_identification:_identify(ament_cmake/ament_cmake_core) by extensions ['colcon_meta']
[0.183s] Level 1:colcon.colcon_core.package_identification:_identify(ament_cmake/ament_cmake_core) by extension 'colcon_meta'
[0.183s] Level 1:colcon.colcon_core.package_identification:_identify(ament_cmake/ament_cmake_core) by extensions ['ros']
[0.184s] Level 1:colcon.colcon_core.package_identification:_identify(ament_cmake/ament_cmake_core) by extension 'ros'
[0.184s] DEBUG:colcon.colcon_core.package_identification:Package 'ament_cmake/ament_cmake_core' with type 'ros.ament_cmake' and name 'ament_cmake_core'
[0.184s] Level 1:colcon.colcon_core.package_identification:_identify(ament_cmake/ament_cmake_export_definitions) by extensions ['ignore', 'ignore_ament_install']
[0.184s] Level 1:colcon.colcon_core.package_identification:_identify(ament_cmake/ament_cmake_export_definitions) by extension 'ignore'
[0.184s] Level 1:colcon.colcon_core.package_identification:_identify(ament_cmake/ament_cmake_export_definitions) by extension 'ignore_ament_install'
[0.184s] Level 1:colcon.colcon_core.package_identification:_identify(ament_cmake/ament_cmake_export_definitions) by extensions ['colcon_pkg']
[0.184s] Level 1:colcon.colcon_core.package_identification:_identify(ament_cmake/ament_cmake_export_definitions) by extension 'colcon_pkg'
[0.184s] Level 1:colcon.colcon_core.package_identification:_identify(ament_cmake/ament_cmake_export_definitions) by extensions ['colcon_meta']
[0.184s] Level 1:colcon.colcon_core.package_identification:_identify(ament_cmake/ament_cmake_export_definitions) by extension 'colcon_meta'
[0.184s] Level 1:colcon.colcon_core.package_identification:_identify(ament_cmake/ament_cmake_export_definitions) by extensions ['ros']
[0.184s] Level 1:colcon.colcon_core.package_identification:_identify(ament_cmake/ament_cmake_export_definitions) by extension 'ros'
[0.184s] DEBUG:colcon.colcon_core.package_identification:Package 'ament_cmake/ament_cmake_export_definitions' with type 'ros.ament_cmake' and name 'ament_cmake_export_definitions'
[0.184s] Level 1:colcon.colcon_core.package_identification:_identify(ament_cmake/ament_cmake_export_dependencies) by extensions ['ignore', 'ignore_ament_install']
[0.184s] Level 1:colcon.colcon_core.package_identification:_identify(ament_cmake/ament_cmake_export_dependencies) by extension 'ignore'
[0.184s] Level 1:colcon.colcon_core.package_identification:_identify(ament_cmake/ament_cmake_export_dependencies) by extension 'ignore_ament_install'
[0.184s] Level 1:colcon.colcon_core.package_identification:_identify(ament_cmake/ament_cmake_export_dependencies) by extensions ['colcon_pkg']
[0.184s] Level 1:colcon.colcon_core.package_identification:_identify(ament_cmake/ament_cmake_export_dependencies) by extension 'colcon_pkg'
[0.184s] Level 1:colcon.colcon_core.package_identification:_identify(ament_cmake/ament_cmake_export_dependencies) by extensions ['colcon_meta']
[0.184s] Level 1:colcon.colcon_core.package_identification:_identify(ament_cmake/ament_cmake_export_dependencies) by extension 'colcon_meta'
[0.184s] Level 1:colcon.colcon_core.package_identification:_identify(ament_cmake/ament_cmake_export_dependencies) by extensions ['ros']
[0.184s] Level 1:colcon.colcon_core.package_identification:_identify(ament_cmake/ament_cmake_export_dependencies) by extension 'ros'
[0.185s] DEBUG:colcon.colcon_core.package_identification:Package 'ament_cmake/ament_cmake_export_dependencies' with type 'ros.ament_cmake' and name 'ament_cmake_export_dependencies'
[0.185s] Level 1:colcon.colcon_core.package_identification:_identify(ament_cmake/ament_cmake_export_include_directories) by extensions ['ignore', 'ignore_ament_install']
[0.185s] Level 1:colcon.colcon_core.package_identification:_identify(ament_cmake/ament_cmake_export_include_directories) by extension 'ignore'
[0.185s] Level 1:colcon.colcon_core.package_identification:_identify(ament_cmake/ament_cmake_export_include_directories) by extension 'ignore_ament_install'
[0.185s] Level 1:colcon.colcon_core.package_identification:_identify(ament_cmake/ament_cmake_export_include_directories) by extensions ['colcon_pkg']
[0.185s] Level 1:colcon.colcon_core.package_identification:_identify(ament_cmake/ament_cmake_export_include_directories) by extension 'colcon_pkg'
[0.185s] Level 1:colcon.colcon_core.package_identification:_identify(ament_cmake/ament_cmake_export_include_directories) by extensions ['colcon_meta']
[0.185s] Level 1:colcon.colcon_core.package_identification:_identify(ament_cmake/ament_cmake_export_include_directories) by extension 'colcon_meta'
[0.185s] Level 1:colcon.colcon_core.package_identification:_identify(ament_cmake/ament_cmake_export_include_directories) by extensions ['ros']
[0.185s] Level 1:colcon.colcon_core.package_identification:_identify(ament_cmake/ament_cmake_export_include_directories) by extension 'ros'
[0.185s] DEBUG:colcon.colcon_core.package_identification:Package 'ament_cmake/ament_cmake_export_include_directories' with type 'ros.ament_cmake' and name 'ament_cmake_export_include_directories'
[0.185s] Level 1:colcon.colcon_core.package_identification:_identify(ament_cmake/ament_cmake_export_interfaces) by extensions ['ignore', 'ignore_ament_install']
[0.185s] Level 1:colcon.colcon_core.package_identification:_identify(ament_cmake/ament_cmake_export_interfaces) by extension 'ignore'
[0.185s] Level 1:colcon.colcon_core.package_identification:_identify(ament_cmake/ament_cmake_export_interfaces) by extension 'ignore_ament_install'
[0.185s] Level 1:colcon.colcon_core.package_identification:_identify(ament_cmake/ament_cmake_export_interfaces) by extensions ['colcon_pkg']
[0.185s] Level 1:colcon.colcon_core.package_identification:_identify(ament_cmake/ament_cmake_export_interfaces) by extension 'colcon_pkg'
[0.185s] Level 1:colcon.colcon_core.package_identification:_identify(ament_cmake/ament_cmake_export_interfaces) by extensions ['colcon_meta']
[0.185s] Level 1:colcon.colcon_core.package_identification:_identify(ament_cmake/ament_cmake_export_interfaces) by extension 'colcon_meta'
[0.185s] Level 1:colcon.colcon_core.package_identification:_identify(ament_cmake/ament_cmake_export_interfaces) by extensions ['ros']
[0.185s] Level 1:colcon.colcon_core.package_identification:_identify(ament_cmake/ament_cmake_export_interfaces) by extension 'ros'
[0.186s] DEBUG:colcon.colcon_core.package_identification:Package 'ament_cmake/ament_cmake_export_interfaces' with type 'ros.ament_cmake' and name 'ament_cmake_export_interfaces'
[0.186s] Level 1:colcon.colcon_core.package_identification:_identify(ament_cmake/ament_cmake_export_libraries) by extensions ['ignore', 'ignore_ament_install']
[0.186s] Level 1:colcon.colcon_core.package_identification:_identify(ament_cmake/ament_cmake_export_libraries) by extension 'ignore'
[0.186s] Level 1:colcon.colcon_core.package_identification:_identify(ament_cmake/ament_cmake_export_libraries) by extension 'ignore_ament_install'
[0.186s] Level 1:colcon.colcon_core.package_identification:_identify(ament_cmake/ament_cmake_export_libraries) by extensions ['colcon_pkg']
[0.186s] Level 1:colcon.colcon_core.package_identification:_identify(ament_cmake/ament_cmake_export_libraries) by extension 'colcon_pkg'
[0.186s] Level 1:colcon.colcon_core.package_identification:_identify(ament_cmake/ament_cmake_export_libraries) by extensions ['colcon_meta']
[0.186s] Level 1:colcon.colcon_core.package_identification:_identify(ament_cmake/ament_cmake_export_libraries) by extension 'colcon_meta'
[0.186s] Level 1:colcon.colcon_core.package_identification:_identify(ament_cmake/ament_cmake_export_libraries) by extensions ['ros']
[0.186s] Level 1:colcon.colcon_core.package_identification:_identify(ament_cmake/ament_cmake_export_libraries) by extension 'ros'
[0.186s] DEBUG:colcon.colcon_core.package_identification:Package 'ament_cmake/ament_cmake_export_libraries' with type 'ros.ament_cmake' and name 'ament_cmake_export_libraries'
[0.186s] Level 1:colcon.colcon_core.package_identification:_identify(ament_cmake/ament_cmake_export_link_flags) by extensions ['ignore', 'ignore_ament_install']
[0.186s] Level 1:colcon.colcon_core.package_identification:_identify(ament_cmake/ament_cmake_export_link_flags) by extension 'ignore'
[0.186s] Level 1:colcon.colcon_core.package_identification:_identify(ament_cmake/ament_cmake_export_link_flags) by extension 'ignore_ament_install'
[0.186s] Level 1:colcon.colcon_core.package_identification:_identify(ament_cmake/ament_cmake_export_link_flags) by extensions ['colcon_pkg']
[0.186s] Level 1:colcon.colcon_core.package_identification:_identify(ament_cmake/ament_cmake_export_link_flags) by extension 'colcon_pkg'
[0.186s] Level 1:colcon.colcon_core.package_identification:_identify(ament_cmake/ament_cmake_export_link_flags) by extensions ['colcon_meta']
[0.186s] Level 1:colcon.colcon_core.package_identification:_identify(ament_cmake/ament_cmake_export_link_flags) by extension 'colcon_meta'
[0.186s] Level 1:colcon.colcon_core.package_identification:_identify(ament_cmake/ament_cmake_export_link_flags) by extensions ['ros']
[0.186s] Level 1:colcon.colcon_core.package_identification:_identify(ament_cmake/ament_cmake_export_link_flags) by extension 'ros'
[0.186s] DEBUG:colcon.colcon_core.package_identification:Package 'ament_cmake/ament_cmake_export_link_flags' with type 'ros.ament_cmake' and name 'ament_cmake_export_link_flags'
[0.186s] Level 1:colcon.colcon_core.package_identification:_identify(ament_cmake/ament_cmake_export_targets) by extensions ['ignore', 'ignore_ament_install']
[0.187s] Level 1:colcon.colcon_core.package_identification:_identify(ament_cmake/ament_cmake_export_targets) by extension 'ignore'
[0.187s] Level 1:colcon.colcon_core.package_identification:_identify(ament_cmake/ament_cmake_export_targets) by extension 'ignore_ament_install'
[0.187s] Level 1:colcon.colcon_core.package_identification:_identify(ament_cmake/ament_cmake_export_targets) by extensions ['colcon_pkg']
[0.187s] Level 1:colcon.colcon_core.package_identification:_identify(ament_cmake/ament_cmake_export_targets) by extension 'colcon_pkg'
[0.187s] Level 1:colcon.colcon_core.package_identification:_identify(ament_cmake/ament_cmake_export_targets) by extensions ['colcon_meta']
[0.187s] Level 1:colcon.colcon_core.package_identification:_identify(ament_cmake/ament_cmake_export_targets) by extension 'colcon_meta'
[0.187s] Level 1:colcon.colcon_core.package_identification:_identify(ament_cmake/ament_cmake_export_targets) by extensions ['ros']
[0.187s] Level 1:colcon.colcon_core.package_identification:_identify(ament_cmake/ament_cmake_export_targets) by extension 'ros'
[0.187s] DEBUG:colcon.colcon_core.package_identification:Package 'ament_cmake/ament_cmake_export_targets' with type 'ros.ament_cmake' and name 'ament_cmake_export_targets'
[0.187s] Level 1:colcon.colcon_core.package_identification:_identify(ament_cmake/ament_cmake_gen_version_h) by extensions ['ignore', 'ignore_ament_install']
[0.187s] Level 1:colcon.colcon_core.package_identification:_identify(ament_cmake/ament_cmake_gen_version_h) by extension 'ignore'
[0.187s] Level 1:colcon.colcon_core.package_identification:_identify(ament_cmake/ament_cmake_gen_version_h) by extension 'ignore_ament_install'
[0.187s] Level 1:colcon.colcon_core.package_identification:_identify(ament_cmake/ament_cmake_gen_version_h) by extensions ['colcon_pkg']
[0.187s] Level 1:colcon.colcon_core.package_identification:_identify(ament_cmake/ament_cmake_gen_version_h) by extension 'colcon_pkg'
[0.187s] Level 1:colcon.colcon_core.package_identification:_identify(ament_cmake/ament_cmake_gen_version_h) by extensions ['colcon_meta']
[0.187s] Level 1:colcon.colcon_core.package_identification:_identify(ament_cmake/ament_cmake_gen_version_h) by extension 'colcon_meta'
[0.187s] Level 1:colcon.colcon_core.package_identification:_identify(ament_cmake/ament_cmake_gen_version_h) by extensions ['ros']
[0.187s] Level 1:colcon.colcon_core.package_identification:_identify(ament_cmake/ament_cmake_gen_version_h) by extension 'ros'
[0.187s] DEBUG:colcon.colcon_core.package_identification:Package 'ament_cmake/ament_cmake_gen_version_h' with type 'ros.ament_cmake' and name 'ament_cmake_gen_version_h'
[0.187s] Level 1:colcon.colcon_core.package_identification:_identify(ament_cmake/ament_cmake_gmock) by extensions ['ignore', 'ignore_ament_install']
[0.187s] Level 1:colcon.colcon_core.package_identification:_identify(ament_cmake/ament_cmake_gmock) by extension 'ignore'
[0.187s] Level 1:colcon.colcon_core.package_identification:_identify(ament_cmake/ament_cmake_gmock) by extension 'ignore_ament_install'
[0.187s] Level 1:colcon.colcon_core.package_identification:_identify(ament_cmake/ament_cmake_gmock) by extensions ['colcon_pkg']
[0.187s] Level 1:colcon.colcon_core.package_identification:_identify(ament_cmake/ament_cmake_gmock) by extension 'colcon_pkg'
[0.188s] Level 1:colcon.colcon_core.package_identification:_identify(ament_cmake/ament_cmake_gmock) by extensions ['colcon_meta']
[0.188s] Level 1:colcon.colcon_core.package_identification:_identify(ament_cmake/ament_cmake_gmock) by extension 'colcon_meta'
[0.188s] Level 1:colcon.colcon_core.package_identification:_identify(ament_cmake/ament_cmake_gmock) by extensions ['ros']
[0.188s] Level 1:colcon.colcon_core.package_identification:_identify(ament_cmake/ament_cmake_gmock) by extension 'ros'
[0.188s] DEBUG:colcon.colcon_core.package_identification:Package 'ament_cmake/ament_cmake_gmock' with type 'ros.ament_cmake' and name 'ament_cmake_gmock'
[0.188s] Level 1:colcon.colcon_core.package_identification:_identify(ament_cmake/ament_cmake_google_benchmark) by extensions ['ignore', 'ignore_ament_install']
[0.188s] Level 1:colcon.colcon_core.package_identification:_identify(ament_cmake/ament_cmake_google_benchmark) by extension 'ignore'
[0.188s] Level 1:colcon.colcon_core.package_identification:_identify(ament_cmake/ament_cmake_google_benchmark) by extension 'ignore_ament_install'
[0.188s] Level 1:colcon.colcon_core.package_identification:_identify(ament_cmake/ament_cmake_google_benchmark) by extensions ['colcon_pkg']
[0.188s] Level 1:colcon.colcon_core.package_identification:_identify(ament_cmake/ament_cmake_google_benchmark) by extension 'colcon_pkg'
[0.188s] Level 1:colcon.colcon_core.package_identification:_identify(ament_cmake/ament_cmake_google_benchmark) by extensions ['colcon_meta']
[0.188s] Level 1:colcon.colcon_core.package_identification:_identify(ament_cmake/ament_cmake_google_benchmark) by extension 'colcon_meta'
[0.188s] Level 1:colcon.colcon_core.package_identification:_identify(ament_cmake/ament_cmake_google_benchmark) by extensions ['ros']
[0.188s] Level 1:colcon.colcon_core.package_identification:_identify(ament_cmake/ament_cmake_google_benchmark) by extension 'ros'
[0.188s] DEBUG:colcon.colcon_core.package_identification:Package 'ament_cmake/ament_cmake_google_benchmark' with type 'ros.ament_cmake' and name 'ament_cmake_google_benchmark'
[0.188s] Level 1:colcon.colcon_core.package_identification:_identify(ament_cmake/ament_cmake_gtest) by extensions ['ignore', 'ignore_ament_install']
[0.188s] Level 1:colcon.colcon_core.package_identification:_identify(ament_cmake/ament_cmake_gtest) by extension 'ignore'
[0.188s] Level 1:colcon.colcon_core.package_identification:_identify(ament_cmake/ament_cmake_gtest) by extension 'ignore_ament_install'
[0.188s] Level 1:colcon.colcon_core.package_identification:_identify(ament_cmake/ament_cmake_gtest) by extensions ['colcon_pkg']
[0.188s] Level 1:colcon.colcon_core.package_identification:_identify(ament_cmake/ament_cmake_gtest) by extension 'colcon_pkg'
[0.188s] Level 1:colcon.colcon_core.package_identification:_identify(ament_cmake/ament_cmake_gtest) by extensions ['colcon_meta']
[0.188s] Level 1:colcon.colcon_core.package_identification:_identify(ament_cmake/ament_cmake_gtest) by extension 'colcon_meta'
[0.188s] Level 1:colcon.colcon_core.package_identification:_identify(ament_cmake/ament_cmake_gtest) by extensions ['ros']
[0.188s] Level 1:colcon.colcon_core.package_identification:_identify(ament_cmake/ament_cmake_gtest) by extension 'ros'
[0.189s] DEBUG:colcon.colcon_core.package_identification:Package 'ament_cmake/ament_cmake_gtest' with type 'ros.ament_cmake' and name 'ament_cmake_gtest'
[0.189s] Level 1:colcon.colcon_core.package_identification:_identify(ament_cmake/ament_cmake_include_directories) by extensions ['ignore', 'ignore_ament_install']
[0.189s] Level 1:colcon.colcon_core.package_identification:_identify(ament_cmake/ament_cmake_include_directories) by extension 'ignore'
[0.189s] Level 1:colcon.colcon_core.package_identification:_identify(ament_cmake/ament_cmake_include_directories) by extension 'ignore_ament_install'
[0.189s] Level 1:colcon.colcon_core.package_identification:_identify(ament_cmake/ament_cmake_include_directories) by extensions ['colcon_pkg']
[0.189s] Level 1:colcon.colcon_core.package_identification:_identify(ament_cmake/ament_cmake_include_directories) by extension 'colcon_pkg'
[0.189s] Level 1:colcon.colcon_core.package_identification:_identify(ament_cmake/ament_cmake_include_directories) by extensions ['colcon_meta']
[0.189s] Level 1:colcon.colcon_core.package_identification:_identify(ament_cmake/ament_cmake_include_directories) by extension 'colcon_meta'
[0.189s] Level 1:colcon.colcon_core.package_identification:_identify(ament_cmake/ament_cmake_include_directories) by extensions ['ros']
[0.189s] Level 1:colcon.colcon_core.package_identification:_identify(ament_cmake/ament_cmake_include_directories) by extension 'ros'
[0.189s] DEBUG:colcon.colcon_core.package_identification:Package 'ament_cmake/ament_cmake_include_directories' with type 'ros.ament_cmake' and name 'ament_cmake_include_directories'
[0.189s] Level 1:colcon.colcon_core.package_identification:_identify(ament_cmake/ament_cmake_libraries) by extensions ['ignore', 'ignore_ament_install']
[0.189s] Level 1:colcon.colcon_core.package_identification:_identify(ament_cmake/ament_cmake_libraries) by extension 'ignore'
[0.189s] Level 1:colcon.colcon_core.package_identification:_identify(ament_cmake/ament_cmake_libraries) by extension 'ignore_ament_install'
[0.189s] Level 1:colcon.colcon_core.package_identification:_identify(ament_cmake/ament_cmake_libraries) by extensions ['colcon_pkg']
[0.189s] Level 1:colcon.colcon_core.package_identification:_identify(ament_cmake/ament_cmake_libraries) by extension 'colcon_pkg'
[0.189s] Level 1:colcon.colcon_core.package_identification:_identify(ament_cmake/ament_cmake_libraries) by extensions ['colcon_meta']
[0.189s] Level 1:colcon.colcon_core.package_identification:_identify(ament_cmake/ament_cmake_libraries) by extension 'colcon_meta'
[0.189s] Level 1:colcon.colcon_core.package_identification:_identify(ament_cmake/ament_cmake_libraries) by extensions ['ros']
[0.189s] Level 1:colcon.colcon_core.package_identification:_identify(ament_cmake/ament_cmake_libraries) by extension 'ros'
[0.189s] DEBUG:colcon.colcon_core.package_identification:Package 'ament_cmake/ament_cmake_libraries' with type 'ros.ament_cmake' and name 'ament_cmake_libraries'
[0.190s] Level 1:colcon.colcon_core.package_identification:_identify(ament_cmake/ament_cmake_pytest) by extensions ['ignore', 'ignore_ament_install']
[0.190s] Level 1:colcon.colcon_core.package_identification:_identify(ament_cmake/ament_cmake_pytest) by extension 'ignore'
[0.190s] Level 1:colcon.colcon_core.package_identification:_identify(ament_cmake/ament_cmake_pytest) by extension 'ignore_ament_install'
[0.190s] Level 1:colcon.colcon_core.package_identification:_identify(ament_cmake/ament_cmake_pytest) by extensions ['colcon_pkg']
[0.190s] Level 1:colcon.colcon_core.package_identification:_identify(ament_cmake/ament_cmake_pytest) by extension 'colcon_pkg'
[0.190s] Level 1:colcon.colcon_core.package_identification:_identify(ament_cmake/ament_cmake_pytest) by extensions ['colcon_meta']
[0.190s] Level 1:colcon.colcon_core.package_identification:_identify(ament_cmake/ament_cmake_pytest) by extension 'colcon_meta'
[0.190s] Level 1:colcon.colcon_core.package_identification:_identify(ament_cmake/ament_cmake_pytest) by extensions ['ros']
[0.190s] Level 1:colcon.colcon_core.package_identification:_identify(ament_cmake/ament_cmake_pytest) by extension 'ros'
[0.190s] DEBUG:colcon.colcon_core.package_identification:Package 'ament_cmake/ament_cmake_pytest' with type 'ros.ament_cmake' and name 'ament_cmake_pytest'
[0.190s] Level 1:colcon.colcon_core.package_identification:_identify(ament_cmake/ament_cmake_python) by extensions ['ignore', 'ignore_ament_install']
[0.190s] Level 1:colcon.colcon_core.package_identification:_identify(ament_cmake/ament_cmake_python) by extension 'ignore'
[0.190s] Level 1:colcon.colcon_core.package_identification:_identify(ament_cmake/ament_cmake_python) by extension 'ignore_ament_install'
[0.190s] Level 1:colcon.colcon_core.package_identification:_identify(ament_cmake/ament_cmake_python) by extensions ['colcon_pkg']
[0.190s] Level 1:colcon.colcon_core.package_identification:_identify(ament_cmake/ament_cmake_python) by extension 'colcon_pkg'
[0.190s] Level 1:colcon.colcon_core.package_identification:_identify(ament_cmake/ament_cmake_python) by extensions ['colcon_meta']
[0.190s] Level 1:colcon.colcon_core.package_identification:_identify(ament_cmake/ament_cmake_python) by extension 'colcon_meta'
[0.190s] Level 1:colcon.colcon_core.package_identification:_identify(ament_cmake/ament_cmake_python) by extensions ['ros']
[0.190s] Level 1:colcon.colcon_core.package_identification:_identify(ament_cmake/ament_cmake_python) by extension 'ros'
[0.190s] DEBUG:colcon.colcon_core.package_identification:Package 'ament_cmake/ament_cmake_python' with type 'ros.ament_cmake' and name 'ament_cmake_python'
[0.190s] Level 1:colcon.colcon_core.package_identification:_identify(ament_cmake/ament_cmake_target_dependencies) by extensions ['ignore', 'ignore_ament_install']
[0.190s] Level 1:colcon.colcon_core.package_identification:_identify(ament_cmake/ament_cmake_target_dependencies) by extension 'ignore'
[0.190s] Level 1:colcon.colcon_core.package_identification:_identify(ament_cmake/ament_cmake_target_dependencies) by extension 'ignore_ament_install'
[0.190s] Level 1:colcon.colcon_core.package_identification:_identify(ament_cmake/ament_cmake_target_dependencies) by extensions ['colcon_pkg']
[0.190s] Level 1:colcon.colcon_core.package_identification:_identify(ament_cmake/ament_cmake_target_dependencies) by extension 'colcon_pkg'
[0.190s] Level 1:colcon.colcon_core.package_identification:_identify(ament_cmake/ament_cmake_target_dependencies) by extensions ['colcon_meta']
[0.190s] Level 1:colcon.colcon_core.package_identification:_identify(ament_cmake/ament_cmake_target_dependencies) by extension 'colcon_meta'
[0.191s] Level 1:colcon.colcon_core.package_identification:_identify(ament_cmake/ament_cmake_target_dependencies) by extensions ['ros']
[0.191s] Level 1:colcon.colcon_core.package_identification:_identify(ament_cmake/ament_cmake_target_dependencies) by extension 'ros'
[0.191s] DEBUG:colcon.colcon_core.package_identification:Package 'ament_cmake/ament_cmake_target_dependencies' with type 'ros.ament_cmake' and name 'ament_cmake_target_dependencies'
[0.191s] Level 1:colcon.colcon_core.package_identification:_identify(ament_cmake/ament_cmake_test) by extensions ['ignore', 'ignore_ament_install']
[0.191s] Level 1:colcon.colcon_core.package_identification:_identify(ament_cmake/ament_cmake_test) by extension 'ignore'
[0.191s] Level 1:colcon.colcon_core.package_identification:_identify(ament_cmake/ament_cmake_test) by extension 'ignore_ament_install'
[0.191s] Level 1:colcon.colcon_core.package_identification:_identify(ament_cmake/ament_cmake_test) by extensions ['colcon_pkg']
[0.191s] Level 1:colcon.colcon_core.package_identification:_identify(ament_cmake/ament_cmake_test) by extension 'colcon_pkg'
[0.191s] Level 1:colcon.colcon_core.package_identification:_identify(ament_cmake/ament_cmake_test) by extensions ['colcon_meta']
[0.191s] Level 1:colcon.colcon_core.package_identification:_identify(ament_cmake/ament_cmake_test) by extension 'colcon_meta'
[0.191s] Level 1:colcon.colcon_core.package_identification:_identify(ament_cmake/ament_cmake_test) by extensions ['ros']
[0.191s] Level 1:colcon.colcon_core.package_identification:_identify(ament_cmake/ament_cmake_test) by extension 'ros'
[0.191s] DEBUG:colcon.colcon_core.package_identification:Package 'ament_cmake/ament_cmake_test' with type 'ros.ament_cmake' and name 'ament_cmake_test'
[0.191s] Level 1:colcon.colcon_core.package_identification:_identify(ament_cmake/ament_cmake_vendor_package) by extensions ['ignore', 'ignore_ament_install']
[0.191s] Level 1:colcon.colcon_core.package_identification:_identify(ament_cmake/ament_cmake_vendor_package) by extension 'ignore'
[0.191s] Level 1:colcon.colcon_core.package_identification:_identify(ament_cmake/ament_cmake_vendor_package) by extension 'ignore_ament_install'
[0.191s] Level 1:colcon.colcon_core.package_identification:_identify(ament_cmake/ament_cmake_vendor_package) by extensions ['colcon_pkg']
[0.191s] Level 1:colcon.colcon_core.package_identification:_identify(ament_cmake/ament_cmake_vendor_package) by extension 'colcon_pkg'
[0.191s] Level 1:colcon.colcon_core.package_identification:_identify(ament_cmake/ament_cmake_vendor_package) by extensions ['colcon_meta']
[0.191s] Level 1:colcon.colcon_core.package_identification:_identify(ament_cmake/ament_cmake_vendor_package) by extension 'colcon_meta'
[0.191s] Level 1:colcon.colcon_core.package_identification:_identify(ament_cmake/ament_cmake_vendor_package) by extensions ['ros']
[0.191s] Level 1:colcon.colcon_core.package_identification:_identify(ament_cmake/ament_cmake_vendor_package) by extension 'ros'
[0.192s] DEBUG:colcon.colcon_core.package_identification:Package 'ament_cmake/ament_cmake_vendor_package' with type 'ros.ament_cmake' and name 'ament_cmake_vendor_package'
[0.192s] Level 1:colcon.colcon_core.package_identification:_identify(ament_cmake/ament_cmake_version) by extensions ['ignore', 'ignore_ament_install']
[0.192s] Level 1:colcon.colcon_core.package_identification:_identify(ament_cmake/ament_cmake_version) by extension 'ignore'
[0.192s] Level 1:colcon.colcon_core.package_identification:_identify(ament_cmake/ament_cmake_version) by extension 'ignore_ament_install'
[0.192s] Level 1:colcon.colcon_core.package_identification:_identify(ament_cmake/ament_cmake_version) by extensions ['colcon_pkg']
[0.192s] Level 1:colcon.colcon_core.package_identification:_identify(ament_cmake/ament_cmake_version) by extension 'colcon_pkg'
[0.192s] Level 1:colcon.colcon_core.package_identification:_identify(ament_cmake/ament_cmake_version) by extensions ['colcon_meta']
[0.192s] Level 1:colcon.colcon_core.package_identification:_identify(ament_cmake/ament_cmake_version) by extension 'colcon_meta'
[0.192s] Level 1:colcon.colcon_core.package_identification:_identify(ament_cmake/ament_cmake_version) by extensions ['ros']
[0.192s] Level 1:colcon.colcon_core.package_identification:_identify(ament_cmake/ament_cmake_version) by extension 'ros'
[0.192s] DEBUG:colcon.colcon_core.package_identification:Package 'ament_cmake/ament_cmake_version' with type 'ros.ament_cmake' and name 'ament_cmake_version'
[0.192s] Level 1:colcon.colcon_core.package_identification:_identify(ament_package) by extensions ['ignore', 'ignore_ament_install']
[0.192s] Level 1:colcon.colcon_core.package_identification:_identify(ament_package) by extension 'ignore'
[0.192s] Level 1:colcon.colcon_core.package_identification:_identify(ament_package) by extension 'ignore_ament_install'
[0.192s] Level 1:colcon.colcon_core.package_identification:_identify(ament_package) by extensions ['colcon_pkg']
[0.192s] Level 1:colcon.colcon_core.package_identification:_identify(ament_package) by extension 'colcon_pkg'
[0.192s] Level 1:colcon.colcon_core.package_identification:_identify(ament_package) by extensions ['colcon_meta']
[0.192s] Level 1:colcon.colcon_core.package_identification:_identify(ament_package) by extension 'colcon_meta'
[0.192s] Level 1:colcon.colcon_core.package_identification:_identify(ament_package) by extensions ['ros']
[0.192s] Level 1:colcon.colcon_core.package_identification:_identify(ament_package) by extension 'ros'
[0.193s] DEBUG:colcon.colcon_core.package_identification:Package 'ament_package' with type 'ros.ament_python' and name 'ament_package'
[0.193s] Level 1:colcon.colcon_core.package_identification:_identify(build) by extensions ['ignore', 'ignore_ament_install']
[0.193s] Level 1:colcon.colcon_core.package_identification:_identify(build) by extension 'ignore'
[0.193s] Level 1:colcon.colcon_core.package_identification:_identify(build) ignored
[0.193s] Level 1:colcon.colcon_core.package_identification:_identify(composable_node _cpp) by extensions ['ignore', 'ignore_ament_install']
[0.193s] Level 1:colcon.colcon_core.package_identification:_identify(composable_node _cpp) by extension 'ignore'
[0.193s] Level 1:colcon.colcon_core.package_identification:_identify(composable_node _cpp) by extension 'ignore_ament_install'
[0.193s] Level 1:colcon.colcon_core.package_identification:_identify(composable_node _cpp) by extensions ['colcon_pkg']
[0.193s] Level 1:colcon.colcon_core.package_identification:_identify(composable_node _cpp) by extension 'colcon_pkg'
[0.193s] Level 1:colcon.colcon_core.package_identification:_identify(composable_node _cpp) by extensions ['colcon_meta']
[0.193s] Level 1:colcon.colcon_core.package_identification:_identify(composable_node _cpp) by extension 'colcon_meta'
[0.193s] Level 1:colcon.colcon_core.package_identification:_identify(composable_node _cpp) by extensions ['ros']
[0.193s] Level 1:colcon.colcon_core.package_identification:_identify(composable_node _cpp) by extension 'ros'
[0.193s] DEBUG:colcon.colcon_core.package_identification:Package 'composable_node _cpp' with type 'ros.ament_cmake' and name 'comp_simple_publisher_subscriber_cpp'
[0.193s] Level 1:colcon.colcon_core.package_identification:_identify(install) by extensions ['ignore', 'ignore_ament_install']
[0.193s] Level 1:colcon.colcon_core.package_identification:_identify(install) by extension 'ignore'
[0.193s] Level 1:colcon.colcon_core.package_identification:_identify(install) ignored
[0.193s] Level 1:colcon.colcon_core.package_identification:_identify(log) by extensions ['ignore', 'ignore_ament_install']
[0.193s] Level 1:colcon.colcon_core.package_identification:_identify(log) by extension 'ignore'
[0.193s] Level 1:colcon.colcon_core.package_identification:_identify(log) ignored
[0.193s] Level 1:colcon.colcon_core.package_identification:_identify(old _my_turtlesim_cpp) by extensions ['ignore', 'ignore_ament_install']
[0.193s] Level 1:colcon.colcon_core.package_identification:_identify(old _my_turtlesim_cpp) by extension 'ignore'
[0.194s] Level 1:colcon.colcon_core.package_identification:_identify(old _my_turtlesim_cpp) by extension 'ignore_ament_install'
[0.194s] Level 1:colcon.colcon_core.package_identification:_identify(old _my_turtlesim_cpp) by extensions ['colcon_pkg']
[0.194s] Level 1:colcon.colcon_core.package_identification:_identify(old _my_turtlesim_cpp) by extension 'colcon_pkg'
[0.194s] Level 1:colcon.colcon_core.package_identification:_identify(old _my_turtlesim_cpp) by extensions ['colcon_meta']
[0.194s] Level 1:colcon.colcon_core.package_identification:_identify(old _my_turtlesim_cpp) by extension 'colcon_meta'
[0.194s] Level 1:colcon.colcon_core.package_identification:_identify(old _my_turtlesim_cpp) by extensions ['ros']
[0.194s] Level 1:colcon.colcon_core.package_identification:_identify(old _my_turtlesim_cpp) by extension 'ros'
[0.194s] DEBUG:colcon.colcon_core.package_identification:Package 'old _my_turtlesim_cpp' with type 'ros.ament_cmake' and name 'my_turtlesim_cpp'
[0.194s] Level 1:colcon.colcon_core.package_identification:_identify(old_my_turtlesim) by extensions ['ignore', 'ignore_ament_install']
[0.194s] Level 1:colcon.colcon_core.package_identification:_identify(old_my_turtlesim) by extension 'ignore'
[0.194s] Level 1:colcon.colcon_core.package_identification:_identify(old_my_turtlesim) by extension 'ignore_ament_install'
[0.194s] Level 1:colcon.colcon_core.package_identification:_identify(old_my_turtlesim) by extensions ['colcon_pkg']
[0.194s] Level 1:colcon.colcon_core.package_identification:_identify(old_my_turtlesim) by extension 'colcon_pkg'
[0.194s] Level 1:colcon.colcon_core.package_identification:_identify(old_my_turtlesim) by extensions ['colcon_meta']
[0.194s] Level 1:colcon.colcon_core.package_identification:_identify(old_my_turtlesim) by extension 'colcon_meta'
[0.194s] Level 1:colcon.colcon_core.package_identification:_identify(old_my_turtlesim) by extensions ['ros']
[0.194s] Level 1:colcon.colcon_core.package_identification:_identify(old_my_turtlesim) by extension 'ros'
[0.195s] DEBUG:colcon.colcon_core.package_identification:Package 'old_my_turtlesim' with type 'ros.ament_python' and name 'my_turtlesim'
[0.195s] Level 1:colcon.colcon_core.package_identification:_identify(old_simple_pub_sub_cpp) by extensions ['ignore', 'ignore_ament_install']
[0.195s] Level 1:colcon.colcon_core.package_identification:_identify(old_simple_pub_sub_cpp) by extension 'ignore'
[0.195s] Level 1:colcon.colcon_core.package_identification:_identify(old_simple_pub_sub_cpp) by extension 'ignore_ament_install'
[0.195s] Level 1:colcon.colcon_core.package_identification:_identify(old_simple_pub_sub_cpp) by extensions ['colcon_pkg']
[0.195s] Level 1:colcon.colcon_core.package_identification:_identify(old_simple_pub_sub_cpp) by extension 'colcon_pkg'
[0.195s] Level 1:colcon.colcon_core.package_identification:_identify(old_simple_pub_sub_cpp) by extensions ['colcon_meta']
[0.195s] Level 1:colcon.colcon_core.package_identification:_identify(old_simple_pub_sub_cpp) by extension 'colcon_meta'
[0.195s] Level 1:colcon.colcon_core.package_identification:_identify(old_simple_pub_sub_cpp) by extensions ['ros']
[0.195s] Level 1:colcon.colcon_core.package_identification:_identify(old_simple_pub_sub_cpp) by extension 'ros'
[0.195s] DEBUG:colcon.colcon_core.package_identification:Package 'old_simple_pub_sub_cpp' with type 'ros.ament_cmake' and name 'simple_pub_sub_cpp'
[0.195s] Level 1:colcon.colcon_core.package_identification:_identify(old_simple_pub_sub_py) by extensions ['ignore', 'ignore_ament_install']
[0.195s] Level 1:colcon.colcon_core.package_identification:_identify(old_simple_pub_sub_py) by extension 'ignore'
[0.195s] Level 1:colcon.colcon_core.package_identification:_identify(old_simple_pub_sub_py) by extension 'ignore_ament_install'
[0.195s] Level 1:colcon.colcon_core.package_identification:_identify(old_simple_pub_sub_py) by extensions ['colcon_pkg']
[0.195s] Level 1:colcon.colcon_core.package_identification:_identify(old_simple_pub_sub_py) by extension 'colcon_pkg'
[0.195s] Level 1:colcon.colcon_core.package_identification:_identify(old_simple_pub_sub_py) by extensions ['colcon_meta']
[0.196s] Level 1:colcon.colcon_core.package_identification:_identify(old_simple_pub_sub_py) by extension 'colcon_meta'
[0.196s] Level 1:colcon.colcon_core.package_identification:_identify(old_simple_pub_sub_py) by extensions ['ros']
[0.196s] Level 1:colcon.colcon_core.package_identification:_identify(old_simple_pub_sub_py) by extension 'ros'
[0.196s] DEBUG:colcon.colcon_core.package_identification:Package 'old_simple_pub_sub_py' with type 'ros.ament_python' and name 'simple_pub_sub_py'
[0.196s] Level 1:colcon.colcon_core.package_identification:_identify(old_turtlesim_linear_cpp) by extensions ['ignore', 'ignore_ament_install']
[0.196s] Level 1:colcon.colcon_core.package_identification:_identify(old_turtlesim_linear_cpp) by extension 'ignore'
[0.196s] Level 1:colcon.colcon_core.package_identification:_identify(old_turtlesim_linear_cpp) by extension 'ignore_ament_install'
[0.196s] Level 1:colcon.colcon_core.package_identification:_identify(old_turtlesim_linear_cpp) by extensions ['colcon_pkg']
[0.196s] Level 1:colcon.colcon_core.package_identification:_identify(old_turtlesim_linear_cpp) by extension 'colcon_pkg'
[0.196s] Level 1:colcon.colcon_core.package_identification:_identify(old_turtlesim_linear_cpp) by extensions ['colcon_meta']
[0.196s] Level 1:colcon.colcon_core.package_identification:_identify(old_turtlesim_linear_cpp) by extension 'colcon_meta'
[0.196s] Level 1:colcon.colcon_core.package_identification:_identify(old_turtlesim_linear_cpp) by extensions ['ros']
[0.196s] Level 1:colcon.colcon_core.package_identification:_identify(old_turtlesim_linear_cpp) by extension 'ros'
[0.196s] DEBUG:colcon.colcon_core.package_identification:Package 'old_turtlesim_linear_cpp' with type 'ros.ament_cmake' and name 'turtlesim_linear_cpp'
[0.196s] Level 1:colcon.colcon_core.package_identification:_identify(old_turtlesim_linear_py) by extensions ['ignore', 'ignore_ament_install']
[0.196s] Level 1:colcon.colcon_core.package_identification:_identify(old_turtlesim_linear_py) by extension 'ignore'
[0.196s] Level 1:colcon.colcon_core.package_identification:_identify(old_turtlesim_linear_py) by extension 'ignore_ament_install'
[0.196s] Level 1:colcon.colcon_core.package_identification:_identify(old_turtlesim_linear_py) by extensions ['colcon_pkg']
[0.196s] Level 1:colcon.colcon_core.package_identification:_identify(old_turtlesim_linear_py) by extension 'colcon_pkg'
[0.196s] Level 1:colcon.colcon_core.package_identification:_identify(old_turtlesim_linear_py) by extensions ['colcon_meta']
[0.196s] Level 1:colcon.colcon_core.package_identification:_identify(old_turtlesim_linear_py) by extension 'colcon_meta'
[0.196s] Level 1:colcon.colcon_core.package_identification:_identify(old_turtlesim_linear_py) by extensions ['ros']
[0.196s] Level 1:colcon.colcon_core.package_identification:_identify(old_turtlesim_linear_py) by extension 'ros'
[0.197s] DEBUG:colcon.colcon_core.package_identification:Package 'old_turtlesim_linear_py' with type 'ros.ament_python' and name 'turtlesim_linear_py'
[0.197s] Level 1:colcon.colcon_core.package_identification:_identify(polygon_base) by extensions ['ignore', 'ignore_ament_install']
[0.197s] Level 1:colcon.colcon_core.package_identification:_identify(polygon_base) by extension 'ignore'
[0.197s] Level 1:colcon.colcon_core.package_identification:_identify(polygon_base) by extension 'ignore_ament_install'
[0.197s] Level 1:colcon.colcon_core.package_identification:_identify(polygon_base) by extensions ['colcon_pkg']
[0.197s] Level 1:colcon.colcon_core.package_identification:_identify(polygon_base) by extension 'colcon_pkg'
[0.197s] Level 1:colcon.colcon_core.package_identification:_identify(polygon_base) by extensions ['colcon_meta']
[0.197s] Level 1:colcon.colcon_core.package_identification:_identify(polygon_base) by extension 'colcon_meta'
[0.197s] Level 1:colcon.colcon_core.package_identification:_identify(polygon_base) by extensions ['ros']
[0.197s] Level 1:colcon.colcon_core.package_identification:_identify(polygon_base) by extension 'ros'
[0.197s] DEBUG:colcon.colcon_core.package_identification:Package 'polygon_base' with type 'ros.ament_cmake' and name 'polygon_base'
[0.197s] Level 1:colcon.colcon_core.package_identification:_identify(polygon_plugins) by extensions ['ignore', 'ignore_ament_install']
[0.197s] Level 1:colcon.colcon_core.package_identification:_identify(polygon_plugins) by extension 'ignore'
[0.197s] Level 1:colcon.colcon_core.package_identification:_identify(polygon_plugins) by extension 'ignore_ament_install'
[0.197s] Level 1:colcon.colcon_core.package_identification:_identify(polygon_plugins) by extensions ['colcon_pkg']
[0.197s] Level 1:colcon.colcon_core.package_identification:_identify(polygon_plugins) by extension 'colcon_pkg'
[0.197s] Level 1:colcon.colcon_core.package_identification:_identify(polygon_plugins) by extensions ['colcon_meta']
[0.197s] Level 1:colcon.colcon_core.package_identification:_identify(polygon_plugins) by extension 'colcon_meta'
[0.197s] Level 1:colcon.colcon_core.package_identification:_identify(polygon_plugins) by extensions ['ros']
[0.197s] Level 1:colcon.colcon_core.package_identification:_identify(polygon_plugins) by extension 'ros'
[0.197s] DEBUG:colcon.colcon_core.package_identification:Package 'polygon_plugins' with type 'ros.ament_cmake' and name 'polygon_plugins'
[0.197s] Level 1:colcon.colcon_core.package_identification:_identify(simple_publisher_subscriber_cpp) by extensions ['ignore', 'ignore_ament_install']
[0.198s] Level 1:colcon.colcon_core.package_identification:_identify(simple_publisher_subscriber_cpp) by extension 'ignore'
[0.198s] Level 1:colcon.colcon_core.package_identification:_identify(simple_publisher_subscriber_cpp) by extension 'ignore_ament_install'
[0.198s] Level 1:colcon.colcon_core.package_identification:_identify(simple_publisher_subscriber_cpp) by extensions ['colcon_pkg']
[0.198s] Level 1:colcon.colcon_core.package_identification:_identify(simple_publisher_subscriber_cpp) by extension 'colcon_pkg'
[0.198s] Level 1:colcon.colcon_core.package_identification:_identify(simple_publisher_subscriber_cpp) by extensions ['colcon_meta']
[0.198s] Level 1:colcon.colcon_core.package_identification:_identify(simple_publisher_subscriber_cpp) by extension 'colcon_meta'
[0.198s] Level 1:colcon.colcon_core.package_identification:_identify(simple_publisher_subscriber_cpp) by extensions ['ros']
[0.198s] Level 1:colcon.colcon_core.package_identification:_identify(simple_publisher_subscriber_cpp) by extension 'ros'
[0.198s] DEBUG:colcon.colcon_core.package_identification:Package 'simple_publisher_subscriber_cpp' with type 'ros.ament_cmake' and name 'simple_publisher_subscriber_cpp'
[0.198s] Level 1:colcon.colcon_core.package_identification:_identify(simple_publisher_subscriber_py) by extensions ['ignore', 'ignore_ament_install']
[0.198s] Level 1:colcon.colcon_core.package_identification:_identify(simple_publisher_subscriber_py) by extension 'ignore'
[0.198s] Level 1:colcon.colcon_core.package_identification:_identify(simple_publisher_subscriber_py) by extension 'ignore_ament_install'
[0.198s] Level 1:colcon.colcon_core.package_identification:_identify(simple_publisher_subscriber_py) by extensions ['colcon_pkg']
[0.198s] Level 1:colcon.colcon_core.package_identification:_identify(simple_publisher_subscriber_py) by extension 'colcon_pkg'
[0.198s] Level 1:colcon.colcon_core.package_identification:_identify(simple_publisher_subscriber_py) by extensions ['colcon_meta']
[0.198s] Level 1:colcon.colcon_core.package_identification:_identify(simple_publisher_subscriber_py) by extension 'colcon_meta'
[0.198s] Level 1:colcon.colcon_core.package_identification:_identify(simple_publisher_subscriber_py) by extensions ['ros']
[0.198s] Level 1:colcon.colcon_core.package_identification:_identify(simple_publisher_subscriber_py) by extension 'ros'
[0.198s] DEBUG:colcon.colcon_core.package_identification:Package 'simple_publisher_subscriber_py' with type 'ros.ament_python' and name 'simple_publisher_subscriber_py'
[0.198s] Level 1:colcon.colcon_core.package_identification:_identify(simple_service_client_cpp) by extensions ['ignore', 'ignore_ament_install']
[0.198s] Level 1:colcon.colcon_core.package_identification:_identify(simple_service_client_cpp) by extension 'ignore'
[0.198s] Level 1:colcon.colcon_core.package_identification:_identify(simple_service_client_cpp) by extension 'ignore_ament_install'
[0.198s] Level 1:colcon.colcon_core.package_identification:_identify(simple_service_client_cpp) by extensions ['colcon_pkg']
[0.198s] Level 1:colcon.colcon_core.package_identification:_identify(simple_service_client_cpp) by extension 'colcon_pkg'
[0.198s] Level 1:colcon.colcon_core.package_identification:_identify(simple_service_client_cpp) by extensions ['colcon_meta']
[0.198s] Level 1:colcon.colcon_core.package_identification:_identify(simple_service_client_cpp) by extension 'colcon_meta'
[0.198s] Level 1:colcon.colcon_core.package_identification:_identify(simple_service_client_cpp) by extensions ['ros']
[0.199s] Level 1:colcon.colcon_core.package_identification:_identify(simple_service_client_cpp) by extension 'ros'
[0.199s] DEBUG:colcon.colcon_core.package_identification:Package 'simple_service_client_cpp' with type 'ros.ament_cmake' and name 'simple_service_client_cpp'
[0.199s] Level 1:colcon.colcon_core.package_identification:_identify(simple_service_client_py) by extensions ['ignore', 'ignore_ament_install']
[0.199s] Level 1:colcon.colcon_core.package_identification:_identify(simple_service_client_py) by extension 'ignore'
[0.199s] Level 1:colcon.colcon_core.package_identification:_identify(simple_service_client_py) by extension 'ignore_ament_install'
[0.199s] Level 1:colcon.colcon_core.package_identification:_identify(simple_service_client_py) by extensions ['colcon_pkg']
[0.199s] Level 1:colcon.colcon_core.package_identification:_identify(simple_service_client_py) by extension 'colcon_pkg'
[0.199s] Level 1:colcon.colcon_core.package_identification:_identify(simple_service_client_py) by extensions ['colcon_meta']
[0.199s] Level 1:colcon.colcon_core.package_identification:_identify(simple_service_client_py) by extension 'colcon_meta'
[0.199s] Level 1:colcon.colcon_core.package_identification:_identify(simple_service_client_py) by extensions ['ros']
[0.199s] Level 1:colcon.colcon_core.package_identification:_identify(simple_service_client_py) by extension 'ros'
[0.199s] DEBUG:colcon.colcon_core.package_identification:Package 'simple_service_client_py' with type 'ros.ament_python' and name 'simple_service_client_py'
[0.199s] Level 1:colcon.colcon_core.package_identification:_identify(tf2_broadcaster_cpp) by extensions ['ignore', 'ignore_ament_install']
[0.199s] Level 1:colcon.colcon_core.package_identification:_identify(tf2_broadcaster_cpp) by extension 'ignore'
[0.199s] Level 1:colcon.colcon_core.package_identification:_identify(tf2_broadcaster_cpp) by extension 'ignore_ament_install'
[0.199s] Level 1:colcon.colcon_core.package_identification:_identify(tf2_broadcaster_cpp) by extensions ['colcon_pkg']
[0.199s] Level 1:colcon.colcon_core.package_identification:_identify(tf2_broadcaster_cpp) by extension 'colcon_pkg'
[0.199s] Level 1:colcon.colcon_core.package_identification:_identify(tf2_broadcaster_cpp) by extensions ['colcon_meta']
[0.199s] Level 1:colcon.colcon_core.package_identification:_identify(tf2_broadcaster_cpp) by extension 'colcon_meta'
[0.199s] Level 1:colcon.colcon_core.package_identification:_identify(tf2_broadcaster_cpp) by extensions ['ros']
[0.199s] Level 1:colcon.colcon_core.package_identification:_identify(tf2_broadcaster_cpp) by extension 'ros'
[0.200s] DEBUG:colcon.colcon_core.package_identification:Package 'tf2_broadcaster_cpp' with type 'ros.ament_cmake' and name 'tf2_broadcaster_cpp'
[0.200s] Level 1:colcon.colcon_core.package_identification:_identify(tf2_broadcaster_py) by extensions ['ignore', 'ignore_ament_install']
[0.200s] Level 1:colcon.colcon_core.package_identification:_identify(tf2_broadcaster_py) by extension 'ignore'
[0.200s] Level 1:colcon.colcon_core.package_identification:_identify(tf2_broadcaster_py) by extension 'ignore_ament_install'
[0.200s] Level 1:colcon.colcon_core.package_identification:_identify(tf2_broadcaster_py) by extensions ['colcon_pkg']
[0.200s] Level 1:colcon.colcon_core.package_identification:_identify(tf2_broadcaster_py) by extension 'colcon_pkg'
[0.200s] Level 1:colcon.colcon_core.package_identification:_identify(tf2_broadcaster_py) by extensions ['colcon_meta']
[0.200s] Level 1:colcon.colcon_core.package_identification:_identify(tf2_broadcaster_py) by extension 'colcon_meta'
[0.200s] Level 1:colcon.colcon_core.package_identification:_identify(tf2_broadcaster_py) by extensions ['ros']
[0.200s] Level 1:colcon.colcon_core.package_identification:_identify(tf2_broadcaster_py) by extension 'ros'
[0.200s] DEBUG:colcon.colcon_core.package_identification:Package 'tf2_broadcaster_py' with type 'ros.ament_python' and name 'tf2_broadcaster_py'
[0.200s] Level 1:colcon.colcon_core.package_identification:_identify(tf2_listener_cpp) by extensions ['ignore', 'ignore_ament_install']
[0.200s] Level 1:colcon.colcon_core.package_identification:_identify(tf2_listener_cpp) by extension 'ignore'
[0.200s] Level 1:colcon.colcon_core.package_identification:_identify(tf2_listener_cpp) by extension 'ignore_ament_install'
[0.200s] Level 1:colcon.colcon_core.package_identification:_identify(tf2_listener_cpp) by extensions ['colcon_pkg']
[0.200s] Level 1:colcon.colcon_core.package_identification:_identify(tf2_listener_cpp) by extension 'colcon_pkg'
[0.200s] Level 1:colcon.colcon_core.package_identification:_identify(tf2_listener_cpp) by extensions ['colcon_meta']
[0.200s] Level 1:colcon.colcon_core.package_identification:_identify(tf2_listener_cpp) by extension 'colcon_meta'
[0.200s] Level 1:colcon.colcon_core.package_identification:_identify(tf2_listener_cpp) by extensions ['ros']
[0.200s] Level 1:colcon.colcon_core.package_identification:_identify(tf2_listener_cpp) by extension 'ros'
[0.201s] DEBUG:colcon.colcon_core.package_identification:Package 'tf2_listener_cpp' with type 'ros.ament_cmake' and name 'tf2_listener_cpp'
[0.201s] Level 1:colcon.colcon_core.package_identification:_identify(tf2_listener_py) by extensions ['ignore', 'ignore_ament_install']
[0.201s] Level 1:colcon.colcon_core.package_identification:_identify(tf2_listener_py) by extension 'ignore'
[0.201s] Level 1:colcon.colcon_core.package_identification:_identify(tf2_listener_py) by extension 'ignore_ament_install'
[0.201s] Level 1:colcon.colcon_core.package_identification:_identify(tf2_listener_py) by extensions ['colcon_pkg']
[0.201s] Level 1:colcon.colcon_core.package_identification:_identify(tf2_listener_py) by extension 'colcon_pkg'
[0.201s] Level 1:colcon.colcon_core.package_identification:_identify(tf2_listener_py) by extensions ['colcon_meta']
[0.201s] Level 1:colcon.colcon_core.package_identification:_identify(tf2_listener_py) by extension 'colcon_meta'
[0.201s] Level 1:colcon.colcon_core.package_identification:_identify(tf2_listener_py) by extensions ['ros']
[0.201s] Level 1:colcon.colcon_core.package_identification:_identify(tf2_listener_py) by extension 'ros'
[0.201s] DEBUG:colcon.colcon_core.package_identification:Package 'tf2_listener_py' with type 'ros.ament_python' and name 'tf2_listener_py'
[0.201s] Level 1:colcon.colcon_core.package_identification:_identify(tf2_static_broadcaster_cpp) by extensions ['ignore', 'ignore_ament_install']
[0.201s] Level 1:colcon.colcon_core.package_identification:_identify(tf2_static_broadcaster_cpp) by extension 'ignore'
[0.201s] Level 1:colcon.colcon_core.package_identification:_identify(tf2_static_broadcaster_cpp) by extension 'ignore_ament_install'
[0.201s] Level 1:colcon.colcon_core.package_identification:_identify(tf2_static_broadcaster_cpp) by extensions ['colcon_pkg']
[0.201s] Level 1:colcon.colcon_core.package_identification:_identify(tf2_static_broadcaster_cpp) by extension 'colcon_pkg'
[0.202s] Level 1:colcon.colcon_core.package_identification:_identify(tf2_static_broadcaster_cpp) by extensions ['colcon_meta']
[0.202s] Level 1:colcon.colcon_core.package_identification:_identify(tf2_static_broadcaster_cpp) by extension 'colcon_meta'
[0.202s] Level 1:colcon.colcon_core.package_identification:_identify(tf2_static_broadcaster_cpp) by extensions ['ros']
[0.202s] Level 1:colcon.colcon_core.package_identification:_identify(tf2_static_broadcaster_cpp) by extension 'ros'
[0.202s] DEBUG:colcon.colcon_core.package_identification:Package 'tf2_static_broadcaster_cpp' with type 'ros.ament_cmake' and name 'tf2_static_broadcaster_cpp'
[0.202s] Level 1:colcon.colcon_core.package_identification:_identify(tf2_static_broadcaster_py) by extensions ['ignore', 'ignore_ament_install']
[0.202s] Level 1:colcon.colcon_core.package_identification:_identify(tf2_static_broadcaster_py) by extension 'ignore'
[0.202s] Level 1:colcon.colcon_core.package_identification:_identify(tf2_static_broadcaster_py) by extension 'ignore_ament_install'
[0.202s] Level 1:colcon.colcon_core.package_identification:_identify(tf2_static_broadcaster_py) by extensions ['colcon_pkg']
[0.202s] Level 1:colcon.colcon_core.package_identification:_identify(tf2_static_broadcaster_py) by extension 'colcon_pkg'
[0.202s] Level 1:colcon.colcon_core.package_identification:_identify(tf2_static_broadcaster_py) by extensions ['colcon_meta']
[0.202s] Level 1:colcon.colcon_core.package_identification:_identify(tf2_static_broadcaster_py) by extension 'colcon_meta'
[0.202s] Level 1:colcon.colcon_core.package_identification:_identify(tf2_static_broadcaster_py) by extensions ['ros']
[0.202s] Level 1:colcon.colcon_core.package_identification:_identify(tf2_static_broadcaster_py) by extension 'ros'
[0.202s] DEBUG:colcon.colcon_core.package_identification:Package 'tf2_static_broadcaster_py' with type 'ros.ament_python' and name 'tf2_static_broadcaster_py'
[0.202s] Level 1:colcon.colcon_core.package_discovery:discover_packages(recursive) using defaults
[0.202s] Level 1:colcon.colcon_core.package_discovery:discover_packages(ignore) discover
[0.202s] Level 1:colcon.colcon_core.package_discovery:discover_packages(ignore) using defaults
[0.202s] Level 1:colcon.colcon_core.package_discovery:discover_packages(path) discover
[0.202s] Level 1:colcon.colcon_core.package_discovery:discover_packages(path) using defaults
[0.203s] WARNING:colcon.colcon_core.package_selection:ignoring unknown package 'ament_cmake_package' in --packages-select
[0.227s] INFO:colcon.colcon_core.package_selection:Skipping not selected package 'action_tutorials_interfaces' in 'action_tutorials_interfaces'
[0.227s] INFO:colcon.colcon_core.package_selection:Skipping not selected package 'ament_package' in 'ament_package'
[0.227s] INFO:colcon.colcon_core.package_selection:Skipping not selected package 'my_turtlesim' in 'old_my_turtlesim'
[0.227s] INFO:colcon.colcon_core.package_selection:Skipping not selected package 'simple_pub_sub_py' in 'old_simple_pub_sub_py'
[0.227s] INFO:colcon.colcon_core.package_selection:Skipping not selected package 'simple_publisher_subscriber_py' in 'simple_publisher_subscriber_py'
[0.227s] INFO:colcon.colcon_core.package_selection:Skipping not selected package 'simple_service_client_py' in 'simple_service_client_py'
[0.227s] INFO:colcon.colcon_core.package_selection:Skipping not selected package 'tf2_broadcaster_py' in 'tf2_broadcaster_py'
[0.227s] INFO:colcon.colcon_core.package_selection:Skipping not selected package 'tf2_listener_py' in 'tf2_listener_py'
[0.227s] INFO:colcon.colcon_core.package_selection:Skipping not selected package 'tf2_static_broadcaster_py' in 'tf2_static_broadcaster_py'
[0.227s] INFO:colcon.colcon_core.package_selection:Skipping not selected package 'turtlesim_linear_py' in 'old_turtlesim_linear_py'
[0.227s] INFO:colcon.colcon_core.package_selection:Skipping not selected package 'ament_cmake_core' in 'ament_cmake/ament_cmake_core'
[0.227s] INFO:colcon.colcon_core.package_selection:Skipping not selected package 'ament_cmake_export_definitions' in 'ament_cmake/ament_cmake_export_definitions'
[0.227s] INFO:colcon.colcon_core.package_selection:Skipping not selected package 'ament_cmake_export_include_directories' in 'ament_cmake/ament_cmake_export_include_directories'
[0.227s] INFO:colcon.colcon_core.package_selection:Skipping not selected package 'ament_cmake_export_libraries' in 'ament_cmake/ament_cmake_export_libraries'
[0.227s] INFO:colcon.colcon_core.package_selection:Skipping not selected package 'ament_cmake_export_link_flags' in 'ament_cmake/ament_cmake_export_link_flags'
[0.227s] INFO:colcon.colcon_core.package_selection:Skipping not selected package 'ament_cmake_include_directories' in 'ament_cmake/ament_cmake_include_directories'
[0.227s] INFO:colcon.colcon_core.package_selection:Skipping not selected package 'ament_cmake_libraries' in 'ament_cmake/ament_cmake_libraries'
[0.227s] INFO:colcon.colcon_core.package_selection:Skipping not selected package 'ament_cmake_python' in 'ament_cmake/ament_cmake_python'
[0.227s] INFO:colcon.colcon_core.package_selection:Skipping not selected package 'ament_cmake_version' in 'ament_cmake/ament_cmake_version'
[0.227s] INFO:colcon.colcon_core.package_selection:Skipping not selected package 'ament_cmake_export_dependencies' in 'ament_cmake/ament_cmake_export_dependencies'
[0.227s] INFO:colcon.colcon_core.package_selection:Skipping not selected package 'ament_cmake_export_interfaces' in 'ament_cmake/ament_cmake_export_interfaces'
[0.227s] INFO:colcon.colcon_core.package_selection:Skipping not selected package 'ament_cmake_export_targets' in 'ament_cmake/ament_cmake_export_targets'
[0.227s] INFO:colcon.colcon_core.package_selection:Skipping not selected package 'ament_cmake_target_dependencies' in 'ament_cmake/ament_cmake_target_dependencies'
[0.227s] INFO:colcon.colcon_core.package_selection:Skipping not selected package 'ament_cmake_test' in 'ament_cmake/ament_cmake_test'
[0.227s] INFO:colcon.colcon_core.package_selection:Skipping not selected package 'ament_cmake_google_benchmark' in 'ament_cmake/ament_cmake_google_benchmark'
[0.227s] INFO:colcon.colcon_core.package_selection:Skipping not selected package 'ament_cmake_gtest' in 'ament_cmake/ament_cmake_gtest'
[0.227s] INFO:colcon.colcon_core.package_selection:Skipping not selected package 'ament_cmake_pytest' in 'ament_cmake/ament_cmake_pytest'
[0.227s] INFO:colcon.colcon_core.package_selection:Skipping not selected package 'ament_cmake_vendor_package' in 'ament_cmake/ament_cmake_vendor_package'
[0.227s] INFO:colcon.colcon_core.package_selection:Skipping not selected package 'ament_cmake_gen_version_h' in 'ament_cmake/ament_cmake_gen_version_h'
[0.227s] INFO:colcon.colcon_core.package_selection:Skipping not selected package 'ament_cmake_gmock' in 'ament_cmake/ament_cmake_gmock'
[0.227s] INFO:colcon.colcon_core.package_selection:Skipping not selected package 'ament_cmake' in 'ament_cmake/ament_cmake'
[0.227s] INFO:colcon.colcon_core.package_selection:Skipping not selected package 'action_tutorials_cpp' in 'action_tutorials_cpp'
[0.227s] INFO:colcon.colcon_core.package_selection:Skipping not selected package 'ament_cmake_auto' in 'ament_cmake/ament_cmake_auto'
[0.227s] INFO:colcon.colcon_core.package_selection:Skipping not selected package 'comp_simple_publisher_subscriber_cpp' in 'composable_node _cpp'
[0.227s] INFO:colcon.colcon_core.package_selection:Skipping not selected package 'my_turtlesim_cpp' in 'old _my_turtlesim_cpp'
[0.227s] INFO:colcon.colcon_core.package_selection:Skipping not selected package 'polygon_base' in 'polygon_base'
[0.227s] INFO:colcon.colcon_core.package_selection:Skipping not selected package 'simple_pub_sub_cpp' in 'old_simple_pub_sub_cpp'
[0.227s] INFO:colcon.colcon_core.package_selection:Skipping not selected package 'simple_publisher_subscriber_cpp' in 'simple_publisher_subscriber_cpp'
[0.227s] INFO:colcon.colcon_core.package_selection:Skipping not selected package 'simple_service_client_cpp' in 'simple_service_client_cpp'
[0.227s] INFO:colcon.colcon_core.package_selection:Skipping not selected package 'tf2_broadcaster_cpp' in 'tf2_broadcaster_cpp'
[0.227s] INFO:colcon.colcon_core.package_selection:Skipping not selected package 'tf2_listener_cpp' in 'tf2_listener_cpp'
[0.227s] INFO:colcon.colcon_core.package_selection:Skipping not selected package 'tf2_static_broadcaster_cpp' in 'tf2_static_broadcaster_cpp'
[0.227s] INFO:colcon.colcon_core.package_selection:Skipping not selected package 'turtlesim_linear_cpp' in 'old_turtlesim_linear_cpp'
[0.227s] INFO:colcon.colcon_core.package_selection:Skipping not selected package 'polygon_plugins' in 'polygon_plugins'
[0.227s] INFO:colcon.colcon_core.executor:Executing jobs using 'parallel' executor
[0.228s] DEBUG:colcon.colcon_parallel_executor.executor.parallel:run_until_complete
[0.228s] DEBUG:colcon.colcon_parallel_executor.executor.parallel:closing loop
[0.228s] DEBUG:colcon.colcon_parallel_executor.executor.parallel:loop closed
[0.228s] DEBUG:colcon.colcon_parallel_executor.executor.parallel:run_until_complete finished with '0'
[0.228s] DEBUG:colcon.colcon_core.event_reactor:joining thread
[0.230s] INFO:colcon.colcon_core.plugin_system:Skipping extension 'colcon_notification.desktop_notification.notify2': 'notify2' not found
[0.230s] INFO:colcon.colcon_core.plugin_system:Skipping extension 'colcon_notification.desktop_notification.notify_send': Not used on non-Linux systems
[0.230s] INFO:colcon.colcon_core.plugin_system:Skipping extension 'colcon_notification.desktop_notification.win32': Not used on non-Windows systems
[0.230s] INFO:colcon.colcon_notification.desktop_notification:Sending desktop notification using 'terminal_notifier'
[0.269s] DEBUG:colcon.colcon_core.event_reactor:joined thread
[0.271s] INFO:colcon.colcon_core.plugin_system:Skipping extension 'colcon_core.shell.bat': Not used on non-Windows systems
[0.271s] INFO:colcon.colcon_core.shell:Creating prefix script '/Users/professormichel/Documents/GitHub/energy-ros2-cpp-python/src/install/local_setup.ps1'
[0.273s] INFO:colcon.colcon_core.shell:Creating prefix util module '/Users/professormichel/Documents/GitHub/energy-ros2-cpp-python/src/install/_local_setup_util_ps1.py'
[0.274s] INFO:colcon.colcon_core.shell:Creating prefix chain script '/Users/professormichel/Documents/GitHub/energy-ros2-cpp-python/src/install/setup.ps1'
[0.275s] WARNING:colcon.colcon_ros.prefix_path.catkin:The path '/usr/local/opt/qt' in the environment variable CMAKE_PREFIX_PATH doesn't exist
[0.275s] INFO:colcon.colcon_core.shell:Creating prefix script '/Users/professormichel/Documents/GitHub/energy-ros2-cpp-python/src/install/local_setup.sh'
[0.276s] INFO:colcon.colcon_core.shell:Creating prefix util module '/Users/professormichel/Documents/GitHub/energy-ros2-cpp-python/src/install/_local_setup_util_sh.py'
[0.276s] INFO:colcon.colcon_core.shell:Creating prefix chain script '/Users/professormichel/Documents/GitHub/energy-ros2-cpp-python/src/install/setup.sh'
[0.277s] INFO:colcon.colcon_core.shell:Creating prefix script '/Users/professormichel/Documents/GitHub/energy-ros2-cpp-python/src/install/local_setup.bash'
[0.277s] INFO:colcon.colcon_core.shell:Creating prefix chain script '/Users/professormichel/Documents/GitHub/energy-ros2-cpp-python/src/install/setup.bash'
[0.278s] INFO:colcon.colcon_core.shell:Creating prefix script '/Users/professormichel/Documents/GitHub/energy-ros2-cpp-python/src/install/local_setup.zsh'
[0.278s] INFO:colcon.colcon_core.shell:Creating prefix chain script '/Users/professormichel/Documents/GitHub/energy-ros2-cpp-python/src/install/setup.zsh'
