[0.170s] Invoking command in '/Users/professormichel/Documents/GitHub/energy-ros2-cpp-python/build/simple_pub_sub_cpp': SHLVL=2 VIRTUAL_ENV_PROMPT=(.venv) _=/usr/bin/env /opt/homebrew/bin/cmake /Users/professormichel/Documents/GitHub/energy-ros2-cpp-python/src/old_simple_pub_sub_cpp -DCMAKE_INSTALL_PREFIX=/Users/professormichel/Documents/GitHub/energy-ros2-cpp-python/install/simple_pub_sub_cpp
[0.697s] -- The C compiler identification is AppleClang 15.0.0.15000309
[0.795s] -- The CXX compiler identification is AppleClang 15.0.0.15000309
[0.804s] -- Detecting C compiler ABI info
[1.094s] -- Detecting C compiler ABI info - done
[1.432s] -- Check for working C compiler: /Library/Developer/CommandLineTools/usr/bin/cc - skipped
[1.432s] -- Detecting C compile features
[1.432s] -- Detecting C compile features - done
[1.432s] -- Detecting CXX compiler ABI info
[1.432s] -- Detecting CXX compiler ABI info - done
[1.432s] -- Check for working CXX compiler: /Library/Developer/CommandLineTools/usr/bin/c++ - skipped
[1.433s] -- Detecting CXX compile features
[1.433s] -- Detecting CXX compile features - done
[1.433s] -- Configuring incomplete, errors occurred!
[1.437s] CMake Error at CMakeLists.txt:9 (find_package):
[1.437s]   By not providing "Findament_cmake.cmake" in CMAKE_MODULE_PATH this project
[1.437s]   has asked CMake to find a package configuration file provided by
[1.437s]   "ament_cmake", but CMake did not find one.
[1.437s] 
[1.437s]   Could not find a package configuration file provided by "ament_cmake" with
[1.437s]   any of the following names:
[1.438s] 
[1.438s]     ament_cmakeConfig.cmake
[1.438s]     ament_cmake-config.cmake
[1.438s] 
[1.438s]   Add the installation prefix of "ament_cmake" to CMAKE_PREFIX_PATH or set
[1.438s]   "ament_cmake_DIR" to a directory containing one of the above files.  If
[1.438s]   "ament_cmake" provides a separate development package or SDK, be sure it
[1.438s]   has been installed.
[1.438s] 
[1.438s] 
[1.456s] Invoked command in '/Users/professormichel/Documents/GitHub/energy-ros2-cpp-python/build/simple_pub_sub_cpp' returned '1': SHLVL=2 VIRTUAL_ENV_PROMPT=(.venv) _=/usr/bin/env /opt/homebrew/bin/cmake /Users/professormichel/Documents/GitHub/energy-ros2-cpp-python/src/old_simple_pub_sub_cpp -DCMAKE_INSTALL_PREFIX=/Users/professormichel/Documents/GitHub/energy-ros2-cpp-python/install/simple_pub_sub_cpp
