running egg_info
creating ../../build/simple_pub_sub_py/simple_pub_sub_py.egg-info
writing ../../build/simple_pub_sub_py/simple_pub_sub_py.egg-info/PKG-INFO
writing dependency_links to ../../build/simple_pub_sub_py/simple_pub_sub_py.egg-info/dependency_links.txt
writing entry points to ../../build/simple_pub_sub_py/simple_pub_sub_py.egg-info/entry_points.txt
writing requirements to ../../build/simple_pub_sub_py/simple_pub_sub_py.egg-info/requires.txt
writing top-level names to ../../build/simple_pub_sub_py/simple_pub_sub_py.egg-info/top_level.txt
writing manifest file '../../build/simple_pub_sub_py/simple_pub_sub_py.egg-info/SOURCES.txt'
reading manifest file '../../build/simple_pub_sub_py/simple_pub_sub_py.egg-info/SOURCES.txt'
writing manifest file '../../build/simple_pub_sub_py/simple_pub_sub_py.egg-info/SOURCES.txt'
running build
running build_py
creating /Users/professormichel/Documents/GitHub/energy-ros2-cpp-python/build/simple_pub_sub_py/build
creating /Users/professormichel/Documents/GitHub/energy-ros2-cpp-python/build/simple_pub_sub_py/build/lib
creating /Users/professormichel/Documents/GitHub/energy-ros2-cpp-python/build/simple_pub_sub_py/build/lib/simple_pub_sub_py
copying simple_pub_sub_py/minimal_publisher.py -> /Users/professormichel/Documents/GitHub/energy-ros2-cpp-python/build/simple_pub_sub_py/build/lib/simple_pub_sub_py
copying simple_pub_sub_py/minimal_subscriber.py -> /Users/professormichel/Documents/GitHub/energy-ros2-cpp-python/build/simple_pub_sub_py/build/lib/simple_pub_sub_py
copying simple_pub_sub_py/__init__.py -> /Users/professormichel/Documents/GitHub/energy-ros2-cpp-python/build/simple_pub_sub_py/build/lib/simple_pub_sub_py
running install
running install_lib
creating /Users/professormichel/Documents/GitHub/energy-ros2-cpp-python/install/simple_pub_sub_py/lib/python3.11/site-packages/simple_pub_sub_py
copying /Users/professormichel/Documents/GitHub/energy-ros2-cpp-python/build/simple_pub_sub_py/build/lib/simple_pub_sub_py/minimal_publisher.py -> /Users/professormichel/Documents/GitHub/energy-ros2-cpp-python/install/simple_pub_sub_py/lib/python3.11/site-packages/simple_pub_sub_py
copying /Users/professormichel/Documents/GitHub/energy-ros2-cpp-python/build/simple_pub_sub_py/build/lib/simple_pub_sub_py/minimal_subscriber.py -> /Users/professormichel/Documents/GitHub/energy-ros2-cpp-python/install/simple_pub_sub_py/lib/python3.11/site-packages/simple_pub_sub_py
copying /Users/professormichel/Documents/GitHub/energy-ros2-cpp-python/build/simple_pub_sub_py/build/lib/simple_pub_sub_py/__init__.py -> /Users/professormichel/Documents/GitHub/energy-ros2-cpp-python/install/simple_pub_sub_py/lib/python3.11/site-packages/simple_pub_sub_py
byte-compiling /Users/professormichel/Documents/GitHub/energy-ros2-cpp-python/install/simple_pub_sub_py/lib/python3.11/site-packages/simple_pub_sub_py/minimal_publisher.py to minimal_publisher.cpython-311.pyc
byte-compiling /Users/professormichel/Documents/GitHub/energy-ros2-cpp-python/install/simple_pub_sub_py/lib/python3.11/site-packages/simple_pub_sub_py/minimal_subscriber.py to minimal_subscriber.cpython-311.pyc
byte-compiling /Users/professormichel/Documents/GitHub/energy-ros2-cpp-python/install/simple_pub_sub_py/lib/python3.11/site-packages/simple_pub_sub_py/__init__.py to __init__.cpython-311.pyc
running install_data
creating /Users/professormichel/Documents/GitHub/energy-ros2-cpp-python/install/simple_pub_sub_py/share/ament_index
creating /Users/professormichel/Documents/GitHub/energy-ros2-cpp-python/install/simple_pub_sub_py/share/ament_index/resource_index
creating /Users/professormichel/Documents/GitHub/energy-ros2-cpp-python/install/simple_pub_sub_py/share/ament_index/resource_index/packages
copying resource/simple_pub_sub_py -> /Users/professormichel/Documents/GitHub/energy-ros2-cpp-python/install/simple_pub_sub_py/share/ament_index/resource_index/packages
copying package.xml -> /Users/professormichel/Documents/GitHub/energy-ros2-cpp-python/install/simple_pub_sub_py/share/simple_pub_sub_py
running install_egg_info
Copying ../../build/simple_pub_sub_py/simple_pub_sub_py.egg-info to /Users/professormichel/Documents/GitHub/energy-ros2-cpp-python/install/simple_pub_sub_py/lib/python3.11/site-packages/simple_pub_sub_py-0.0.0-py3.11.egg-info
running install_scripts
Installing listener script to /Users/professormichel/Documents/GitHub/energy-ros2-cpp-python/install/simple_pub_sub_py/lib/simple_pub_sub_py
Installing talker script to /Users/professormichel/Documents/GitHub/energy-ros2-cpp-python/install/simple_pub_sub_py/lib/simple_pub_sub_py
writing list of installed files to '/Users/professormichel/Documents/GitHub/energy-ros2-cpp-python/build/simple_pub_sub_py/install.log'
