[0.673s] Invoking command in '/Users/professormichel/Documents/GitHub/energy-ros2-cpp-python/src/old_simple_pub_sub_py': PYTHONPATH=/Users/professormichel/Documents/GitHub/energy-ros2-cpp-python/build/simple_pub_sub_py/prefix_override:/Users/professormichel/Documents/GitHub/energy-ros2-cpp-python/.venv/lib/python3.11/site-packages/colcon_core/task/python/colcon_distutils_commands:/Users/professormichel/Documents/GitHub/energy-ros2-cpp-python/install/simple_pub_sub_py/lib/python3.11/site-packages: SHLVL=2 VIRTUAL_ENV_PROMPT=(.venv) _=/usr/bin/env /Users/professormichel/Documents/GitHub/energy-ros2-cpp-python/.venv/bin/python -W ignore:setup.py install is deprecated setup.py egg_info --egg-base ../../build/simple_pub_sub_py build --build-base /Users/professormichel/Documents/GitHub/energy-ros2-cpp-python/build/simple_pub_sub_py/build install --record /Users/professormichel/Documents/GitHub/energy-ros2-cpp-python/build/simple_pub_sub_py/install.log --single-version-externally-managed install_data
[0.897s] running egg_info
[0.897s] creating ../../build/simple_pub_sub_py/simple_pub_sub_py.egg-info
[0.900s] writing ../../build/simple_pub_sub_py/simple_pub_sub_py.egg-info/PKG-INFO
[0.900s] writing dependency_links to ../../build/simple_pub_sub_py/simple_pub_sub_py.egg-info/dependency_links.txt
[0.900s] writing entry points to ../../build/simple_pub_sub_py/simple_pub_sub_py.egg-info/entry_points.txt
[0.901s] writing requirements to ../../build/simple_pub_sub_py/simple_pub_sub_py.egg-info/requires.txt
[0.901s] writing top-level names to ../../build/simple_pub_sub_py/simple_pub_sub_py.egg-info/top_level.txt
[0.901s] writing manifest file '../../build/simple_pub_sub_py/simple_pub_sub_py.egg-info/SOURCES.txt'
[0.908s] reading manifest file '../../build/simple_pub_sub_py/simple_pub_sub_py.egg-info/SOURCES.txt'
[0.910s] writing manifest file '../../build/simple_pub_sub_py/simple_pub_sub_py.egg-info/SOURCES.txt'
[0.911s] running build
[0.911s] running build_py
[0.911s] creating /Users/professormichel/Documents/GitHub/energy-ros2-cpp-python/build/simple_pub_sub_py/build
[0.911s] creating /Users/professormichel/Documents/GitHub/energy-ros2-cpp-python/build/simple_pub_sub_py/build/lib
[0.911s] creating /Users/professormichel/Documents/GitHub/energy-ros2-cpp-python/build/simple_pub_sub_py/build/lib/simple_pub_sub_py
[0.912s] copying simple_pub_sub_py/minimal_publisher.py -> /Users/professormichel/Documents/GitHub/energy-ros2-cpp-python/build/simple_pub_sub_py/build/lib/simple_pub_sub_py
[0.912s] copying simple_pub_sub_py/minimal_subscriber.py -> /Users/professormichel/Documents/GitHub/energy-ros2-cpp-python/build/simple_pub_sub_py/build/lib/simple_pub_sub_py
[0.912s] copying simple_pub_sub_py/__init__.py -> /Users/professormichel/Documents/GitHub/energy-ros2-cpp-python/build/simple_pub_sub_py/build/lib/simple_pub_sub_py
[0.912s] running install
[0.917s] running install_lib
[0.923s] creating /Users/professormichel/Documents/GitHub/energy-ros2-cpp-python/install/simple_pub_sub_py/lib/python3.11/site-packages/simple_pub_sub_py
[0.923s] copying /Users/professormichel/Documents/GitHub/energy-ros2-cpp-python/build/simple_pub_sub_py/build/lib/simple_pub_sub_py/minimal_publisher.py -> /Users/professormichel/Documents/GitHub/energy-ros2-cpp-python/install/simple_pub_sub_py/lib/python3.11/site-packages/simple_pub_sub_py
[0.923s] copying /Users/professormichel/Documents/GitHub/energy-ros2-cpp-python/build/simple_pub_sub_py/build/lib/simple_pub_sub_py/minimal_subscriber.py -> /Users/professormichel/Documents/GitHub/energy-ros2-cpp-python/install/simple_pub_sub_py/lib/python3.11/site-packages/simple_pub_sub_py
[0.923s] copying /Users/professormichel/Documents/GitHub/energy-ros2-cpp-python/build/simple_pub_sub_py/build/lib/simple_pub_sub_py/__init__.py -> /Users/professormichel/Documents/GitHub/energy-ros2-cpp-python/install/simple_pub_sub_py/lib/python3.11/site-packages/simple_pub_sub_py
[0.924s] byte-compiling /Users/professormichel/Documents/GitHub/energy-ros2-cpp-python/install/simple_pub_sub_py/lib/python3.11/site-packages/simple_pub_sub_py/minimal_publisher.py to minimal_publisher.cpython-311.pyc
[0.925s] byte-compiling /Users/professormichel/Documents/GitHub/energy-ros2-cpp-python/install/simple_pub_sub_py/lib/python3.11/site-packages/simple_pub_sub_py/minimal_subscriber.py to minimal_subscriber.cpython-311.pyc
[0.926s] byte-compiling /Users/professormichel/Documents/GitHub/energy-ros2-cpp-python/install/simple_pub_sub_py/lib/python3.11/site-packages/simple_pub_sub_py/__init__.py to __init__.cpython-311.pyc
[0.926s] running install_data
[0.927s] creating /Users/professormichel/Documents/GitHub/energy-ros2-cpp-python/install/simple_pub_sub_py/share/ament_index
[0.927s] creating /Users/professormichel/Documents/GitHub/energy-ros2-cpp-python/install/simple_pub_sub_py/share/ament_index/resource_index
[0.928s] creating /Users/professormichel/Documents/GitHub/energy-ros2-cpp-python/install/simple_pub_sub_py/share/ament_index/resource_index/packages
[0.928s] copying resource/simple_pub_sub_py -> /Users/professormichel/Documents/GitHub/energy-ros2-cpp-python/install/simple_pub_sub_py/share/ament_index/resource_index/packages
[0.928s] copying package.xml -> /Users/professormichel/Documents/GitHub/energy-ros2-cpp-python/install/simple_pub_sub_py/share/simple_pub_sub_py
[0.928s] running install_egg_info
[0.933s] Copying ../../build/simple_pub_sub_py/simple_pub_sub_py.egg-info to /Users/professormichel/Documents/GitHub/energy-ros2-cpp-python/install/simple_pub_sub_py/lib/python3.11/site-packages/simple_pub_sub_py-0.0.0-py3.11.egg-info
[0.940s] running install_scripts
[0.974s] Installing listener script to /Users/professormichel/Documents/GitHub/energy-ros2-cpp-python/install/simple_pub_sub_py/lib/simple_pub_sub_py
[0.974s] Installing talker script to /Users/professormichel/Documents/GitHub/energy-ros2-cpp-python/install/simple_pub_sub_py/lib/simple_pub_sub_py
[0.975s] writing list of installed files to '/Users/professormichel/Documents/GitHub/energy-ros2-cpp-python/build/simple_pub_sub_py/install.log'
[1.449s] Invoked command in '/Users/professormichel/Documents/GitHub/energy-ros2-cpp-python/src/old_simple_pub_sub_py' returned '0': PYTHONPATH=/Users/professormichel/Documents/GitHub/energy-ros2-cpp-python/build/simple_pub_sub_py/prefix_override:/Users/professormichel/Documents/GitHub/energy-ros2-cpp-python/.venv/lib/python3.11/site-packages/colcon_core/task/python/colcon_distutils_commands:/Users/professormichel/Documents/GitHub/energy-ros2-cpp-python/install/simple_pub_sub_py/lib/python3.11/site-packages: SHLVL=2 VIRTUAL_ENV_PROMPT=(.venv) _=/usr/bin/env /Users/professormichel/Documents/GitHub/energy-ros2-cpp-python/.venv/bin/python -W ignore:setup.py install is deprecated setup.py egg_info --egg-base ../../build/simple_pub_sub_py build --build-base /Users/professormichel/Documents/GitHub/energy-ros2-cpp-python/build/simple_pub_sub_py/build install --record /Users/professormichel/Documents/GitHub/energy-ros2-cpp-python/build/simple_pub_sub_py/install.log --single-version-externally-managed install_data
