/Users/professormichel/Documents/GitHub/energy-ros2-cpp-python/install/ament_package/lib/python3.11/site-packages/ament_package/__init__.py
/Users/professormichel/Documents/GitHub/energy-ros2-cpp-python/install/ament_package/lib/python3.11/site-packages/ament_package/templates.py
/Users/professormichel/Documents/GitHub/energy-ros2-cpp-python/install/ament_package/lib/python3.11/site-packages/ament_package/template/__init__.py
/Users/professormichel/Documents/GitHub/energy-ros2-cpp-python/install/ament_package/lib/python3.11/site-packages/ament_package/template/prefix_level/__init__.py
/Users/professormichel/Documents/GitHub/energy-ros2-cpp-python/install/ament_package/lib/python3.11/site-packages/ament_package/template/prefix_level/_local_setup_util.py
/Users/professormichel/Documents/GitHub/energy-ros2-cpp-python/install/ament_package/lib/python3.11/site-packages/ament_package/template/package_level/__init__.py
/Users/professormichel/Documents/GitHub/energy-ros2-cpp-python/install/ament_package/lib/python3.11/site-packages/ament_package/template/environment_hook/__init__.py
/Users/professormichel/Documents/GitHub/energy-ros2-cpp-python/install/ament_package/lib/python3.11/site-packages/ament_package/template/environment_hook/path.sh
/Users/professormichel/Documents/GitHub/energy-ros2-cpp-python/install/ament_package/lib/python3.11/site-packages/ament_package/template/environment_hook/pkg_config_path.sh
/Users/professormichel/Documents/GitHub/energy-ros2-cpp-python/install/ament_package/lib/python3.11/site-packages/ament_package/template/environment_hook/library_path.sh
/Users/professormichel/Documents/GitHub/energy-ros2-cpp-python/install/ament_package/lib/python3.11/site-packages/ament_package/template/environment_hook/ament_prefix_path.sh
/Users/professormichel/Documents/GitHub/energy-ros2-cpp-python/install/ament_package/lib/python3.11/site-packages/ament_package/template/environment_hook/pythonpath.sh.in
/Users/professormichel/Documents/GitHub/energy-ros2-cpp-python/install/ament_package/lib/python3.11/site-packages/ament_package/template/environment_hook/pkg_config_path.bat
/Users/professormichel/Documents/GitHub/energy-ros2-cpp-python/install/ament_package/lib/python3.11/site-packages/ament_package/template/environment_hook/path.bat
/Users/professormichel/Documents/GitHub/energy-ros2-cpp-python/install/ament_package/lib/python3.11/site-packages/ament_package/template/environment_hook/pythonpath.bat.in
/Users/professormichel/Documents/GitHub/energy-ros2-cpp-python/install/ament_package/lib/python3.11/site-packages/ament_package/template/environment_hook/ament_prefix_path.bat
/Users/professormichel/Documents/GitHub/energy-ros2-cpp-python/install/ament_package/lib/python3.11/site-packages/ament_package/template/package_level/local_setup.bat.in
/Users/professormichel/Documents/GitHub/energy-ros2-cpp-python/install/ament_package/lib/python3.11/site-packages/ament_package/template/package_level/local_setup.zsh.in
/Users/professormichel/Documents/GitHub/energy-ros2-cpp-python/install/ament_package/lib/python3.11/site-packages/ament_package/template/package_level/local_setup.bash.in
/Users/professormichel/Documents/GitHub/energy-ros2-cpp-python/install/ament_package/lib/python3.11/site-packages/ament_package/template/package_level/local_setup.sh.in
/Users/professormichel/Documents/GitHub/energy-ros2-cpp-python/install/ament_package/lib/python3.11/site-packages/ament_package/template/prefix_level/local_setup.bat.in
/Users/professormichel/Documents/GitHub/energy-ros2-cpp-python/install/ament_package/lib/python3.11/site-packages/ament_package/template/prefix_level/setup.zsh
/Users/professormichel/Documents/GitHub/energy-ros2-cpp-python/install/ament_package/lib/python3.11/site-packages/ament_package/template/prefix_level/setup.sh.in
/Users/professormichel/Documents/GitHub/energy-ros2-cpp-python/install/ament_package/lib/python3.11/site-packages/ament_package/template/prefix_level/local_setup.sh.in
/Users/professormichel/Documents/GitHub/energy-ros2-cpp-python/install/ament_package/lib/python3.11/site-packages/ament_package/template/prefix_level/local_setup.zsh
/Users/professormichel/Documents/GitHub/energy-ros2-cpp-python/install/ament_package/lib/python3.11/site-packages/ament_package/template/prefix_level/setup.bash
/Users/professormichel/Documents/GitHub/energy-ros2-cpp-python/install/ament_package/lib/python3.11/site-packages/ament_package/template/prefix_level/setup.bat.in
/Users/professormichel/Documents/GitHub/energy-ros2-cpp-python/install/ament_package/lib/python3.11/site-packages/ament_package/template/prefix_level/local_setup.bash
/Users/professormichel/Documents/GitHub/energy-ros2-cpp-python/install/ament_package/lib/python3.11/site-packages/ament_package/__pycache__/__init__.cpython-311.pyc
/Users/professormichel/Documents/GitHub/energy-ros2-cpp-python/install/ament_package/lib/python3.11/site-packages/ament_package/__pycache__/templates.cpython-311.pyc
/Users/professormichel/Documents/GitHub/energy-ros2-cpp-python/install/ament_package/lib/python3.11/site-packages/ament_package/template/__pycache__/__init__.cpython-311.pyc
/Users/professormichel/Documents/GitHub/energy-ros2-cpp-python/install/ament_package/lib/python3.11/site-packages/ament_package/template/prefix_level/__pycache__/__init__.cpython-311.pyc
/Users/professormichel/Documents/GitHub/energy-ros2-cpp-python/install/ament_package/lib/python3.11/site-packages/ament_package/template/prefix_level/__pycache__/_local_setup_util.cpython-311.pyc
/Users/professormichel/Documents/GitHub/energy-ros2-cpp-python/install/ament_package/lib/python3.11/site-packages/ament_package/template/package_level/__pycache__/__init__.cpython-311.pyc
/Users/professormichel/Documents/GitHub/energy-ros2-cpp-python/install/ament_package/lib/python3.11/site-packages/ament_package/template/environment_hook/__pycache__/__init__.cpython-311.pyc
/Users/professormichel/Documents/GitHub/energy-ros2-cpp-python/install/ament_package/share/ament_package/package.xml
/Users/professormichel/Documents/GitHub/energy-ros2-cpp-python/install/ament_package/share/ament_index/resource_index/packages/ament_package
/Users/professormichel/Documents/GitHub/energy-ros2-cpp-python/install/ament_package/lib/python3.11/site-packages/ament_package-0.17.1-py3.11.egg-info/PKG-INFO
/Users/professormichel/Documents/GitHub/energy-ros2-cpp-python/install/ament_package/lib/python3.11/site-packages/ament_package-0.17.1-py3.11.egg-info/zip-safe
/Users/professormichel/Documents/GitHub/energy-ros2-cpp-python/install/ament_package/lib/python3.11/site-packages/ament_package-0.17.1-py3.11.egg-info/SOURCES.txt
/Users/professormichel/Documents/GitHub/energy-ros2-cpp-python/install/ament_package/lib/python3.11/site-packages/ament_package-0.17.1-py3.11.egg-info/top_level.txt
/Users/professormichel/Documents/GitHub/energy-ros2-cpp-python/install/ament_package/lib/python3.11/site-packages/ament_package-0.17.1-py3.11.egg-info/dependency_links.txt
