[0.000000] (-) TimerEvent: {}
[0.000232] (-) JobUnselected: {'identifier': 'action_tutorials_cpp'}
[0.000268] (-) JobUnselected: {'identifier': 'action_tutorials_interfaces'}
[0.000282] (-) JobUnselected: {'identifier': 'ament_cmake_auto'}
[0.000293] (-) JobUnselected: {'identifier': 'ament_cmake_core'}
[0.000303] (-) JobUnselected: {'identifier': 'ament_cmake_export_definitions'}
[0.000361] (-) JobUnselected: {'identifier': 'ament_cmake_export_dependencies'}
[0.000376] (-) JobUnselected: {'identifier': 'ament_cmake_export_include_directories'}
[0.000404] (-) JobUnselected: {'identifier': 'ament_cmake_export_interfaces'}
[0.000416] (-) JobUnselected: {'identifier': 'ament_cmake_export_libraries'}
[0.000425] (-) JobUnselected: {'identifier': 'ament_cmake_export_link_flags'}
[0.000432] (-) JobUnselected: {'identifier': 'ament_cmake_export_targets'}
[0.000439] (-) JobUnselected: {'identifier': 'ament_cmake_gen_version_h'}
[0.000566] (-) JobUnselected: {'identifier': 'ament_cmake_gmock'}
[0.000583] (-) JobUnselected: {'identifier': 'ament_cmake_google_benchmark'}
[0.000593] (-) JobUnselected: {'identifier': 'ament_cmake_gtest'}
[0.000601] (-) JobUnselected: {'identifier': 'ament_cmake_include_directories'}
[0.000610] (-) JobUnselected: {'identifier': 'ament_cmake_libraries'}
[0.000618] (-) JobUnselected: {'identifier': 'ament_cmake_pytest'}
[0.000626] (-) JobUnselected: {'identifier': 'ament_cmake_python'}
[0.000634] (-) JobUnselected: {'identifier': 'ament_cmake_target_dependencies'}
[0.000641] (-) JobUnselected: {'identifier': 'ament_cmake_test'}
[0.000663] (-) JobUnselected: {'identifier': 'ament_cmake_vendor_package'}
[0.000673] (-) JobUnselected: {'identifier': 'ament_cmake_version'}
[0.000681] (-) JobUnselected: {'identifier': 'ament_package'}
[0.000689] (-) JobUnselected: {'identifier': 'comp_simple_publisher_subscriber_cpp'}
[0.000697] (-) JobUnselected: {'identifier': 'my_turtlesim'}
[0.000704] (-) JobUnselected: {'identifier': 'my_turtlesim_cpp'}
[0.000711] (-) JobUnselected: {'identifier': 'polygon_base'}
[0.000721] (-) JobUnselected: {'identifier': 'polygon_plugins'}
[0.000729] (-) JobUnselected: {'identifier': 'simple_pub_sub_cpp'}
[0.000737] (-) JobUnselected: {'identifier': 'simple_pub_sub_py'}
[0.000744] (-) JobUnselected: {'identifier': 'simple_publisher_subscriber_cpp'}
[0.000752] (-) JobUnselected: {'identifier': 'simple_publisher_subscriber_py'}
[0.000759] (-) JobUnselected: {'identifier': 'simple_service_client_cpp'}
[0.000770] (-) JobUnselected: {'identifier': 'simple_service_client_py'}
[0.000779] (-) JobUnselected: {'identifier': 'tf2_broadcaster_cpp'}
[0.000786] (-) JobUnselected: {'identifier': 'tf2_broadcaster_py'}
[0.000794] (-) JobUnselected: {'identifier': 'tf2_listener_cpp'}
[0.000801] (-) JobUnselected: {'identifier': 'tf2_listener_py'}
[0.000808] (-) JobUnselected: {'identifier': 'tf2_static_broadcaster_cpp'}
[0.000815] (-) JobUnselected: {'identifier': 'tf2_static_broadcaster_py'}
[0.000823] (-) JobUnselected: {'identifier': 'turtlesim_linear_cpp'}
[0.000831] (-) JobUnselected: {'identifier': 'turtlesim_linear_py'}
[0.000839] (ament_cmake) JobQueued: {'identifier': 'ament_cmake', 'dependencies': OrderedDict([('ament_package', '/Users/professormichel/Documents/GitHub/energy-ros2-cpp-python/install/ament_package'), ('ament_cmake_core', '/Users/professormichel/Documents/GitHub/energy-ros2-cpp-python/install/ament_cmake_core'), ('ament_cmake_export_definitions', '/Users/professormichel/Documents/GitHub/energy-ros2-cpp-python/install/ament_cmake_export_definitions'), ('ament_cmake_export_include_directories', '/Users/professormichel/Documents/GitHub/energy-ros2-cpp-python/install/ament_cmake_export_include_directories'), ('ament_cmake_export_libraries', '/Users/professormichel/Documents/GitHub/energy-ros2-cpp-python/install/ament_cmake_export_libraries'), ('ament_cmake_export_link_flags', '/Users/professormichel/Documents/GitHub/energy-ros2-cpp-python/install/ament_cmake_export_link_flags'), ('ament_cmake_include_directories', '/Users/professormichel/Documents/GitHub/energy-ros2-cpp-python/install/ament_cmake_include_directories'), ('ament_cmake_libraries', '/Users/professormichel/Documents/GitHub/energy-ros2-cpp-python/install/ament_cmake_libraries'), ('ament_cmake_python', '/Users/professormichel/Documents/GitHub/energy-ros2-cpp-python/install/ament_cmake_python'), ('ament_cmake_version', '/Users/professormichel/Documents/GitHub/energy-ros2-cpp-python/install/ament_cmake_version'), ('ament_cmake_export_dependencies', '/Users/professormichel/Documents/GitHub/energy-ros2-cpp-python/install/ament_cmake_export_dependencies'), ('ament_cmake_export_interfaces', '/Users/professormichel/Documents/GitHub/energy-ros2-cpp-python/install/ament_cmake_export_interfaces'), ('ament_cmake_export_targets', '/Users/professormichel/Documents/GitHub/energy-ros2-cpp-python/install/ament_cmake_export_targets'), ('ament_cmake_target_dependencies', '/Users/professormichel/Documents/GitHub/energy-ros2-cpp-python/install/ament_cmake_target_dependencies'), ('ament_cmake_test', '/Users/professormichel/Documents/GitHub/energy-ros2-cpp-python/install/ament_cmake_test'), ('ament_cmake_gtest', '/Users/professormichel/Documents/GitHub/energy-ros2-cpp-python/install/ament_cmake_gtest'), ('ament_cmake_gen_version_h', '/Users/professormichel/Documents/GitHub/energy-ros2-cpp-python/install/ament_cmake_gen_version_h')])}
[0.000866] (ament_cmake) JobStarted: {'identifier': 'ament_cmake'}
[0.006807] (ament_cmake) JobEnded: {'identifier': 'ament_cmake', 'rc': 1}
[0.007119] (-) EventReactorShutdown: {}
