running egg_info
creating ../../build/my_turtlesim/my_turtlesim.egg-info
writing ../../build/my_turtlesim/my_turtlesim.egg-info/PKG-INFO
writing dependency_links to ../../build/my_turtlesim/my_turtlesim.egg-info/dependency_links.txt
writing entry points to ../../build/my_turtlesim/my_turtlesim.egg-info/entry_points.txt
writing requirements to ../../build/my_turtlesim/my_turtlesim.egg-info/requires.txt
writing top-level names to ../../build/my_turtlesim/my_turtlesim.egg-info/top_level.txt
writing manifest file '../../build/my_turtlesim/my_turtlesim.egg-info/SOURCES.txt'
reading manifest file '../../build/my_turtlesim/my_turtlesim.egg-info/SOURCES.txt'
writing manifest file '../../build/my_turtlesim/my_turtlesim.egg-info/SOURCES.txt'
running build
running build_py
creating /Users/professormichel/Documents/GitHub/energy-ros2-cpp-python/build/my_turtlesim/build
creating /Users/professormichel/Documents/GitHub/energy-ros2-cpp-python/build/my_turtlesim/build/lib
creating /Users/professormichel/Documents/GitHub/energy-ros2-cpp-python/build/my_turtlesim/build/lib/my_turtlesim
copying my_turtlesim/turtlesim_node.py -> /Users/professormichel/Documents/GitHub/energy-ros2-cpp-python/build/my_turtlesim/build/lib/my_turtlesim
copying my_turtlesim/__init__.py -> /Users/professormichel/Documents/GitHub/energy-ros2-cpp-python/build/my_turtlesim/build/lib/my_turtlesim
running install
running install_lib
creating /Users/professormichel/Documents/GitHub/energy-ros2-cpp-python/install/my_turtlesim/lib/python3.11/site-packages/my_turtlesim
copying /Users/professormichel/Documents/GitHub/energy-ros2-cpp-python/build/my_turtlesim/build/lib/my_turtlesim/turtlesim_node.py -> /Users/professormichel/Documents/GitHub/energy-ros2-cpp-python/install/my_turtlesim/lib/python3.11/site-packages/my_turtlesim
copying /Users/professormichel/Documents/GitHub/energy-ros2-cpp-python/build/my_turtlesim/build/lib/my_turtlesim/__init__.py -> /Users/professormichel/Documents/GitHub/energy-ros2-cpp-python/install/my_turtlesim/lib/python3.11/site-packages/my_turtlesim
byte-compiling /Users/professormichel/Documents/GitHub/energy-ros2-cpp-python/install/my_turtlesim/lib/python3.11/site-packages/my_turtlesim/turtlesim_node.py to turtlesim_node.cpython-311.pyc
byte-compiling /Users/professormichel/Documents/GitHub/energy-ros2-cpp-python/install/my_turtlesim/lib/python3.11/site-packages/my_turtlesim/__init__.py to __init__.cpython-311.pyc
running install_data
creating /Users/professormichel/Documents/GitHub/energy-ros2-cpp-python/install/my_turtlesim/share/ament_index
creating /Users/professormichel/Documents/GitHub/energy-ros2-cpp-python/install/my_turtlesim/share/ament_index/resource_index
creating /Users/professormichel/Documents/GitHub/energy-ros2-cpp-python/install/my_turtlesim/share/ament_index/resource_index/packages
copying resource/my_turtlesim -> /Users/professormichel/Documents/GitHub/energy-ros2-cpp-python/install/my_turtlesim/share/ament_index/resource_index/packages
copying package.xml -> /Users/professormichel/Documents/GitHub/energy-ros2-cpp-python/install/my_turtlesim/share/my_turtlesim
running install_egg_info
Copying ../../build/my_turtlesim/my_turtlesim.egg-info to /Users/professormichel/Documents/GitHub/energy-ros2-cpp-python/install/my_turtlesim/lib/python3.11/site-packages/my_turtlesim-0.0.0-py3.11.egg-info
running install_scripts
Installing turtlesim_node script to /Users/professormichel/Documents/GitHub/energy-ros2-cpp-python/install/my_turtlesim/lib/my_turtlesim
writing list of installed files to '/Users/professormichel/Documents/GitHub/energy-ros2-cpp-python/build/my_turtlesim/install.log'
