[0.000000] (-) TimerEvent: {}
[0.000110] (-) JobUnselected: {'identifier': 'action_tutorials_cpp'}
[0.000129] (-) JobUnselected: {'identifier': 'action_tutorials_interfaces'}
[0.000143] (-) JobUnselected: {'identifier': 'ament_cmake'}
[0.000155] (-) JobUnselected: {'identifier': 'ament_cmake_auto'}
[0.000166] (-) JobUnselected: {'identifier': 'ament_cmake_core'}
[0.000175] (-) JobUnselected: {'identifier': 'ament_cmake_export_definitions'}
[0.000188] (-) JobUnselected: {'identifier': 'ament_cmake_export_dependencies'}
[0.000217] (-) JobUnselected: {'identifier': 'ament_cmake_export_include_directories'}
[0.000242] (-) JobUnselected: {'identifier': 'ament_cmake_export_interfaces'}
[0.000309] (-) JobUnselected: {'identifier': 'ament_cmake_export_libraries'}
[0.000326] (-) JobUnselected: {'identifier': 'ament_cmake_export_link_flags'}
[0.000336] (-) JobUnselected: {'identifier': 'ament_cmake_export_targets'}
[0.000345] (-) JobUnselected: {'identifier': 'ament_cmake_gen_version_h'}
[0.000354] (-) JobUnselected: {'identifier': 'ament_cmake_gmock'}
[0.000362] (-) JobUnselected: {'identifier': 'ament_cmake_google_benchmark'}
[0.000370] (-) JobUnselected: {'identifier': 'ament_cmake_gtest'}
[0.000377] (-) JobUnselected: {'identifier': 'ament_cmake_include_directories'}
[0.000385] (-) JobUnselected: {'identifier': 'ament_cmake_libraries'}
[0.000392] (-) JobUnselected: {'identifier': 'ament_cmake_pytest'}
[0.000401] (-) JobUnselected: {'identifier': 'ament_cmake_python'}
[0.000409] (-) JobUnselected: {'identifier': 'ament_cmake_target_dependencies'}
[0.000416] (-) JobUnselected: {'identifier': 'ament_cmake_test'}
[0.000423] (-) JobUnselected: {'identifier': 'ament_cmake_vendor_package'}
[0.000430] (-) JobUnselected: {'identifier': 'ament_cmake_version'}
[0.000437] (-) JobUnselected: {'identifier': 'ament_package'}
[0.000456] (-) JobUnselected: {'identifier': 'comp_simple_publisher_subscriber_cpp'}
[0.000465] (-) JobUnselected: {'identifier': 'my_turtlesim'}
[0.000473] (-) JobUnselected: {'identifier': 'my_turtlesim_cpp'}
[0.000480] (-) JobUnselected: {'identifier': 'polygon_base'}
[0.000487] (-) JobUnselected: {'identifier': 'polygon_plugins'}
[0.000495] (-) JobUnselected: {'identifier': 'simple_pub_sub_cpp'}
[0.000563] (-) JobUnselected: {'identifier': 'simple_pub_sub_py'}
[0.000573] (-) JobUnselected: {'identifier': 'simple_publisher_subscriber_cpp'}
[0.000581] (-) JobUnselected: {'identifier': 'simple_publisher_subscriber_py'}
[0.000589] (-) JobUnselected: {'identifier': 'simple_service_client_cpp'}
[0.000597] (-) JobUnselected: {'identifier': 'simple_service_client_py'}
[0.000604] (-) JobUnselected: {'identifier': 'tf2_broadcaster_cpp'}
[0.000611] (-) JobUnselected: {'identifier': 'tf2_broadcaster_py'}
[0.000618] (-) JobUnselected: {'identifier': 'tf2_listener_cpp'}
[0.000625] (-) JobUnselected: {'identifier': 'tf2_listener_py'}
[0.000632] (-) JobUnselected: {'identifier': 'tf2_static_broadcaster_cpp'}
[0.000639] (-) JobUnselected: {'identifier': 'tf2_static_broadcaster_py'}
[0.000646] (-) JobUnselected: {'identifier': 'turtlesim_linear_cpp'}
[0.000653] (-) JobUnselected: {'identifier': 'turtlesim_linear_py'}
[0.000660] (-) EventReactorShutdown: {}
