[0.037s] Invoking command in '/Users/professormichel/Documents/GitHub/energy-ros2-cpp-python/build/action_tutorials_interfaces': SHLVL=2 VIRTUAL_ENV_PROMPT=(.venv) _=/usr/bin/env /opt/homebrew/bin/cmake /Users/professormichel/Documents/GitHub/energy-ros2-cpp-python/src/action_tutorials_interfaces -DCMAKE_INSTALL_PREFIX=/Users/professormichel/Documents/GitHub/energy-ros2-cpp-python/install/action_tutorials_interfaces
[0.723s] -- The C compiler identification is AppleClang 15.0.0.15000309
[0.820s] -- The CXX compiler identification is AppleClang 15.0.0.15000309
[0.830s] -- Detecting C compiler ABI info
[1.116s] -- Detecting C compiler ABI info - done
[1.455s] -- Check for working C compiler: /Library/Developer/CommandLineTools/usr/bin/cc - skipped
[1.455s] -- Detecting C compile features
[1.455s] -- Detecting C compile features - done
[1.455s] -- Detecting CXX compiler ABI info
[1.455s] -- Detecting CXX compiler ABI info - done
[1.455s] -- Check for working CXX compiler: /Library/Developer/CommandLineTools/usr/bin/c++ - skipped
[1.455s] -- Detecting CXX compile features
[1.455s] -- Detecting CXX compile features - done
[1.455s] -- Configuring incomplete, errors occurred!
[1.465s] CMake Error at CMakeLists.txt:9 (find_package):
[1.466s]   By not providing "Findament_cmake.cmake" in CMAKE_MODULE_PATH this project
[1.466s]   has asked CMake to find a package configuration file provided by
[1.466s]   "ament_cmake", but CMake did not find one.
[1.466s] 
[1.466s]   Could not find a package configuration file provided by "ament_cmake" with
[1.467s]   any of the following names:
[1.467s] 
[1.467s]     ament_cmakeConfig.cmake
[1.467s]     ament_cmake-config.cmake
[1.467s] 
[1.468s]   Add the installation prefix of "ament_cmake" to CMAKE_PREFIX_PATH or set
[1.468s]   "ament_cmake_DIR" to a directory containing one of the above files.  If
[1.468s]   "ament_cmake" provides a separate development package or SDK, be sure it
[1.468s]   has been installed.
[1.468s] 
[1.468s] 
[1.478s] Invoked command in '/Users/professormichel/Documents/GitHub/energy-ros2-cpp-python/build/action_tutorials_interfaces' returned '1': SHLVL=2 VIRTUAL_ENV_PROMPT=(.venv) _=/usr/bin/env /opt/homebrew/bin/cmake /Users/professormichel/Documents/GitHub/energy-ros2-cpp-python/src/action_tutorials_interfaces -DCMAKE_INSTALL_PREFIX=/Users/professormichel/Documents/GitHub/energy-ros2-cpp-python/install/action_tutorials_interfaces
