[0.000000] (-) TimerEvent: {}
[0.000099] (-) JobUnselected: {'identifier': 'action_tutorials_cpp'}
[0.000120] (-) JobUnselected: {'identifier': 'action_tutorials_interfaces'}
[0.000133] (-) JobUnselected: {'identifier': 'ament_cmake'}
[0.000206] (-) JobUnselected: {'identifier': 'ament_cmake_auto'}
[0.000220] (-) JobUnselected: {'identifier': 'ament_cmake_core'}
[0.000230] (-) JobUnselected: {'identifier': 'ament_cmake_export_definitions'}
[0.000243] (-) JobUnselected: {'identifier': 'ament_cmake_export_dependencies'}
[0.000271] (-) JobUnselected: {'identifier': 'ament_cmake_export_include_directories'}
[0.000283] (-) JobUnselected: {'identifier': 'ament_cmake_export_interfaces'}
[0.000294] (-) JobUnselected: {'identifier': 'ament_cmake_export_libraries'}
[0.000302] (-) JobUnselected: {'identifier': 'ament_cmake_export_link_flags'}
[0.000310] (-) JobUnselected: {'identifier': 'ament_cmake_export_targets'}
[0.000318] (-) JobUnselected: {'identifier': 'ament_cmake_gen_version_h'}
[0.000325] (-) JobUnselected: {'identifier': 'ament_cmake_gmock'}
[0.000333] (-) JobUnselected: {'identifier': 'ament_cmake_google_benchmark'}
[0.000341] (-) JobUnselected: {'identifier': 'ament_cmake_gtest'}
[0.000348] (-) JobUnselected: {'identifier': 'ament_cmake_include_directories'}
[0.000356] (-) JobUnselected: {'identifier': 'ament_cmake_libraries'}
[0.000363] (-) JobUnselected: {'identifier': 'ament_cmake_pytest'}
[0.000433] (-) JobUnselected: {'identifier': 'ament_cmake_python'}
[0.000445] (-) JobUnselected: {'identifier': 'ament_cmake_target_dependencies'}
[0.000453] (-) JobUnselected: {'identifier': 'ament_cmake_test'}
[0.000461] (-) JobUnselected: {'identifier': 'ament_cmake_vendor_package'}
[0.000469] (-) JobUnselected: {'identifier': 'ament_cmake_version'}
[0.000476] (-) JobUnselected: {'identifier': 'ament_package'}
[0.000483] (-) JobUnselected: {'identifier': 'comp_simple_publisher_subscriber_cpp'}
[0.000491] (-) JobUnselected: {'identifier': 'my_turtlesim'}
[0.000498] (-) JobUnselected: {'identifier': 'my_turtlesim_cpp'}
[0.000504] (-) JobUnselected: {'identifier': 'polygon_base'}
[0.000511] (-) JobUnselected: {'identifier': 'polygon_plugins'}
[0.000518] (-) JobUnselected: {'identifier': 'simple_pub_sub_cpp'}
[0.000525] (-) JobUnselected: {'identifier': 'simple_pub_sub_py'}
[0.000532] (-) JobUnselected: {'identifier': 'simple_publisher_subscriber_cpp'}
[0.000540] (-) JobUnselected: {'identifier': 'simple_publisher_subscriber_py'}
[0.000547] (-) JobUnselected: {'identifier': 'simple_service_client_cpp'}
[0.000554] (-) JobUnselected: {'identifier': 'simple_service_client_py'}
[0.000561] (-) JobUnselected: {'identifier': 'tf2_broadcaster_cpp'}
[0.000567] (-) JobUnselected: {'identifier': 'tf2_broadcaster_py'}
[0.000574] (-) JobUnselected: {'identifier': 'tf2_listener_cpp'}
[0.000581] (-) JobUnselected: {'identifier': 'tf2_listener_py'}
[0.000588] (-) JobUnselected: {'identifier': 'tf2_static_broadcaster_cpp'}
[0.000595] (-) JobUnselected: {'identifier': 'tf2_static_broadcaster_py'}
[0.000602] (-) JobUnselected: {'identifier': 'turtlesim_linear_cpp'}
[0.000609] (-) JobUnselected: {'identifier': 'turtlesim_linear_py'}
[0.000616] (-) EventReactorShutdown: {}
