[0.075s] DEBUG:colcon:Command line arguments: ['/Users/professormichel/Documents/GitHub/energy-ros2-cpp-python/.venv/bin/colcon', 'build', '--packages-select', 'ament_cmake']
[0.075s] DEBUG:colcon:Parsed command line arguments: Namespace(log_base=None, log_level=None, verb_name='build', build_base='build', install_base='install', merge_install=False, symlink_install=False, test_result_base=None, continue_on_error=False, executor='parallel', parallel_workers=8, event_handlers=None, ignore_user_meta=False, metas=['./colcon.meta'], base_paths=['.'], packages_ignore=None, packages_ignore_regex=None, paths=None, packages_up_to=None, packages_up_to_regex=None, packages_above=None, packages_above_and_dependencies=None, packages_above_depth=None, packages_select_by_dep=None, packages_skip_by_dep=None, packages_skip_up_to=None, packages_select_build_failed=False, packages_skip_build_finished=False, packages_select_test_failures=False, packages_skip_test_passed=False, packages_select=['ament_cmake'], packages_skip=None, packages_select_regex=None, packages_skip_regex=None, packages_start=None, packages_end=None, cmake_args=None, cmake_target=None, cmake_target_skip_unavailable=False, cmake_clean_cache=False, cmake_clean_first=False, cmake_force_configure=False, ament_cmake_args=None, catkin_cmake_args=None, catkin_skip_building_tests=False, verb_parser=<colcon_defaults.argument_parser.defaults.DefaultArgumentsDecorator object at 0x10427b250>, verb_extension=<colcon_core.verb.build.BuildVerb object at 0x1029552d0>, main=<bound method BuildVerb.main of <colcon_core.verb.build.BuildVerb object at 0x1029552d0>>)
[0.129s] Level 1:colcon.colcon_core.package_discovery:discover_packages(colcon_meta) check parameters
[0.129s] Level 1:colcon.colcon_core.package_discovery:discover_packages(recursive) check parameters
[0.129s] Level 1:colcon.colcon_core.package_discovery:discover_packages(ignore) check parameters
[0.129s] Level 1:colcon.colcon_core.package_discovery:discover_packages(path) check parameters
[0.129s] Level 1:colcon.colcon_core.package_discovery:discover_packages(colcon_meta) discover
[0.129s] Level 1:colcon.colcon_core.package_discovery:discover_packages(recursive) discover
[0.129s] INFO:colcon.colcon_core.package_discovery:Crawling recursively for packages in '/Users/professormichel/Documents/GitHub/energy-ros2-cpp-python'
[0.129s] Level 1:colcon.colcon_core.package_identification:_identify(.) by extensions ['ignore', 'ignore_ament_install']
[0.129s] Level 1:colcon.colcon_core.package_identification:_identify(.) by extension 'ignore'
[0.129s] Level 1:colcon.colcon_core.package_identification:_identify(.) by extension 'ignore_ament_install'
[0.129s] Level 1:colcon.colcon_core.package_identification:_identify(.) by extensions ['colcon_pkg']
[0.129s] Level 1:colcon.colcon_core.package_identification:_identify(.) by extension 'colcon_pkg'
[0.129s] Level 1:colcon.colcon_core.package_identification:_identify(.) by extensions ['colcon_meta']
[0.129s] Level 1:colcon.colcon_core.package_identification:_identify(.) by extension 'colcon_meta'
[0.129s] Level 1:colcon.colcon_core.package_identification:_identify(.) by extensions ['ros']
[0.129s] Level 1:colcon.colcon_core.package_identification:_identify(.) by extension 'ros'
[0.148s] Level 1:colcon.colcon_core.package_identification:_identify(.) by extensions ['cmake', 'python']
[0.148s] Level 1:colcon.colcon_core.package_identification:_identify(.) by extension 'cmake'
[0.148s] Level 1:colcon.colcon_core.package_identification:_identify(.) by extension 'python'
[0.148s] Level 1:colcon.colcon_core.package_identification:_identify(.) by extensions ['python_setup_py']
[0.148s] Level 1:colcon.colcon_core.package_identification:_identify(.) by extension 'python_setup_py'
[0.148s] Level 1:colcon.colcon_core.package_identification:_identify(build) by extensions ['ignore', 'ignore_ament_install']
[0.148s] Level 1:colcon.colcon_core.package_identification:_identify(build) by extension 'ignore'
[0.148s] Level 1:colcon.colcon_core.package_identification:_identify(build) ignored
[0.148s] Level 1:colcon.colcon_core.package_identification:_identify(code) by extensions ['ignore', 'ignore_ament_install']
[0.149s] Level 1:colcon.colcon_core.package_identification:_identify(code) by extension 'ignore'
[0.149s] Level 1:colcon.colcon_core.package_identification:_identify(code) by extension 'ignore_ament_install'
[0.149s] Level 1:colcon.colcon_core.package_identification:_identify(code) by extensions ['colcon_pkg']
[0.149s] Level 1:colcon.colcon_core.package_identification:_identify(code) by extension 'colcon_pkg'
[0.149s] Level 1:colcon.colcon_core.package_identification:_identify(code) by extensions ['colcon_meta']
[0.149s] Level 1:colcon.colcon_core.package_identification:_identify(code) by extension 'colcon_meta'
[0.149s] Level 1:colcon.colcon_core.package_identification:_identify(code) by extensions ['ros']
[0.149s] Level 1:colcon.colcon_core.package_identification:_identify(code) by extension 'ros'
[0.149s] Level 1:colcon.colcon_core.package_identification:_identify(code) by extensions ['cmake', 'python']
[0.149s] Level 1:colcon.colcon_core.package_identification:_identify(code) by extension 'cmake'
[0.149s] Level 1:colcon.colcon_core.package_identification:_identify(code) by extension 'python'
[0.149s] Level 1:colcon.colcon_core.package_identification:_identify(code) by extensions ['python_setup_py']
[0.149s] Level 1:colcon.colcon_core.package_identification:_identify(code) by extension 'python_setup_py'
[0.149s] Level 1:colcon.colcon_core.package_identification:_identify(code/cpp) by extensions ['ignore', 'ignore_ament_install']
[0.149s] Level 1:colcon.colcon_core.package_identification:_identify(code/cpp) by extension 'ignore'
[0.149s] Level 1:colcon.colcon_core.package_identification:_identify(code/cpp) by extension 'ignore_ament_install'
[0.149s] Level 1:colcon.colcon_core.package_identification:_identify(code/cpp) by extensions ['colcon_pkg']
[0.149s] Level 1:colcon.colcon_core.package_identification:_identify(code/cpp) by extension 'colcon_pkg'
[0.149s] Level 1:colcon.colcon_core.package_identification:_identify(code/cpp) by extensions ['colcon_meta']
[0.149s] Level 1:colcon.colcon_core.package_identification:_identify(code/cpp) by extension 'colcon_meta'
[0.149s] Level 1:colcon.colcon_core.package_identification:_identify(code/cpp) by extensions ['ros']
[0.149s] Level 1:colcon.colcon_core.package_identification:_identify(code/cpp) by extension 'ros'
[0.149s] Level 1:colcon.colcon_core.package_identification:_identify(code/cpp) by extensions ['cmake', 'python']
[0.149s] Level 1:colcon.colcon_core.package_identification:_identify(code/cpp) by extension 'cmake'
[0.149s] Level 1:colcon.colcon_core.package_identification:_identify(code/cpp) by extension 'python'
[0.149s] Level 1:colcon.colcon_core.package_identification:_identify(code/cpp) by extensions ['python_setup_py']
[0.149s] Level 1:colcon.colcon_core.package_identification:_identify(code/cpp) by extension 'python_setup_py'
[0.149s] Level 1:colcon.colcon_core.package_identification:_identify(code/cpp/simple_pub_sub) by extensions ['ignore', 'ignore_ament_install']
[0.149s] Level 1:colcon.colcon_core.package_identification:_identify(code/cpp/simple_pub_sub) by extension 'ignore'
[0.149s] Level 1:colcon.colcon_core.package_identification:_identify(code/cpp/simple_pub_sub) by extension 'ignore_ament_install'
[0.149s] Level 1:colcon.colcon_core.package_identification:_identify(code/cpp/simple_pub_sub) by extensions ['colcon_pkg']
[0.149s] Level 1:colcon.colcon_core.package_identification:_identify(code/cpp/simple_pub_sub) by extension 'colcon_pkg'
[0.149s] Level 1:colcon.colcon_core.package_identification:_identify(code/cpp/simple_pub_sub) by extensions ['colcon_meta']
[0.149s] Level 1:colcon.colcon_core.package_identification:_identify(code/cpp/simple_pub_sub) by extension 'colcon_meta'
[0.149s] Level 1:colcon.colcon_core.package_identification:_identify(code/cpp/simple_pub_sub) by extensions ['ros']
[0.149s] Level 1:colcon.colcon_core.package_identification:_identify(code/cpp/simple_pub_sub) by extension 'ros'
[0.149s] Level 1:colcon.colcon_core.package_identification:_identify(code/cpp/simple_pub_sub) by extensions ['cmake', 'python']
[0.149s] Level 1:colcon.colcon_core.package_identification:_identify(code/cpp/simple_pub_sub) by extension 'cmake'
[0.149s] Level 1:colcon.colcon_core.package_identification:_identify(code/cpp/simple_pub_sub) by extension 'python'
[0.149s] Level 1:colcon.colcon_core.package_identification:_identify(code/cpp/simple_pub_sub) by extensions ['python_setup_py']
[0.149s] Level 1:colcon.colcon_core.package_identification:_identify(code/cpp/simple_pub_sub) by extension 'python_setup_py'
[0.149s] Level 1:colcon.colcon_core.package_identification:_identify(data) by extensions ['ignore', 'ignore_ament_install']
[0.149s] Level 1:colcon.colcon_core.package_identification:_identify(data) by extension 'ignore'
[0.149s] Level 1:colcon.colcon_core.package_identification:_identify(data) by extension 'ignore_ament_install'
[0.149s] Level 1:colcon.colcon_core.package_identification:_identify(data) by extensions ['colcon_pkg']
[0.149s] Level 1:colcon.colcon_core.package_identification:_identify(data) by extension 'colcon_pkg'
[0.149s] Level 1:colcon.colcon_core.package_identification:_identify(data) by extensions ['colcon_meta']
[0.149s] Level 1:colcon.colcon_core.package_identification:_identify(data) by extension 'colcon_meta'
[0.149s] Level 1:colcon.colcon_core.package_identification:_identify(data) by extensions ['ros']
[0.149s] Level 1:colcon.colcon_core.package_identification:_identify(data) by extension 'ros'
[0.149s] Level 1:colcon.colcon_core.package_identification:_identify(data) by extensions ['cmake', 'python']
[0.149s] Level 1:colcon.colcon_core.package_identification:_identify(data) by extension 'cmake'
[0.149s] Level 1:colcon.colcon_core.package_identification:_identify(data) by extension 'python'
[0.149s] Level 1:colcon.colcon_core.package_identification:_identify(data) by extensions ['python_setup_py']
[0.149s] Level 1:colcon.colcon_core.package_identification:_identify(data) by extension 'python_setup_py'
[0.150s] Level 1:colcon.colcon_core.package_identification:_identify(data/analysis) by extensions ['ignore', 'ignore_ament_install']
[0.150s] Level 1:colcon.colcon_core.package_identification:_identify(data/analysis) by extension 'ignore'
[0.150s] Level 1:colcon.colcon_core.package_identification:_identify(data/analysis) by extension 'ignore_ament_install'
[0.150s] Level 1:colcon.colcon_core.package_identification:_identify(data/analysis) by extensions ['colcon_pkg']
[0.150s] Level 1:colcon.colcon_core.package_identification:_identify(data/analysis) by extension 'colcon_pkg'
[0.150s] Level 1:colcon.colcon_core.package_identification:_identify(data/analysis) by extensions ['colcon_meta']
[0.150s] Level 1:colcon.colcon_core.package_identification:_identify(data/analysis) by extension 'colcon_meta'
[0.150s] Level 1:colcon.colcon_core.package_identification:_identify(data/analysis) by extensions ['ros']
[0.150s] Level 1:colcon.colcon_core.package_identification:_identify(data/analysis) by extension 'ros'
[0.150s] Level 1:colcon.colcon_core.package_identification:_identify(data/analysis) by extensions ['cmake', 'python']
[0.150s] Level 1:colcon.colcon_core.package_identification:_identify(data/analysis) by extension 'cmake'
[0.150s] Level 1:colcon.colcon_core.package_identification:_identify(data/analysis) by extension 'python'
[0.150s] Level 1:colcon.colcon_core.package_identification:_identify(data/analysis) by extensions ['python_setup_py']
[0.150s] Level 1:colcon.colcon_core.package_identification:_identify(data/analysis) by extension 'python_setup_py'
[0.150s] Level 1:colcon.colcon_core.package_identification:_identify(data/analysis/figs) by extensions ['ignore', 'ignore_ament_install']
[0.150s] Level 1:colcon.colcon_core.package_identification:_identify(data/analysis/figs) by extension 'ignore'
[0.150s] Level 1:colcon.colcon_core.package_identification:_identify(data/analysis/figs) by extension 'ignore_ament_install'
[0.150s] Level 1:colcon.colcon_core.package_identification:_identify(data/analysis/figs) by extensions ['colcon_pkg']
[0.150s] Level 1:colcon.colcon_core.package_identification:_identify(data/analysis/figs) by extension 'colcon_pkg'
[0.150s] Level 1:colcon.colcon_core.package_identification:_identify(data/analysis/figs) by extensions ['colcon_meta']
[0.150s] Level 1:colcon.colcon_core.package_identification:_identify(data/analysis/figs) by extension 'colcon_meta'
[0.150s] Level 1:colcon.colcon_core.package_identification:_identify(data/analysis/figs) by extensions ['ros']
[0.150s] Level 1:colcon.colcon_core.package_identification:_identify(data/analysis/figs) by extension 'ros'
[0.150s] Level 1:colcon.colcon_core.package_identification:_identify(data/analysis/figs) by extensions ['cmake', 'python']
[0.150s] Level 1:colcon.colcon_core.package_identification:_identify(data/analysis/figs) by extension 'cmake'
[0.150s] Level 1:colcon.colcon_core.package_identification:_identify(data/analysis/figs) by extension 'python'
[0.150s] Level 1:colcon.colcon_core.package_identification:_identify(data/analysis/figs) by extensions ['python_setup_py']
[0.150s] Level 1:colcon.colcon_core.package_identification:_identify(data/analysis/figs) by extension 'python_setup_py'
[0.150s] Level 1:colcon.colcon_core.package_identification:_identify(exp-runners) by extensions ['ignore', 'ignore_ament_install']
[0.150s] Level 1:colcon.colcon_core.package_identification:_identify(exp-runners) by extension 'ignore'
[0.150s] Level 1:colcon.colcon_core.package_identification:_identify(exp-runners) by extension 'ignore_ament_install'
[0.150s] Level 1:colcon.colcon_core.package_identification:_identify(exp-runners) by extensions ['colcon_pkg']
[0.150s] Level 1:colcon.colcon_core.package_identification:_identify(exp-runners) by extension 'colcon_pkg'
[0.150s] Level 1:colcon.colcon_core.package_identification:_identify(exp-runners) by extensions ['colcon_meta']
[0.150s] Level 1:colcon.colcon_core.package_identification:_identify(exp-runners) by extension 'colcon_meta'
[0.150s] Level 1:colcon.colcon_core.package_identification:_identify(exp-runners) by extensions ['ros']
[0.150s] Level 1:colcon.colcon_core.package_identification:_identify(exp-runners) by extension 'ros'
[0.150s] Level 1:colcon.colcon_core.package_identification:_identify(exp-runners) by extensions ['cmake', 'python']
[0.150s] Level 1:colcon.colcon_core.package_identification:_identify(exp-runners) by extension 'cmake'
[0.150s] Level 1:colcon.colcon_core.package_identification:_identify(exp-runners) by extension 'python'
[0.150s] Level 1:colcon.colcon_core.package_identification:_identify(exp-runners) by extensions ['python_setup_py']
[0.150s] Level 1:colcon.colcon_core.package_identification:_identify(exp-runners) by extension 'python_setup_py'
[0.150s] Level 1:colcon.colcon_core.package_identification:_identify(exp-runners/log) by extensions ['ignore', 'ignore_ament_install']
[0.150s] Level 1:colcon.colcon_core.package_identification:_identify(exp-runners/log) by extension 'ignore'
[0.150s] Level 1:colcon.colcon_core.package_identification:_identify(exp-runners/log) by extension 'ignore_ament_install'
[0.150s] Level 1:colcon.colcon_core.package_identification:_identify(exp-runners/log) by extensions ['colcon_pkg']
[0.150s] Level 1:colcon.colcon_core.package_identification:_identify(exp-runners/log) by extension 'colcon_pkg'
[0.150s] Level 1:colcon.colcon_core.package_identification:_identify(exp-runners/log) by extensions ['colcon_meta']
[0.150s] Level 1:colcon.colcon_core.package_identification:_identify(exp-runners/log) by extension 'colcon_meta'
[0.150s] Level 1:colcon.colcon_core.package_identification:_identify(exp-runners/log) by extensions ['ros']
[0.150s] Level 1:colcon.colcon_core.package_identification:_identify(exp-runners/log) by extension 'ros'
[0.150s] Level 1:colcon.colcon_core.package_identification:_identify(exp-runners/log) by extensions ['cmake', 'python']
[0.150s] Level 1:colcon.colcon_core.package_identification:_identify(exp-runners/log) by extension 'cmake'
[0.150s] Level 1:colcon.colcon_core.package_identification:_identify(exp-runners/log) by extension 'python'
[0.151s] Level 1:colcon.colcon_core.package_identification:_identify(exp-runners/log) by extensions ['python_setup_py']
[0.151s] Level 1:colcon.colcon_core.package_identification:_identify(exp-runners/log) by extension 'python_setup_py'
[0.151s] Level 1:colcon.colcon_core.package_identification:_identify(install) by extensions ['ignore', 'ignore_ament_install']
[0.151s] Level 1:colcon.colcon_core.package_identification:_identify(install) by extension 'ignore'
[0.151s] Level 1:colcon.colcon_core.package_identification:_identify(install) ignored
[0.151s] Level 1:colcon.colcon_core.package_identification:_identify(log) by extensions ['ignore', 'ignore_ament_install']
[0.151s] Level 1:colcon.colcon_core.package_identification:_identify(log) by extension 'ignore'
[0.151s] Level 1:colcon.colcon_core.package_identification:_identify(log) ignored
[0.151s] Level 1:colcon.colcon_core.package_identification:_identify(src) by extensions ['ignore', 'ignore_ament_install']
[0.151s] Level 1:colcon.colcon_core.package_identification:_identify(src) by extension 'ignore'
[0.151s] Level 1:colcon.colcon_core.package_identification:_identify(src) by extension 'ignore_ament_install'
[0.151s] Level 1:colcon.colcon_core.package_identification:_identify(src) by extensions ['colcon_pkg']
[0.151s] Level 1:colcon.colcon_core.package_identification:_identify(src) by extension 'colcon_pkg'
[0.151s] Level 1:colcon.colcon_core.package_identification:_identify(src) by extensions ['colcon_meta']
[0.151s] Level 1:colcon.colcon_core.package_identification:_identify(src) by extension 'colcon_meta'
[0.151s] Level 1:colcon.colcon_core.package_identification:_identify(src) by extensions ['ros']
[0.151s] Level 1:colcon.colcon_core.package_identification:_identify(src) by extension 'ros'
[0.151s] Level 1:colcon.colcon_core.package_identification:_identify(src) by extensions ['cmake', 'python']
[0.151s] Level 1:colcon.colcon_core.package_identification:_identify(src) by extension 'cmake'
[0.151s] Level 1:colcon.colcon_core.package_identification:_identify(src) by extension 'python'
[0.151s] Level 1:colcon.colcon_core.package_identification:_identify(src) by extensions ['python_setup_py']
[0.151s] Level 1:colcon.colcon_core.package_identification:_identify(src) by extension 'python_setup_py'
[0.151s] Level 1:colcon.colcon_core.package_identification:_identify(src/action_tutorials_cpp) by extensions ['ignore', 'ignore_ament_install']
[0.151s] Level 1:colcon.colcon_core.package_identification:_identify(src/action_tutorials_cpp) by extension 'ignore'
[0.151s] Level 1:colcon.colcon_core.package_identification:_identify(src/action_tutorials_cpp) by extension 'ignore_ament_install'
[0.151s] Level 1:colcon.colcon_core.package_identification:_identify(src/action_tutorials_cpp) by extensions ['colcon_pkg']
[0.151s] Level 1:colcon.colcon_core.package_identification:_identify(src/action_tutorials_cpp) by extension 'colcon_pkg'
[0.151s] Level 1:colcon.colcon_core.package_identification:_identify(src/action_tutorials_cpp) by extensions ['colcon_meta']
[0.151s] Level 1:colcon.colcon_core.package_identification:_identify(src/action_tutorials_cpp) by extension 'colcon_meta'
[0.151s] Level 1:colcon.colcon_core.package_identification:_identify(src/action_tutorials_cpp) by extensions ['ros']
[0.151s] Level 1:colcon.colcon_core.package_identification:_identify(src/action_tutorials_cpp) by extension 'ros'
[0.153s] DEBUG:colcon.colcon_core.package_identification:Package 'src/action_tutorials_cpp' with type 'ros.ament_cmake' and name 'action_tutorials_cpp'
[0.153s] Level 1:colcon.colcon_core.package_identification:_identify(src/action_tutorials_interfaces) by extensions ['ignore', 'ignore_ament_install']
[0.153s] Level 1:colcon.colcon_core.package_identification:_identify(src/action_tutorials_interfaces) by extension 'ignore'
[0.153s] Level 1:colcon.colcon_core.package_identification:_identify(src/action_tutorials_interfaces) by extension 'ignore_ament_install'
[0.153s] Level 1:colcon.colcon_core.package_identification:_identify(src/action_tutorials_interfaces) by extensions ['colcon_pkg']
[0.153s] Level 1:colcon.colcon_core.package_identification:_identify(src/action_tutorials_interfaces) by extension 'colcon_pkg'
[0.153s] Level 1:colcon.colcon_core.package_identification:_identify(src/action_tutorials_interfaces) by extensions ['colcon_meta']
[0.153s] Level 1:colcon.colcon_core.package_identification:_identify(src/action_tutorials_interfaces) by extension 'colcon_meta'
[0.153s] Level 1:colcon.colcon_core.package_identification:_identify(src/action_tutorials_interfaces) by extensions ['ros']
[0.153s] Level 1:colcon.colcon_core.package_identification:_identify(src/action_tutorials_interfaces) by extension 'ros'
[0.153s] DEBUG:colcon.colcon_core.package_identification:Package 'src/action_tutorials_interfaces' with type 'ros.ament_cmake' and name 'action_tutorials_interfaces'
[0.153s] Level 1:colcon.colcon_core.package_identification:_identify(src/action_tutorials_py) by extensions ['ignore', 'ignore_ament_install']
[0.153s] Level 1:colcon.colcon_core.package_identification:_identify(src/action_tutorials_py) by extension 'ignore'
[0.153s] Level 1:colcon.colcon_core.package_identification:_identify(src/action_tutorials_py) by extension 'ignore_ament_install'
[0.153s] Level 1:colcon.colcon_core.package_identification:_identify(src/action_tutorials_py) by extensions ['colcon_pkg']
[0.153s] Level 1:colcon.colcon_core.package_identification:_identify(src/action_tutorials_py) by extension 'colcon_pkg'
[0.153s] Level 1:colcon.colcon_core.package_identification:_identify(src/action_tutorials_py) by extensions ['colcon_meta']
[0.153s] Level 1:colcon.colcon_core.package_identification:_identify(src/action_tutorials_py) by extension 'colcon_meta'
[0.153s] Level 1:colcon.colcon_core.package_identification:_identify(src/action_tutorials_py) by extensions ['ros']
[0.153s] Level 1:colcon.colcon_core.package_identification:_identify(src/action_tutorials_py) by extension 'ros'
[0.153s] Level 1:colcon.colcon_core.package_identification:_identify(src/action_tutorials_py) by extensions ['cmake', 'python']
[0.153s] Level 1:colcon.colcon_core.package_identification:_identify(src/action_tutorials_py) by extension 'cmake'
[0.153s] Level 1:colcon.colcon_core.package_identification:_identify(src/action_tutorials_py) by extension 'python'
[0.153s] Level 1:colcon.colcon_core.package_identification:_identify(src/action_tutorials_py) by extensions ['python_setup_py']
[0.153s] Level 1:colcon.colcon_core.package_identification:_identify(src/action_tutorials_py) by extension 'python_setup_py'
[0.154s] Level 1:colcon.colcon_core.package_identification:_identify(src/ament_cmake) by extensions ['ignore', 'ignore_ament_install']
[0.154s] Level 1:colcon.colcon_core.package_identification:_identify(src/ament_cmake) by extension 'ignore'
[0.154s] Level 1:colcon.colcon_core.package_identification:_identify(src/ament_cmake) by extension 'ignore_ament_install'
[0.154s] Level 1:colcon.colcon_core.package_identification:_identify(src/ament_cmake) by extensions ['colcon_pkg']
[0.154s] Level 1:colcon.colcon_core.package_identification:_identify(src/ament_cmake) by extension 'colcon_pkg'
[0.154s] Level 1:colcon.colcon_core.package_identification:_identify(src/ament_cmake) by extensions ['colcon_meta']
[0.154s] Level 1:colcon.colcon_core.package_identification:_identify(src/ament_cmake) by extension 'colcon_meta'
[0.154s] Level 1:colcon.colcon_core.package_identification:_identify(src/ament_cmake) by extensions ['ros']
[0.154s] Level 1:colcon.colcon_core.package_identification:_identify(src/ament_cmake) by extension 'ros'
[0.154s] Level 1:colcon.colcon_core.package_identification:_identify(src/ament_cmake) by extensions ['cmake', 'python']
[0.154s] Level 1:colcon.colcon_core.package_identification:_identify(src/ament_cmake) by extension 'cmake'
[0.154s] Level 1:colcon.colcon_core.package_identification:_identify(src/ament_cmake) by extension 'python'
[0.154s] Level 1:colcon.colcon_core.package_identification:_identify(src/ament_cmake) by extensions ['python_setup_py']
[0.154s] Level 1:colcon.colcon_core.package_identification:_identify(src/ament_cmake) by extension 'python_setup_py'
[0.154s] Level 1:colcon.colcon_core.package_identification:_identify(src/ament_cmake/ament_cmake) by extensions ['ignore', 'ignore_ament_install']
[0.154s] Level 1:colcon.colcon_core.package_identification:_identify(src/ament_cmake/ament_cmake) by extension 'ignore'
[0.154s] Level 1:colcon.colcon_core.package_identification:_identify(src/ament_cmake/ament_cmake) by extension 'ignore_ament_install'
[0.154s] Level 1:colcon.colcon_core.package_identification:_identify(src/ament_cmake/ament_cmake) by extensions ['colcon_pkg']
[0.154s] Level 1:colcon.colcon_core.package_identification:_identify(src/ament_cmake/ament_cmake) by extension 'colcon_pkg'
[0.154s] Level 1:colcon.colcon_core.package_identification:_identify(src/ament_cmake/ament_cmake) by extensions ['colcon_meta']
[0.154s] Level 1:colcon.colcon_core.package_identification:_identify(src/ament_cmake/ament_cmake) by extension 'colcon_meta'
[0.154s] Level 1:colcon.colcon_core.package_identification:_identify(src/ament_cmake/ament_cmake) by extensions ['ros']
[0.154s] Level 1:colcon.colcon_core.package_identification:_identify(src/ament_cmake/ament_cmake) by extension 'ros'
[0.154s] DEBUG:colcon.colcon_core.package_identification:Package 'src/ament_cmake/ament_cmake' with type 'ros.ament_cmake' and name 'ament_cmake'
[0.154s] Level 1:colcon.colcon_core.package_identification:_identify(src/ament_cmake/ament_cmake_auto) by extensions ['ignore', 'ignore_ament_install']
[0.154s] Level 1:colcon.colcon_core.package_identification:_identify(src/ament_cmake/ament_cmake_auto) by extension 'ignore'
[0.154s] Level 1:colcon.colcon_core.package_identification:_identify(src/ament_cmake/ament_cmake_auto) by extension 'ignore_ament_install'
[0.154s] Level 1:colcon.colcon_core.package_identification:_identify(src/ament_cmake/ament_cmake_auto) by extensions ['colcon_pkg']
[0.154s] Level 1:colcon.colcon_core.package_identification:_identify(src/ament_cmake/ament_cmake_auto) by extension 'colcon_pkg'
[0.154s] Level 1:colcon.colcon_core.package_identification:_identify(src/ament_cmake/ament_cmake_auto) by extensions ['colcon_meta']
[0.154s] Level 1:colcon.colcon_core.package_identification:_identify(src/ament_cmake/ament_cmake_auto) by extension 'colcon_meta'
[0.154s] Level 1:colcon.colcon_core.package_identification:_identify(src/ament_cmake/ament_cmake_auto) by extensions ['ros']
[0.154s] Level 1:colcon.colcon_core.package_identification:_identify(src/ament_cmake/ament_cmake_auto) by extension 'ros'
[0.155s] DEBUG:colcon.colcon_core.package_identification:Package 'src/ament_cmake/ament_cmake_auto' with type 'ros.ament_cmake' and name 'ament_cmake_auto'
[0.155s] Level 1:colcon.colcon_core.package_identification:_identify(src/ament_cmake/ament_cmake_core) by extensions ['ignore', 'ignore_ament_install']
[0.155s] Level 1:colcon.colcon_core.package_identification:_identify(src/ament_cmake/ament_cmake_core) by extension 'ignore'
[0.155s] Level 1:colcon.colcon_core.package_identification:_identify(src/ament_cmake/ament_cmake_core) by extension 'ignore_ament_install'
[0.155s] Level 1:colcon.colcon_core.package_identification:_identify(src/ament_cmake/ament_cmake_core) by extensions ['colcon_pkg']
[0.155s] Level 1:colcon.colcon_core.package_identification:_identify(src/ament_cmake/ament_cmake_core) by extension 'colcon_pkg'
[0.155s] Level 1:colcon.colcon_core.package_identification:_identify(src/ament_cmake/ament_cmake_core) by extensions ['colcon_meta']
[0.155s] Level 1:colcon.colcon_core.package_identification:_identify(src/ament_cmake/ament_cmake_core) by extension 'colcon_meta'
[0.155s] Level 1:colcon.colcon_core.package_identification:_identify(src/ament_cmake/ament_cmake_core) by extensions ['ros']
[0.155s] Level 1:colcon.colcon_core.package_identification:_identify(src/ament_cmake/ament_cmake_core) by extension 'ros'
[0.155s] DEBUG:colcon.colcon_core.package_identification:Package 'src/ament_cmake/ament_cmake_core' with type 'ros.ament_cmake' and name 'ament_cmake_core'
[0.155s] Level 1:colcon.colcon_core.package_identification:_identify(src/ament_cmake/ament_cmake_export_definitions) by extensions ['ignore', 'ignore_ament_install']
[0.155s] Level 1:colcon.colcon_core.package_identification:_identify(src/ament_cmake/ament_cmake_export_definitions) by extension 'ignore'
[0.155s] Level 1:colcon.colcon_core.package_identification:_identify(src/ament_cmake/ament_cmake_export_definitions) by extension 'ignore_ament_install'
[0.155s] Level 1:colcon.colcon_core.package_identification:_identify(src/ament_cmake/ament_cmake_export_definitions) by extensions ['colcon_pkg']
[0.155s] Level 1:colcon.colcon_core.package_identification:_identify(src/ament_cmake/ament_cmake_export_definitions) by extension 'colcon_pkg'
[0.155s] Level 1:colcon.colcon_core.package_identification:_identify(src/ament_cmake/ament_cmake_export_definitions) by extensions ['colcon_meta']
[0.155s] Level 1:colcon.colcon_core.package_identification:_identify(src/ament_cmake/ament_cmake_export_definitions) by extension 'colcon_meta'
[0.155s] Level 1:colcon.colcon_core.package_identification:_identify(src/ament_cmake/ament_cmake_export_definitions) by extensions ['ros']
[0.155s] Level 1:colcon.colcon_core.package_identification:_identify(src/ament_cmake/ament_cmake_export_definitions) by extension 'ros'
[0.155s] DEBUG:colcon.colcon_core.package_identification:Package 'src/ament_cmake/ament_cmake_export_definitions' with type 'ros.ament_cmake' and name 'ament_cmake_export_definitions'
[0.156s] Level 1:colcon.colcon_core.package_identification:_identify(src/ament_cmake/ament_cmake_export_dependencies) by extensions ['ignore', 'ignore_ament_install']
[0.156s] Level 1:colcon.colcon_core.package_identification:_identify(src/ament_cmake/ament_cmake_export_dependencies) by extension 'ignore'
[0.156s] Level 1:colcon.colcon_core.package_identification:_identify(src/ament_cmake/ament_cmake_export_dependencies) by extension 'ignore_ament_install'
[0.156s] Level 1:colcon.colcon_core.package_identification:_identify(src/ament_cmake/ament_cmake_export_dependencies) by extensions ['colcon_pkg']
[0.156s] Level 1:colcon.colcon_core.package_identification:_identify(src/ament_cmake/ament_cmake_export_dependencies) by extension 'colcon_pkg'
[0.156s] Level 1:colcon.colcon_core.package_identification:_identify(src/ament_cmake/ament_cmake_export_dependencies) by extensions ['colcon_meta']
[0.156s] Level 1:colcon.colcon_core.package_identification:_identify(src/ament_cmake/ament_cmake_export_dependencies) by extension 'colcon_meta'
[0.156s] Level 1:colcon.colcon_core.package_identification:_identify(src/ament_cmake/ament_cmake_export_dependencies) by extensions ['ros']
[0.156s] Level 1:colcon.colcon_core.package_identification:_identify(src/ament_cmake/ament_cmake_export_dependencies) by extension 'ros'
[0.156s] DEBUG:colcon.colcon_core.package_identification:Package 'src/ament_cmake/ament_cmake_export_dependencies' with type 'ros.ament_cmake' and name 'ament_cmake_export_dependencies'
[0.156s] Level 1:colcon.colcon_core.package_identification:_identify(src/ament_cmake/ament_cmake_export_include_directories) by extensions ['ignore', 'ignore_ament_install']
[0.156s] Level 1:colcon.colcon_core.package_identification:_identify(src/ament_cmake/ament_cmake_export_include_directories) by extension 'ignore'
[0.156s] Level 1:colcon.colcon_core.package_identification:_identify(src/ament_cmake/ament_cmake_export_include_directories) by extension 'ignore_ament_install'
[0.156s] Level 1:colcon.colcon_core.package_identification:_identify(src/ament_cmake/ament_cmake_export_include_directories) by extensions ['colcon_pkg']
[0.156s] Level 1:colcon.colcon_core.package_identification:_identify(src/ament_cmake/ament_cmake_export_include_directories) by extension 'colcon_pkg'
[0.156s] Level 1:colcon.colcon_core.package_identification:_identify(src/ament_cmake/ament_cmake_export_include_directories) by extensions ['colcon_meta']
[0.156s] Level 1:colcon.colcon_core.package_identification:_identify(src/ament_cmake/ament_cmake_export_include_directories) by extension 'colcon_meta'
[0.156s] Level 1:colcon.colcon_core.package_identification:_identify(src/ament_cmake/ament_cmake_export_include_directories) by extensions ['ros']
[0.156s] Level 1:colcon.colcon_core.package_identification:_identify(src/ament_cmake/ament_cmake_export_include_directories) by extension 'ros'
[0.156s] DEBUG:colcon.colcon_core.package_identification:Package 'src/ament_cmake/ament_cmake_export_include_directories' with type 'ros.ament_cmake' and name 'ament_cmake_export_include_directories'
[0.156s] Level 1:colcon.colcon_core.package_identification:_identify(src/ament_cmake/ament_cmake_export_interfaces) by extensions ['ignore', 'ignore_ament_install']
[0.156s] Level 1:colcon.colcon_core.package_identification:_identify(src/ament_cmake/ament_cmake_export_interfaces) by extension 'ignore'
[0.156s] Level 1:colcon.colcon_core.package_identification:_identify(src/ament_cmake/ament_cmake_export_interfaces) by extension 'ignore_ament_install'
[0.156s] Level 1:colcon.colcon_core.package_identification:_identify(src/ament_cmake/ament_cmake_export_interfaces) by extensions ['colcon_pkg']
[0.156s] Level 1:colcon.colcon_core.package_identification:_identify(src/ament_cmake/ament_cmake_export_interfaces) by extension 'colcon_pkg'
[0.156s] Level 1:colcon.colcon_core.package_identification:_identify(src/ament_cmake/ament_cmake_export_interfaces) by extensions ['colcon_meta']
[0.156s] Level 1:colcon.colcon_core.package_identification:_identify(src/ament_cmake/ament_cmake_export_interfaces) by extension 'colcon_meta'
[0.156s] Level 1:colcon.colcon_core.package_identification:_identify(src/ament_cmake/ament_cmake_export_interfaces) by extensions ['ros']
[0.156s] Level 1:colcon.colcon_core.package_identification:_identify(src/ament_cmake/ament_cmake_export_interfaces) by extension 'ros'
[0.157s] DEBUG:colcon.colcon_core.package_identification:Package 'src/ament_cmake/ament_cmake_export_interfaces' with type 'ros.ament_cmake' and name 'ament_cmake_export_interfaces'
[0.157s] Level 1:colcon.colcon_core.package_identification:_identify(src/ament_cmake/ament_cmake_export_libraries) by extensions ['ignore', 'ignore_ament_install']
[0.157s] Level 1:colcon.colcon_core.package_identification:_identify(src/ament_cmake/ament_cmake_export_libraries) by extension 'ignore'
[0.157s] Level 1:colcon.colcon_core.package_identification:_identify(src/ament_cmake/ament_cmake_export_libraries) by extension 'ignore_ament_install'
[0.157s] Level 1:colcon.colcon_core.package_identification:_identify(src/ament_cmake/ament_cmake_export_libraries) by extensions ['colcon_pkg']
[0.157s] Level 1:colcon.colcon_core.package_identification:_identify(src/ament_cmake/ament_cmake_export_libraries) by extension 'colcon_pkg'
[0.157s] Level 1:colcon.colcon_core.package_identification:_identify(src/ament_cmake/ament_cmake_export_libraries) by extensions ['colcon_meta']
[0.157s] Level 1:colcon.colcon_core.package_identification:_identify(src/ament_cmake/ament_cmake_export_libraries) by extension 'colcon_meta'
[0.157s] Level 1:colcon.colcon_core.package_identification:_identify(src/ament_cmake/ament_cmake_export_libraries) by extensions ['ros']
[0.157s] Level 1:colcon.colcon_core.package_identification:_identify(src/ament_cmake/ament_cmake_export_libraries) by extension 'ros'
[0.157s] DEBUG:colcon.colcon_core.package_identification:Package 'src/ament_cmake/ament_cmake_export_libraries' with type 'ros.ament_cmake' and name 'ament_cmake_export_libraries'
[0.157s] Level 1:colcon.colcon_core.package_identification:_identify(src/ament_cmake/ament_cmake_export_link_flags) by extensions ['ignore', 'ignore_ament_install']
[0.157s] Level 1:colcon.colcon_core.package_identification:_identify(src/ament_cmake/ament_cmake_export_link_flags) by extension 'ignore'
[0.157s] Level 1:colcon.colcon_core.package_identification:_identify(src/ament_cmake/ament_cmake_export_link_flags) by extension 'ignore_ament_install'
[0.157s] Level 1:colcon.colcon_core.package_identification:_identify(src/ament_cmake/ament_cmake_export_link_flags) by extensions ['colcon_pkg']
[0.157s] Level 1:colcon.colcon_core.package_identification:_identify(src/ament_cmake/ament_cmake_export_link_flags) by extension 'colcon_pkg'
[0.157s] Level 1:colcon.colcon_core.package_identification:_identify(src/ament_cmake/ament_cmake_export_link_flags) by extensions ['colcon_meta']
[0.157s] Level 1:colcon.colcon_core.package_identification:_identify(src/ament_cmake/ament_cmake_export_link_flags) by extension 'colcon_meta'
[0.157s] Level 1:colcon.colcon_core.package_identification:_identify(src/ament_cmake/ament_cmake_export_link_flags) by extensions ['ros']
[0.157s] Level 1:colcon.colcon_core.package_identification:_identify(src/ament_cmake/ament_cmake_export_link_flags) by extension 'ros'
[0.157s] DEBUG:colcon.colcon_core.package_identification:Package 'src/ament_cmake/ament_cmake_export_link_flags' with type 'ros.ament_cmake' and name 'ament_cmake_export_link_flags'
[0.157s] Level 1:colcon.colcon_core.package_identification:_identify(src/ament_cmake/ament_cmake_export_targets) by extensions ['ignore', 'ignore_ament_install']
[0.157s] Level 1:colcon.colcon_core.package_identification:_identify(src/ament_cmake/ament_cmake_export_targets) by extension 'ignore'
[0.157s] Level 1:colcon.colcon_core.package_identification:_identify(src/ament_cmake/ament_cmake_export_targets) by extension 'ignore_ament_install'
[0.157s] Level 1:colcon.colcon_core.package_identification:_identify(src/ament_cmake/ament_cmake_export_targets) by extensions ['colcon_pkg']
[0.157s] Level 1:colcon.colcon_core.package_identification:_identify(src/ament_cmake/ament_cmake_export_targets) by extension 'colcon_pkg'
[0.157s] Level 1:colcon.colcon_core.package_identification:_identify(src/ament_cmake/ament_cmake_export_targets) by extensions ['colcon_meta']
[0.158s] Level 1:colcon.colcon_core.package_identification:_identify(src/ament_cmake/ament_cmake_export_targets) by extension 'colcon_meta'
[0.158s] Level 1:colcon.colcon_core.package_identification:_identify(src/ament_cmake/ament_cmake_export_targets) by extensions ['ros']
[0.158s] Level 1:colcon.colcon_core.package_identification:_identify(src/ament_cmake/ament_cmake_export_targets) by extension 'ros'
[0.158s] DEBUG:colcon.colcon_core.package_identification:Package 'src/ament_cmake/ament_cmake_export_targets' with type 'ros.ament_cmake' and name 'ament_cmake_export_targets'
[0.158s] Level 1:colcon.colcon_core.package_identification:_identify(src/ament_cmake/ament_cmake_gen_version_h) by extensions ['ignore', 'ignore_ament_install']
[0.158s] Level 1:colcon.colcon_core.package_identification:_identify(src/ament_cmake/ament_cmake_gen_version_h) by extension 'ignore'
[0.158s] Level 1:colcon.colcon_core.package_identification:_identify(src/ament_cmake/ament_cmake_gen_version_h) by extension 'ignore_ament_install'
[0.158s] Level 1:colcon.colcon_core.package_identification:_identify(src/ament_cmake/ament_cmake_gen_version_h) by extensions ['colcon_pkg']
[0.158s] Level 1:colcon.colcon_core.package_identification:_identify(src/ament_cmake/ament_cmake_gen_version_h) by extension 'colcon_pkg'
[0.158s] Level 1:colcon.colcon_core.package_identification:_identify(src/ament_cmake/ament_cmake_gen_version_h) by extensions ['colcon_meta']
[0.158s] Level 1:colcon.colcon_core.package_identification:_identify(src/ament_cmake/ament_cmake_gen_version_h) by extension 'colcon_meta'
[0.158s] Level 1:colcon.colcon_core.package_identification:_identify(src/ament_cmake/ament_cmake_gen_version_h) by extensions ['ros']
[0.158s] Level 1:colcon.colcon_core.package_identification:_identify(src/ament_cmake/ament_cmake_gen_version_h) by extension 'ros'
[0.158s] DEBUG:colcon.colcon_core.package_identification:Package 'src/ament_cmake/ament_cmake_gen_version_h' with type 'ros.ament_cmake' and name 'ament_cmake_gen_version_h'
[0.158s] Level 1:colcon.colcon_core.package_identification:_identify(src/ament_cmake/ament_cmake_gmock) by extensions ['ignore', 'ignore_ament_install']
[0.158s] Level 1:colcon.colcon_core.package_identification:_identify(src/ament_cmake/ament_cmake_gmock) by extension 'ignore'
[0.158s] Level 1:colcon.colcon_core.package_identification:_identify(src/ament_cmake/ament_cmake_gmock) by extension 'ignore_ament_install'
[0.158s] Level 1:colcon.colcon_core.package_identification:_identify(src/ament_cmake/ament_cmake_gmock) by extensions ['colcon_pkg']
[0.158s] Level 1:colcon.colcon_core.package_identification:_identify(src/ament_cmake/ament_cmake_gmock) by extension 'colcon_pkg'
[0.158s] Level 1:colcon.colcon_core.package_identification:_identify(src/ament_cmake/ament_cmake_gmock) by extensions ['colcon_meta']
[0.158s] Level 1:colcon.colcon_core.package_identification:_identify(src/ament_cmake/ament_cmake_gmock) by extension 'colcon_meta'
[0.158s] Level 1:colcon.colcon_core.package_identification:_identify(src/ament_cmake/ament_cmake_gmock) by extensions ['ros']
[0.158s] Level 1:colcon.colcon_core.package_identification:_identify(src/ament_cmake/ament_cmake_gmock) by extension 'ros'
[0.159s] DEBUG:colcon.colcon_core.package_identification:Package 'src/ament_cmake/ament_cmake_gmock' with type 'ros.ament_cmake' and name 'ament_cmake_gmock'
[0.159s] Level 1:colcon.colcon_core.package_identification:_identify(src/ament_cmake/ament_cmake_google_benchmark) by extensions ['ignore', 'ignore_ament_install']
[0.159s] Level 1:colcon.colcon_core.package_identification:_identify(src/ament_cmake/ament_cmake_google_benchmark) by extension 'ignore'
[0.159s] Level 1:colcon.colcon_core.package_identification:_identify(src/ament_cmake/ament_cmake_google_benchmark) by extension 'ignore_ament_install'
[0.159s] Level 1:colcon.colcon_core.package_identification:_identify(src/ament_cmake/ament_cmake_google_benchmark) by extensions ['colcon_pkg']
[0.159s] Level 1:colcon.colcon_core.package_identification:_identify(src/ament_cmake/ament_cmake_google_benchmark) by extension 'colcon_pkg'
[0.159s] Level 1:colcon.colcon_core.package_identification:_identify(src/ament_cmake/ament_cmake_google_benchmark) by extensions ['colcon_meta']
[0.159s] Level 1:colcon.colcon_core.package_identification:_identify(src/ament_cmake/ament_cmake_google_benchmark) by extension 'colcon_meta'
[0.159s] Level 1:colcon.colcon_core.package_identification:_identify(src/ament_cmake/ament_cmake_google_benchmark) by extensions ['ros']
[0.159s] Level 1:colcon.colcon_core.package_identification:_identify(src/ament_cmake/ament_cmake_google_benchmark) by extension 'ros'
[0.159s] DEBUG:colcon.colcon_core.package_identification:Package 'src/ament_cmake/ament_cmake_google_benchmark' with type 'ros.ament_cmake' and name 'ament_cmake_google_benchmark'
[0.159s] Level 1:colcon.colcon_core.package_identification:_identify(src/ament_cmake/ament_cmake_gtest) by extensions ['ignore', 'ignore_ament_install']
[0.159s] Level 1:colcon.colcon_core.package_identification:_identify(src/ament_cmake/ament_cmake_gtest) by extension 'ignore'
[0.159s] Level 1:colcon.colcon_core.package_identification:_identify(src/ament_cmake/ament_cmake_gtest) by extension 'ignore_ament_install'
[0.159s] Level 1:colcon.colcon_core.package_identification:_identify(src/ament_cmake/ament_cmake_gtest) by extensions ['colcon_pkg']
[0.159s] Level 1:colcon.colcon_core.package_identification:_identify(src/ament_cmake/ament_cmake_gtest) by extension 'colcon_pkg'
[0.159s] Level 1:colcon.colcon_core.package_identification:_identify(src/ament_cmake/ament_cmake_gtest) by extensions ['colcon_meta']
[0.159s] Level 1:colcon.colcon_core.package_identification:_identify(src/ament_cmake/ament_cmake_gtest) by extension 'colcon_meta'
[0.159s] Level 1:colcon.colcon_core.package_identification:_identify(src/ament_cmake/ament_cmake_gtest) by extensions ['ros']
[0.159s] Level 1:colcon.colcon_core.package_identification:_identify(src/ament_cmake/ament_cmake_gtest) by extension 'ros'
[0.159s] DEBUG:colcon.colcon_core.package_identification:Package 'src/ament_cmake/ament_cmake_gtest' with type 'ros.ament_cmake' and name 'ament_cmake_gtest'
[0.159s] Level 1:colcon.colcon_core.package_identification:_identify(src/ament_cmake/ament_cmake_include_directories) by extensions ['ignore', 'ignore_ament_install']
[0.159s] Level 1:colcon.colcon_core.package_identification:_identify(src/ament_cmake/ament_cmake_include_directories) by extension 'ignore'
[0.159s] Level 1:colcon.colcon_core.package_identification:_identify(src/ament_cmake/ament_cmake_include_directories) by extension 'ignore_ament_install'
[0.159s] Level 1:colcon.colcon_core.package_identification:_identify(src/ament_cmake/ament_cmake_include_directories) by extensions ['colcon_pkg']
[0.159s] Level 1:colcon.colcon_core.package_identification:_identify(src/ament_cmake/ament_cmake_include_directories) by extension 'colcon_pkg'
[0.159s] Level 1:colcon.colcon_core.package_identification:_identify(src/ament_cmake/ament_cmake_include_directories) by extensions ['colcon_meta']
[0.159s] Level 1:colcon.colcon_core.package_identification:_identify(src/ament_cmake/ament_cmake_include_directories) by extension 'colcon_meta'
[0.159s] Level 1:colcon.colcon_core.package_identification:_identify(src/ament_cmake/ament_cmake_include_directories) by extensions ['ros']
[0.159s] Level 1:colcon.colcon_core.package_identification:_identify(src/ament_cmake/ament_cmake_include_directories) by extension 'ros'
[0.160s] DEBUG:colcon.colcon_core.package_identification:Package 'src/ament_cmake/ament_cmake_include_directories' with type 'ros.ament_cmake' and name 'ament_cmake_include_directories'
[0.160s] Level 1:colcon.colcon_core.package_identification:_identify(src/ament_cmake/ament_cmake_libraries) by extensions ['ignore', 'ignore_ament_install']
[0.160s] Level 1:colcon.colcon_core.package_identification:_identify(src/ament_cmake/ament_cmake_libraries) by extension 'ignore'
[0.160s] Level 1:colcon.colcon_core.package_identification:_identify(src/ament_cmake/ament_cmake_libraries) by extension 'ignore_ament_install'
[0.160s] Level 1:colcon.colcon_core.package_identification:_identify(src/ament_cmake/ament_cmake_libraries) by extensions ['colcon_pkg']
[0.160s] Level 1:colcon.colcon_core.package_identification:_identify(src/ament_cmake/ament_cmake_libraries) by extension 'colcon_pkg'
[0.160s] Level 1:colcon.colcon_core.package_identification:_identify(src/ament_cmake/ament_cmake_libraries) by extensions ['colcon_meta']
[0.160s] Level 1:colcon.colcon_core.package_identification:_identify(src/ament_cmake/ament_cmake_libraries) by extension 'colcon_meta'
[0.160s] Level 1:colcon.colcon_core.package_identification:_identify(src/ament_cmake/ament_cmake_libraries) by extensions ['ros']
[0.160s] Level 1:colcon.colcon_core.package_identification:_identify(src/ament_cmake/ament_cmake_libraries) by extension 'ros'
[0.160s] DEBUG:colcon.colcon_core.package_identification:Package 'src/ament_cmake/ament_cmake_libraries' with type 'ros.ament_cmake' and name 'ament_cmake_libraries'
[0.160s] Level 1:colcon.colcon_core.package_identification:_identify(src/ament_cmake/ament_cmake_pytest) by extensions ['ignore', 'ignore_ament_install']
[0.160s] Level 1:colcon.colcon_core.package_identification:_identify(src/ament_cmake/ament_cmake_pytest) by extension 'ignore'
[0.160s] Level 1:colcon.colcon_core.package_identification:_identify(src/ament_cmake/ament_cmake_pytest) by extension 'ignore_ament_install'
[0.160s] Level 1:colcon.colcon_core.package_identification:_identify(src/ament_cmake/ament_cmake_pytest) by extensions ['colcon_pkg']
[0.160s] Level 1:colcon.colcon_core.package_identification:_identify(src/ament_cmake/ament_cmake_pytest) by extension 'colcon_pkg'
[0.160s] Level 1:colcon.colcon_core.package_identification:_identify(src/ament_cmake/ament_cmake_pytest) by extensions ['colcon_meta']
[0.160s] Level 1:colcon.colcon_core.package_identification:_identify(src/ament_cmake/ament_cmake_pytest) by extension 'colcon_meta'
[0.160s] Level 1:colcon.colcon_core.package_identification:_identify(src/ament_cmake/ament_cmake_pytest) by extensions ['ros']
[0.160s] Level 1:colcon.colcon_core.package_identification:_identify(src/ament_cmake/ament_cmake_pytest) by extension 'ros'
[0.160s] DEBUG:colcon.colcon_core.package_identification:Package 'src/ament_cmake/ament_cmake_pytest' with type 'ros.ament_cmake' and name 'ament_cmake_pytest'
[0.160s] Level 1:colcon.colcon_core.package_identification:_identify(src/ament_cmake/ament_cmake_python) by extensions ['ignore', 'ignore_ament_install']
[0.160s] Level 1:colcon.colcon_core.package_identification:_identify(src/ament_cmake/ament_cmake_python) by extension 'ignore'
[0.160s] Level 1:colcon.colcon_core.package_identification:_identify(src/ament_cmake/ament_cmake_python) by extension 'ignore_ament_install'
[0.161s] Level 1:colcon.colcon_core.package_identification:_identify(src/ament_cmake/ament_cmake_python) by extensions ['colcon_pkg']
[0.161s] Level 1:colcon.colcon_core.package_identification:_identify(src/ament_cmake/ament_cmake_python) by extension 'colcon_pkg'
[0.161s] Level 1:colcon.colcon_core.package_identification:_identify(src/ament_cmake/ament_cmake_python) by extensions ['colcon_meta']
[0.161s] Level 1:colcon.colcon_core.package_identification:_identify(src/ament_cmake/ament_cmake_python) by extension 'colcon_meta'
[0.161s] Level 1:colcon.colcon_core.package_identification:_identify(src/ament_cmake/ament_cmake_python) by extensions ['ros']
[0.161s] Level 1:colcon.colcon_core.package_identification:_identify(src/ament_cmake/ament_cmake_python) by extension 'ros'
[0.161s] DEBUG:colcon.colcon_core.package_identification:Package 'src/ament_cmake/ament_cmake_python' with type 'ros.ament_cmake' and name 'ament_cmake_python'
[0.161s] Level 1:colcon.colcon_core.package_identification:_identify(src/ament_cmake/ament_cmake_target_dependencies) by extensions ['ignore', 'ignore_ament_install']
[0.161s] Level 1:colcon.colcon_core.package_identification:_identify(src/ament_cmake/ament_cmake_target_dependencies) by extension 'ignore'
[0.161s] Level 1:colcon.colcon_core.package_identification:_identify(src/ament_cmake/ament_cmake_target_dependencies) by extension 'ignore_ament_install'
[0.161s] Level 1:colcon.colcon_core.package_identification:_identify(src/ament_cmake/ament_cmake_target_dependencies) by extensions ['colcon_pkg']
[0.161s] Level 1:colcon.colcon_core.package_identification:_identify(src/ament_cmake/ament_cmake_target_dependencies) by extension 'colcon_pkg'
[0.161s] Level 1:colcon.colcon_core.package_identification:_identify(src/ament_cmake/ament_cmake_target_dependencies) by extensions ['colcon_meta']
[0.161s] Level 1:colcon.colcon_core.package_identification:_identify(src/ament_cmake/ament_cmake_target_dependencies) by extension 'colcon_meta'
[0.161s] Level 1:colcon.colcon_core.package_identification:_identify(src/ament_cmake/ament_cmake_target_dependencies) by extensions ['ros']
[0.161s] Level 1:colcon.colcon_core.package_identification:_identify(src/ament_cmake/ament_cmake_target_dependencies) by extension 'ros'
[0.161s] DEBUG:colcon.colcon_core.package_identification:Package 'src/ament_cmake/ament_cmake_target_dependencies' with type 'ros.ament_cmake' and name 'ament_cmake_target_dependencies'
[0.161s] Level 1:colcon.colcon_core.package_identification:_identify(src/ament_cmake/ament_cmake_test) by extensions ['ignore', 'ignore_ament_install']
[0.161s] Level 1:colcon.colcon_core.package_identification:_identify(src/ament_cmake/ament_cmake_test) by extension 'ignore'
[0.161s] Level 1:colcon.colcon_core.package_identification:_identify(src/ament_cmake/ament_cmake_test) by extension 'ignore_ament_install'
[0.161s] Level 1:colcon.colcon_core.package_identification:_identify(src/ament_cmake/ament_cmake_test) by extensions ['colcon_pkg']
[0.161s] Level 1:colcon.colcon_core.package_identification:_identify(src/ament_cmake/ament_cmake_test) by extension 'colcon_pkg'
[0.161s] Level 1:colcon.colcon_core.package_identification:_identify(src/ament_cmake/ament_cmake_test) by extensions ['colcon_meta']
[0.161s] Level 1:colcon.colcon_core.package_identification:_identify(src/ament_cmake/ament_cmake_test) by extension 'colcon_meta'
[0.161s] Level 1:colcon.colcon_core.package_identification:_identify(src/ament_cmake/ament_cmake_test) by extensions ['ros']
[0.161s] Level 1:colcon.colcon_core.package_identification:_identify(src/ament_cmake/ament_cmake_test) by extension 'ros'
[0.162s] DEBUG:colcon.colcon_core.package_identification:Package 'src/ament_cmake/ament_cmake_test' with type 'ros.ament_cmake' and name 'ament_cmake_test'
[0.162s] Level 1:colcon.colcon_core.package_identification:_identify(src/ament_cmake/ament_cmake_vendor_package) by extensions ['ignore', 'ignore_ament_install']
[0.162s] Level 1:colcon.colcon_core.package_identification:_identify(src/ament_cmake/ament_cmake_vendor_package) by extension 'ignore'
[0.162s] Level 1:colcon.colcon_core.package_identification:_identify(src/ament_cmake/ament_cmake_vendor_package) by extension 'ignore_ament_install'
[0.162s] Level 1:colcon.colcon_core.package_identification:_identify(src/ament_cmake/ament_cmake_vendor_package) by extensions ['colcon_pkg']
[0.162s] Level 1:colcon.colcon_core.package_identification:_identify(src/ament_cmake/ament_cmake_vendor_package) by extension 'colcon_pkg'
[0.162s] Level 1:colcon.colcon_core.package_identification:_identify(src/ament_cmake/ament_cmake_vendor_package) by extensions ['colcon_meta']
[0.162s] Level 1:colcon.colcon_core.package_identification:_identify(src/ament_cmake/ament_cmake_vendor_package) by extension 'colcon_meta'
[0.162s] Level 1:colcon.colcon_core.package_identification:_identify(src/ament_cmake/ament_cmake_vendor_package) by extensions ['ros']
[0.162s] Level 1:colcon.colcon_core.package_identification:_identify(src/ament_cmake/ament_cmake_vendor_package) by extension 'ros'
[0.162s] DEBUG:colcon.colcon_core.package_identification:Package 'src/ament_cmake/ament_cmake_vendor_package' with type 'ros.ament_cmake' and name 'ament_cmake_vendor_package'
[0.162s] Level 1:colcon.colcon_core.package_identification:_identify(src/ament_cmake/ament_cmake_version) by extensions ['ignore', 'ignore_ament_install']
[0.162s] Level 1:colcon.colcon_core.package_identification:_identify(src/ament_cmake/ament_cmake_version) by extension 'ignore'
[0.162s] Level 1:colcon.colcon_core.package_identification:_identify(src/ament_cmake/ament_cmake_version) by extension 'ignore_ament_install'
[0.162s] Level 1:colcon.colcon_core.package_identification:_identify(src/ament_cmake/ament_cmake_version) by extensions ['colcon_pkg']
[0.162s] Level 1:colcon.colcon_core.package_identification:_identify(src/ament_cmake/ament_cmake_version) by extension 'colcon_pkg'
[0.162s] Level 1:colcon.colcon_core.package_identification:_identify(src/ament_cmake/ament_cmake_version) by extensions ['colcon_meta']
[0.162s] Level 1:colcon.colcon_core.package_identification:_identify(src/ament_cmake/ament_cmake_version) by extension 'colcon_meta'
[0.162s] Level 1:colcon.colcon_core.package_identification:_identify(src/ament_cmake/ament_cmake_version) by extensions ['ros']
[0.162s] Level 1:colcon.colcon_core.package_identification:_identify(src/ament_cmake/ament_cmake_version) by extension 'ros'
[0.162s] DEBUG:colcon.colcon_core.package_identification:Package 'src/ament_cmake/ament_cmake_version' with type 'ros.ament_cmake' and name 'ament_cmake_version'
[0.162s] Level 1:colcon.colcon_core.package_identification:_identify(src/composable_node _cpp) by extensions ['ignore', 'ignore_ament_install']
[0.162s] Level 1:colcon.colcon_core.package_identification:_identify(src/composable_node _cpp) by extension 'ignore'
[0.162s] Level 1:colcon.colcon_core.package_identification:_identify(src/composable_node _cpp) by extension 'ignore_ament_install'
[0.162s] Level 1:colcon.colcon_core.package_identification:_identify(src/composable_node _cpp) by extensions ['colcon_pkg']
[0.162s] Level 1:colcon.colcon_core.package_identification:_identify(src/composable_node _cpp) by extension 'colcon_pkg'
[0.162s] Level 1:colcon.colcon_core.package_identification:_identify(src/composable_node _cpp) by extensions ['colcon_meta']
[0.162s] Level 1:colcon.colcon_core.package_identification:_identify(src/composable_node _cpp) by extension 'colcon_meta'
[0.162s] Level 1:colcon.colcon_core.package_identification:_identify(src/composable_node _cpp) by extensions ['ros']
[0.162s] Level 1:colcon.colcon_core.package_identification:_identify(src/composable_node _cpp) by extension 'ros'
[0.163s] DEBUG:colcon.colcon_core.package_identification:Package 'src/composable_node _cpp' with type 'ros.ament_cmake' and name 'comp_simple_publisher_subscriber_cpp'
[0.163s] Level 1:colcon.colcon_core.package_identification:_identify(src/old _my_turtlesim_cpp) by extensions ['ignore', 'ignore_ament_install']
[0.163s] Level 1:colcon.colcon_core.package_identification:_identify(src/old _my_turtlesim_cpp) by extension 'ignore'
[0.163s] Level 1:colcon.colcon_core.package_identification:_identify(src/old _my_turtlesim_cpp) by extension 'ignore_ament_install'
[0.163s] Level 1:colcon.colcon_core.package_identification:_identify(src/old _my_turtlesim_cpp) by extensions ['colcon_pkg']
[0.163s] Level 1:colcon.colcon_core.package_identification:_identify(src/old _my_turtlesim_cpp) by extension 'colcon_pkg'
[0.163s] Level 1:colcon.colcon_core.package_identification:_identify(src/old _my_turtlesim_cpp) by extensions ['colcon_meta']
[0.163s] Level 1:colcon.colcon_core.package_identification:_identify(src/old _my_turtlesim_cpp) by extension 'colcon_meta'
[0.163s] Level 1:colcon.colcon_core.package_identification:_identify(src/old _my_turtlesim_cpp) by extensions ['ros']
[0.163s] Level 1:colcon.colcon_core.package_identification:_identify(src/old _my_turtlesim_cpp) by extension 'ros'
[0.163s] DEBUG:colcon.colcon_core.package_identification:Package 'src/old _my_turtlesim_cpp' with type 'ros.ament_cmake' and name 'my_turtlesim_cpp'
[0.163s] Level 1:colcon.colcon_core.package_identification:_identify(src/old_my_turtlesim) by extensions ['ignore', 'ignore_ament_install']
[0.163s] Level 1:colcon.colcon_core.package_identification:_identify(src/old_my_turtlesim) by extension 'ignore'
[0.163s] Level 1:colcon.colcon_core.package_identification:_identify(src/old_my_turtlesim) by extension 'ignore_ament_install'
[0.163s] Level 1:colcon.colcon_core.package_identification:_identify(src/old_my_turtlesim) by extensions ['colcon_pkg']
[0.163s] Level 1:colcon.colcon_core.package_identification:_identify(src/old_my_turtlesim) by extension 'colcon_pkg'
[0.163s] Level 1:colcon.colcon_core.package_identification:_identify(src/old_my_turtlesim) by extensions ['colcon_meta']
[0.163s] Level 1:colcon.colcon_core.package_identification:_identify(src/old_my_turtlesim) by extension 'colcon_meta'
[0.163s] Level 1:colcon.colcon_core.package_identification:_identify(src/old_my_turtlesim) by extensions ['ros']
[0.163s] Level 1:colcon.colcon_core.package_identification:_identify(src/old_my_turtlesim) by extension 'ros'
[0.164s] DEBUG:colcon.colcon_core.package_identification:Package 'src/old_my_turtlesim' with type 'ros.ament_python' and name 'my_turtlesim'
[0.164s] Level 1:colcon.colcon_core.package_identification:_identify(src/old_simple_pub_sub_cpp) by extensions ['ignore', 'ignore_ament_install']
[0.164s] Level 1:colcon.colcon_core.package_identification:_identify(src/old_simple_pub_sub_cpp) by extension 'ignore'
[0.164s] Level 1:colcon.colcon_core.package_identification:_identify(src/old_simple_pub_sub_cpp) by extension 'ignore_ament_install'
[0.164s] Level 1:colcon.colcon_core.package_identification:_identify(src/old_simple_pub_sub_cpp) by extensions ['colcon_pkg']
[0.164s] Level 1:colcon.colcon_core.package_identification:_identify(src/old_simple_pub_sub_cpp) by extension 'colcon_pkg'
[0.164s] Level 1:colcon.colcon_core.package_identification:_identify(src/old_simple_pub_sub_cpp) by extensions ['colcon_meta']
[0.164s] Level 1:colcon.colcon_core.package_identification:_identify(src/old_simple_pub_sub_cpp) by extension 'colcon_meta'
[0.164s] Level 1:colcon.colcon_core.package_identification:_identify(src/old_simple_pub_sub_cpp) by extensions ['ros']
[0.164s] Level 1:colcon.colcon_core.package_identification:_identify(src/old_simple_pub_sub_cpp) by extension 'ros'
[0.164s] DEBUG:colcon.colcon_core.package_identification:Package 'src/old_simple_pub_sub_cpp' with type 'ros.ament_cmake' and name 'simple_pub_sub_cpp'
[0.164s] Level 1:colcon.colcon_core.package_identification:_identify(src/old_simple_pub_sub_py) by extensions ['ignore', 'ignore_ament_install']
[0.164s] Level 1:colcon.colcon_core.package_identification:_identify(src/old_simple_pub_sub_py) by extension 'ignore'
[0.164s] Level 1:colcon.colcon_core.package_identification:_identify(src/old_simple_pub_sub_py) by extension 'ignore_ament_install'
[0.164s] Level 1:colcon.colcon_core.package_identification:_identify(src/old_simple_pub_sub_py) by extensions ['colcon_pkg']
[0.164s] Level 1:colcon.colcon_core.package_identification:_identify(src/old_simple_pub_sub_py) by extension 'colcon_pkg'
[0.164s] Level 1:colcon.colcon_core.package_identification:_identify(src/old_simple_pub_sub_py) by extensions ['colcon_meta']
[0.164s] Level 1:colcon.colcon_core.package_identification:_identify(src/old_simple_pub_sub_py) by extension 'colcon_meta'
[0.164s] Level 1:colcon.colcon_core.package_identification:_identify(src/old_simple_pub_sub_py) by extensions ['ros']
[0.164s] Level 1:colcon.colcon_core.package_identification:_identify(src/old_simple_pub_sub_py) by extension 'ros'
[0.164s] DEBUG:colcon.colcon_core.package_identification:Package 'src/old_simple_pub_sub_py' with type 'ros.ament_python' and name 'simple_pub_sub_py'
[0.164s] Level 1:colcon.colcon_core.package_identification:_identify(src/old_turtlesim_linear_cpp) by extensions ['ignore', 'ignore_ament_install']
[0.164s] Level 1:colcon.colcon_core.package_identification:_identify(src/old_turtlesim_linear_cpp) by extension 'ignore'
[0.164s] Level 1:colcon.colcon_core.package_identification:_identify(src/old_turtlesim_linear_cpp) by extension 'ignore_ament_install'
[0.164s] Level 1:colcon.colcon_core.package_identification:_identify(src/old_turtlesim_linear_cpp) by extensions ['colcon_pkg']
[0.164s] Level 1:colcon.colcon_core.package_identification:_identify(src/old_turtlesim_linear_cpp) by extension 'colcon_pkg'
[0.164s] Level 1:colcon.colcon_core.package_identification:_identify(src/old_turtlesim_linear_cpp) by extensions ['colcon_meta']
[0.164s] Level 1:colcon.colcon_core.package_identification:_identify(src/old_turtlesim_linear_cpp) by extension 'colcon_meta'
[0.164s] Level 1:colcon.colcon_core.package_identification:_identify(src/old_turtlesim_linear_cpp) by extensions ['ros']
[0.164s] Level 1:colcon.colcon_core.package_identification:_identify(src/old_turtlesim_linear_cpp) by extension 'ros'
[0.165s] DEBUG:colcon.colcon_core.package_identification:Package 'src/old_turtlesim_linear_cpp' with type 'ros.ament_cmake' and name 'turtlesim_linear_cpp'
[0.165s] Level 1:colcon.colcon_core.package_identification:_identify(src/old_turtlesim_linear_py) by extensions ['ignore', 'ignore_ament_install']
[0.165s] Level 1:colcon.colcon_core.package_identification:_identify(src/old_turtlesim_linear_py) by extension 'ignore'
[0.165s] Level 1:colcon.colcon_core.package_identification:_identify(src/old_turtlesim_linear_py) by extension 'ignore_ament_install'
[0.165s] Level 1:colcon.colcon_core.package_identification:_identify(src/old_turtlesim_linear_py) by extensions ['colcon_pkg']
[0.165s] Level 1:colcon.colcon_core.package_identification:_identify(src/old_turtlesim_linear_py) by extension 'colcon_pkg'
[0.165s] Level 1:colcon.colcon_core.package_identification:_identify(src/old_turtlesim_linear_py) by extensions ['colcon_meta']
[0.165s] Level 1:colcon.colcon_core.package_identification:_identify(src/old_turtlesim_linear_py) by extension 'colcon_meta'
[0.165s] Level 1:colcon.colcon_core.package_identification:_identify(src/old_turtlesim_linear_py) by extensions ['ros']
[0.165s] Level 1:colcon.colcon_core.package_identification:_identify(src/old_turtlesim_linear_py) by extension 'ros'
[0.165s] DEBUG:colcon.colcon_core.package_identification:Package 'src/old_turtlesim_linear_py' with type 'ros.ament_python' and name 'turtlesim_linear_py'
[0.165s] Level 1:colcon.colcon_core.package_identification:_identify(src/polygon_base) by extensions ['ignore', 'ignore_ament_install']
[0.165s] Level 1:colcon.colcon_core.package_identification:_identify(src/polygon_base) by extension 'ignore'
[0.165s] Level 1:colcon.colcon_core.package_identification:_identify(src/polygon_base) by extension 'ignore_ament_install'
[0.165s] Level 1:colcon.colcon_core.package_identification:_identify(src/polygon_base) by extensions ['colcon_pkg']
[0.165s] Level 1:colcon.colcon_core.package_identification:_identify(src/polygon_base) by extension 'colcon_pkg'
[0.165s] Level 1:colcon.colcon_core.package_identification:_identify(src/polygon_base) by extensions ['colcon_meta']
[0.165s] Level 1:colcon.colcon_core.package_identification:_identify(src/polygon_base) by extension 'colcon_meta'
[0.165s] Level 1:colcon.colcon_core.package_identification:_identify(src/polygon_base) by extensions ['ros']
[0.165s] Level 1:colcon.colcon_core.package_identification:_identify(src/polygon_base) by extension 'ros'
[0.165s] DEBUG:colcon.colcon_core.package_identification:Package 'src/polygon_base' with type 'ros.ament_cmake' and name 'polygon_base'
[0.165s] Level 1:colcon.colcon_core.package_identification:_identify(src/polygon_plugins) by extensions ['ignore', 'ignore_ament_install']
[0.166s] Level 1:colcon.colcon_core.package_identification:_identify(src/polygon_plugins) by extension 'ignore'
[0.166s] Level 1:colcon.colcon_core.package_identification:_identify(src/polygon_plugins) by extension 'ignore_ament_install'
[0.166s] Level 1:colcon.colcon_core.package_identification:_identify(src/polygon_plugins) by extensions ['colcon_pkg']
[0.166s] Level 1:colcon.colcon_core.package_identification:_identify(src/polygon_plugins) by extension 'colcon_pkg'
[0.166s] Level 1:colcon.colcon_core.package_identification:_identify(src/polygon_plugins) by extensions ['colcon_meta']
[0.166s] Level 1:colcon.colcon_core.package_identification:_identify(src/polygon_plugins) by extension 'colcon_meta'
[0.166s] Level 1:colcon.colcon_core.package_identification:_identify(src/polygon_plugins) by extensions ['ros']
[0.166s] Level 1:colcon.colcon_core.package_identification:_identify(src/polygon_plugins) by extension 'ros'
[0.166s] DEBUG:colcon.colcon_core.package_identification:Package 'src/polygon_plugins' with type 'ros.ament_cmake' and name 'polygon_plugins'
[0.166s] Level 1:colcon.colcon_core.package_identification:_identify(src/simple_publisher_subscriber_cpp) by extensions ['ignore', 'ignore_ament_install']
[0.166s] Level 1:colcon.colcon_core.package_identification:_identify(src/simple_publisher_subscriber_cpp) by extension 'ignore'
[0.166s] Level 1:colcon.colcon_core.package_identification:_identify(src/simple_publisher_subscriber_cpp) by extension 'ignore_ament_install'
[0.166s] Level 1:colcon.colcon_core.package_identification:_identify(src/simple_publisher_subscriber_cpp) by extensions ['colcon_pkg']
[0.166s] Level 1:colcon.colcon_core.package_identification:_identify(src/simple_publisher_subscriber_cpp) by extension 'colcon_pkg'
[0.166s] Level 1:colcon.colcon_core.package_identification:_identify(src/simple_publisher_subscriber_cpp) by extensions ['colcon_meta']
[0.166s] Level 1:colcon.colcon_core.package_identification:_identify(src/simple_publisher_subscriber_cpp) by extension 'colcon_meta'
[0.166s] Level 1:colcon.colcon_core.package_identification:_identify(src/simple_publisher_subscriber_cpp) by extensions ['ros']
[0.166s] Level 1:colcon.colcon_core.package_identification:_identify(src/simple_publisher_subscriber_cpp) by extension 'ros'
[0.167s] DEBUG:colcon.colcon_core.package_identification:Package 'src/simple_publisher_subscriber_cpp' with type 'ros.ament_cmake' and name 'simple_publisher_subscriber_cpp'
[0.167s] Level 1:colcon.colcon_core.package_identification:_identify(src/simple_publisher_subscriber_py) by extensions ['ignore', 'ignore_ament_install']
[0.167s] Level 1:colcon.colcon_core.package_identification:_identify(src/simple_publisher_subscriber_py) by extension 'ignore'
[0.167s] Level 1:colcon.colcon_core.package_identification:_identify(src/simple_publisher_subscriber_py) by extension 'ignore_ament_install'
[0.167s] Level 1:colcon.colcon_core.package_identification:_identify(src/simple_publisher_subscriber_py) by extensions ['colcon_pkg']
[0.167s] Level 1:colcon.colcon_core.package_identification:_identify(src/simple_publisher_subscriber_py) by extension 'colcon_pkg'
[0.167s] Level 1:colcon.colcon_core.package_identification:_identify(src/simple_publisher_subscriber_py) by extensions ['colcon_meta']
[0.167s] Level 1:colcon.colcon_core.package_identification:_identify(src/simple_publisher_subscriber_py) by extension 'colcon_meta'
[0.167s] Level 1:colcon.colcon_core.package_identification:_identify(src/simple_publisher_subscriber_py) by extensions ['ros']
[0.167s] Level 1:colcon.colcon_core.package_identification:_identify(src/simple_publisher_subscriber_py) by extension 'ros'
[0.167s] DEBUG:colcon.colcon_core.package_identification:Package 'src/simple_publisher_subscriber_py' with type 'ros.ament_python' and name 'simple_publisher_subscriber_py'
[0.167s] Level 1:colcon.colcon_core.package_identification:_identify(src/simple_service_client_cpp) by extensions ['ignore', 'ignore_ament_install']
[0.167s] Level 1:colcon.colcon_core.package_identification:_identify(src/simple_service_client_cpp) by extension 'ignore'
[0.167s] Level 1:colcon.colcon_core.package_identification:_identify(src/simple_service_client_cpp) by extension 'ignore_ament_install'
[0.167s] Level 1:colcon.colcon_core.package_identification:_identify(src/simple_service_client_cpp) by extensions ['colcon_pkg']
[0.167s] Level 1:colcon.colcon_core.package_identification:_identify(src/simple_service_client_cpp) by extension 'colcon_pkg'
[0.167s] Level 1:colcon.colcon_core.package_identification:_identify(src/simple_service_client_cpp) by extensions ['colcon_meta']
[0.167s] Level 1:colcon.colcon_core.package_identification:_identify(src/simple_service_client_cpp) by extension 'colcon_meta'
[0.167s] Level 1:colcon.colcon_core.package_identification:_identify(src/simple_service_client_cpp) by extensions ['ros']
[0.167s] Level 1:colcon.colcon_core.package_identification:_identify(src/simple_service_client_cpp) by extension 'ros'
[0.167s] DEBUG:colcon.colcon_core.package_identification:Package 'src/simple_service_client_cpp' with type 'ros.ament_cmake' and name 'simple_service_client_cpp'
[0.167s] Level 1:colcon.colcon_core.package_identification:_identify(src/simple_service_client_py) by extensions ['ignore', 'ignore_ament_install']
[0.167s] Level 1:colcon.colcon_core.package_identification:_identify(src/simple_service_client_py) by extension 'ignore'
[0.167s] Level 1:colcon.colcon_core.package_identification:_identify(src/simple_service_client_py) by extension 'ignore_ament_install'
[0.168s] Level 1:colcon.colcon_core.package_identification:_identify(src/simple_service_client_py) by extensions ['colcon_pkg']
[0.168s] Level 1:colcon.colcon_core.package_identification:_identify(src/simple_service_client_py) by extension 'colcon_pkg'
[0.168s] Level 1:colcon.colcon_core.package_identification:_identify(src/simple_service_client_py) by extensions ['colcon_meta']
[0.168s] Level 1:colcon.colcon_core.package_identification:_identify(src/simple_service_client_py) by extension 'colcon_meta'
[0.168s] Level 1:colcon.colcon_core.package_identification:_identify(src/simple_service_client_py) by extensions ['ros']
[0.168s] Level 1:colcon.colcon_core.package_identification:_identify(src/simple_service_client_py) by extension 'ros'
[0.168s] DEBUG:colcon.colcon_core.package_identification:Package 'src/simple_service_client_py' with type 'ros.ament_python' and name 'simple_service_client_py'
[0.168s] Level 1:colcon.colcon_core.package_identification:_identify(src/tf2_broadcaster_cpp) by extensions ['ignore', 'ignore_ament_install']
[0.168s] Level 1:colcon.colcon_core.package_identification:_identify(src/tf2_broadcaster_cpp) by extension 'ignore'
[0.168s] Level 1:colcon.colcon_core.package_identification:_identify(src/tf2_broadcaster_cpp) by extension 'ignore_ament_install'
[0.168s] Level 1:colcon.colcon_core.package_identification:_identify(src/tf2_broadcaster_cpp) by extensions ['colcon_pkg']
[0.168s] Level 1:colcon.colcon_core.package_identification:_identify(src/tf2_broadcaster_cpp) by extension 'colcon_pkg'
[0.168s] Level 1:colcon.colcon_core.package_identification:_identify(src/tf2_broadcaster_cpp) by extensions ['colcon_meta']
[0.168s] Level 1:colcon.colcon_core.package_identification:_identify(src/tf2_broadcaster_cpp) by extension 'colcon_meta'
[0.168s] Level 1:colcon.colcon_core.package_identification:_identify(src/tf2_broadcaster_cpp) by extensions ['ros']
[0.168s] Level 1:colcon.colcon_core.package_identification:_identify(src/tf2_broadcaster_cpp) by extension 'ros'
[0.168s] DEBUG:colcon.colcon_core.package_identification:Package 'src/tf2_broadcaster_cpp' with type 'ros.ament_cmake' and name 'tf2_broadcaster_cpp'
[0.169s] Level 1:colcon.colcon_core.package_identification:_identify(src/tf2_broadcaster_py) by extensions ['ignore', 'ignore_ament_install']
[0.169s] Level 1:colcon.colcon_core.package_identification:_identify(src/tf2_broadcaster_py) by extension 'ignore'
[0.169s] Level 1:colcon.colcon_core.package_identification:_identify(src/tf2_broadcaster_py) by extension 'ignore_ament_install'
[0.169s] Level 1:colcon.colcon_core.package_identification:_identify(src/tf2_broadcaster_py) by extensions ['colcon_pkg']
[0.169s] Level 1:colcon.colcon_core.package_identification:_identify(src/tf2_broadcaster_py) by extension 'colcon_pkg'
[0.169s] Level 1:colcon.colcon_core.package_identification:_identify(src/tf2_broadcaster_py) by extensions ['colcon_meta']
[0.169s] Level 1:colcon.colcon_core.package_identification:_identify(src/tf2_broadcaster_py) by extension 'colcon_meta'
[0.169s] Level 1:colcon.colcon_core.package_identification:_identify(src/tf2_broadcaster_py) by extensions ['ros']
[0.169s] Level 1:colcon.colcon_core.package_identification:_identify(src/tf2_broadcaster_py) by extension 'ros'
[0.169s] DEBUG:colcon.colcon_core.package_identification:Package 'src/tf2_broadcaster_py' with type 'ros.ament_python' and name 'tf2_broadcaster_py'
[0.169s] Level 1:colcon.colcon_core.package_identification:_identify(src/tf2_listener_cpp) by extensions ['ignore', 'ignore_ament_install']
[0.169s] Level 1:colcon.colcon_core.package_identification:_identify(src/tf2_listener_cpp) by extension 'ignore'
[0.169s] Level 1:colcon.colcon_core.package_identification:_identify(src/tf2_listener_cpp) by extension 'ignore_ament_install'
[0.169s] Level 1:colcon.colcon_core.package_identification:_identify(src/tf2_listener_cpp) by extensions ['colcon_pkg']
[0.169s] Level 1:colcon.colcon_core.package_identification:_identify(src/tf2_listener_cpp) by extension 'colcon_pkg'
[0.169s] Level 1:colcon.colcon_core.package_identification:_identify(src/tf2_listener_cpp) by extensions ['colcon_meta']
[0.169s] Level 1:colcon.colcon_core.package_identification:_identify(src/tf2_listener_cpp) by extension 'colcon_meta'
[0.169s] Level 1:colcon.colcon_core.package_identification:_identify(src/tf2_listener_cpp) by extensions ['ros']
[0.169s] Level 1:colcon.colcon_core.package_identification:_identify(src/tf2_listener_cpp) by extension 'ros'
[0.169s] DEBUG:colcon.colcon_core.package_identification:Package 'src/tf2_listener_cpp' with type 'ros.ament_cmake' and name 'tf2_listener_cpp'
[0.170s] Level 1:colcon.colcon_core.package_identification:_identify(src/tf2_listener_py) by extensions ['ignore', 'ignore_ament_install']
[0.170s] Level 1:colcon.colcon_core.package_identification:_identify(src/tf2_listener_py) by extension 'ignore'
[0.170s] Level 1:colcon.colcon_core.package_identification:_identify(src/tf2_listener_py) by extension 'ignore_ament_install'
[0.170s] Level 1:colcon.colcon_core.package_identification:_identify(src/tf2_listener_py) by extensions ['colcon_pkg']
[0.170s] Level 1:colcon.colcon_core.package_identification:_identify(src/tf2_listener_py) by extension 'colcon_pkg'
[0.170s] Level 1:colcon.colcon_core.package_identification:_identify(src/tf2_listener_py) by extensions ['colcon_meta']
[0.170s] Level 1:colcon.colcon_core.package_identification:_identify(src/tf2_listener_py) by extension 'colcon_meta'
[0.170s] Level 1:colcon.colcon_core.package_identification:_identify(src/tf2_listener_py) by extensions ['ros']
[0.170s] Level 1:colcon.colcon_core.package_identification:_identify(src/tf2_listener_py) by extension 'ros'
[0.170s] DEBUG:colcon.colcon_core.package_identification:Package 'src/tf2_listener_py' with type 'ros.ament_python' and name 'tf2_listener_py'
[0.170s] Level 1:colcon.colcon_core.package_identification:_identify(src/tf2_static_broadcaster_cpp) by extensions ['ignore', 'ignore_ament_install']
[0.170s] Level 1:colcon.colcon_core.package_identification:_identify(src/tf2_static_broadcaster_cpp) by extension 'ignore'
[0.170s] Level 1:colcon.colcon_core.package_identification:_identify(src/tf2_static_broadcaster_cpp) by extension 'ignore_ament_install'
[0.170s] Level 1:colcon.colcon_core.package_identification:_identify(src/tf2_static_broadcaster_cpp) by extensions ['colcon_pkg']
[0.170s] Level 1:colcon.colcon_core.package_identification:_identify(src/tf2_static_broadcaster_cpp) by extension 'colcon_pkg'
[0.170s] Level 1:colcon.colcon_core.package_identification:_identify(src/tf2_static_broadcaster_cpp) by extensions ['colcon_meta']
[0.170s] Level 1:colcon.colcon_core.package_identification:_identify(src/tf2_static_broadcaster_cpp) by extension 'colcon_meta'
[0.170s] Level 1:colcon.colcon_core.package_identification:_identify(src/tf2_static_broadcaster_cpp) by extensions ['ros']
[0.170s] Level 1:colcon.colcon_core.package_identification:_identify(src/tf2_static_broadcaster_cpp) by extension 'ros'
[0.170s] DEBUG:colcon.colcon_core.package_identification:Package 'src/tf2_static_broadcaster_cpp' with type 'ros.ament_cmake' and name 'tf2_static_broadcaster_cpp'
[0.170s] Level 1:colcon.colcon_core.package_identification:_identify(src/tf2_static_broadcaster_py) by extensions ['ignore', 'ignore_ament_install']
[0.171s] Level 1:colcon.colcon_core.package_identification:_identify(src/tf2_static_broadcaster_py) by extension 'ignore'
[0.171s] Level 1:colcon.colcon_core.package_identification:_identify(src/tf2_static_broadcaster_py) by extension 'ignore_ament_install'
[0.171s] Level 1:colcon.colcon_core.package_identification:_identify(src/tf2_static_broadcaster_py) by extensions ['colcon_pkg']
[0.171s] Level 1:colcon.colcon_core.package_identification:_identify(src/tf2_static_broadcaster_py) by extension 'colcon_pkg'
[0.171s] Level 1:colcon.colcon_core.package_identification:_identify(src/tf2_static_broadcaster_py) by extensions ['colcon_meta']
[0.171s] Level 1:colcon.colcon_core.package_identification:_identify(src/tf2_static_broadcaster_py) by extension 'colcon_meta'
[0.171s] Level 1:colcon.colcon_core.package_identification:_identify(src/tf2_static_broadcaster_py) by extensions ['ros']
[0.171s] Level 1:colcon.colcon_core.package_identification:_identify(src/tf2_static_broadcaster_py) by extension 'ros'
[0.171s] DEBUG:colcon.colcon_core.package_identification:Package 'src/tf2_static_broadcaster_py' with type 'ros.ament_python' and name 'tf2_static_broadcaster_py'
[0.171s] Level 1:colcon.colcon_core.package_discovery:discover_packages(recursive) using defaults
[0.171s] Level 1:colcon.colcon_core.package_discovery:discover_packages(ignore) discover
[0.171s] Level 1:colcon.colcon_core.package_discovery:discover_packages(ignore) using defaults
[0.171s] Level 1:colcon.colcon_core.package_discovery:discover_packages(path) discover
[0.171s] Level 1:colcon.colcon_core.package_discovery:discover_packages(path) using defaults
[0.185s] INFO:colcon.colcon_core.package_selection:Skipping not selected package 'action_tutorials_interfaces' in 'src/action_tutorials_interfaces'
[0.185s] INFO:colcon.colcon_core.package_selection:Skipping not selected package 'ament_cmake_core' in 'src/ament_cmake/ament_cmake_core'
[0.185s] INFO:colcon.colcon_core.package_selection:Skipping not selected package 'my_turtlesim' in 'src/old_my_turtlesim'
[0.185s] INFO:colcon.colcon_core.package_selection:Skipping not selected package 'simple_pub_sub_py' in 'src/old_simple_pub_sub_py'
[0.185s] INFO:colcon.colcon_core.package_selection:Skipping not selected package 'simple_publisher_subscriber_py' in 'src/simple_publisher_subscriber_py'
[0.185s] INFO:colcon.colcon_core.package_selection:Skipping not selected package 'simple_service_client_py' in 'src/simple_service_client_py'
[0.185s] INFO:colcon.colcon_core.package_selection:Skipping not selected package 'tf2_broadcaster_py' in 'src/tf2_broadcaster_py'
[0.185s] INFO:colcon.colcon_core.package_selection:Skipping not selected package 'tf2_listener_py' in 'src/tf2_listener_py'
[0.185s] INFO:colcon.colcon_core.package_selection:Skipping not selected package 'tf2_static_broadcaster_py' in 'src/tf2_static_broadcaster_py'
[0.185s] INFO:colcon.colcon_core.package_selection:Skipping not selected package 'turtlesim_linear_py' in 'src/old_turtlesim_linear_py'
[0.185s] INFO:colcon.colcon_core.package_selection:Skipping not selected package 'ament_cmake_export_definitions' in 'src/ament_cmake/ament_cmake_export_definitions'
[0.185s] INFO:colcon.colcon_core.package_selection:Skipping not selected package 'ament_cmake_export_include_directories' in 'src/ament_cmake/ament_cmake_export_include_directories'
[0.185s] INFO:colcon.colcon_core.package_selection:Skipping not selected package 'ament_cmake_export_libraries' in 'src/ament_cmake/ament_cmake_export_libraries'
[0.185s] INFO:colcon.colcon_core.package_selection:Skipping not selected package 'ament_cmake_export_link_flags' in 'src/ament_cmake/ament_cmake_export_link_flags'
[0.185s] INFO:colcon.colcon_core.package_selection:Skipping not selected package 'ament_cmake_include_directories' in 'src/ament_cmake/ament_cmake_include_directories'
[0.185s] INFO:colcon.colcon_core.package_selection:Skipping not selected package 'ament_cmake_libraries' in 'src/ament_cmake/ament_cmake_libraries'
[0.185s] INFO:colcon.colcon_core.package_selection:Skipping not selected package 'ament_cmake_python' in 'src/ament_cmake/ament_cmake_python'
[0.185s] INFO:colcon.colcon_core.package_selection:Skipping not selected package 'ament_cmake_version' in 'src/ament_cmake/ament_cmake_version'
[0.185s] INFO:colcon.colcon_core.package_selection:Skipping not selected package 'ament_cmake_export_dependencies' in 'src/ament_cmake/ament_cmake_export_dependencies'
[0.185s] INFO:colcon.colcon_core.package_selection:Skipping not selected package 'ament_cmake_export_interfaces' in 'src/ament_cmake/ament_cmake_export_interfaces'
[0.185s] INFO:colcon.colcon_core.package_selection:Skipping not selected package 'ament_cmake_export_targets' in 'src/ament_cmake/ament_cmake_export_targets'
[0.185s] INFO:colcon.colcon_core.package_selection:Skipping not selected package 'ament_cmake_target_dependencies' in 'src/ament_cmake/ament_cmake_target_dependencies'
[0.185s] INFO:colcon.colcon_core.package_selection:Skipping not selected package 'ament_cmake_test' in 'src/ament_cmake/ament_cmake_test'
[0.185s] INFO:colcon.colcon_core.package_selection:Skipping not selected package 'ament_cmake_google_benchmark' in 'src/ament_cmake/ament_cmake_google_benchmark'
[0.185s] INFO:colcon.colcon_core.package_selection:Skipping not selected package 'ament_cmake_gtest' in 'src/ament_cmake/ament_cmake_gtest'
[0.185s] INFO:colcon.colcon_core.package_selection:Skipping not selected package 'ament_cmake_pytest' in 'src/ament_cmake/ament_cmake_pytest'
[0.185s] INFO:colcon.colcon_core.package_selection:Skipping not selected package 'ament_cmake_vendor_package' in 'src/ament_cmake/ament_cmake_vendor_package'
[0.185s] INFO:colcon.colcon_core.package_selection:Skipping not selected package 'ament_cmake_gen_version_h' in 'src/ament_cmake/ament_cmake_gen_version_h'
[0.185s] INFO:colcon.colcon_core.package_selection:Skipping not selected package 'ament_cmake_gmock' in 'src/ament_cmake/ament_cmake_gmock'
[0.185s] INFO:colcon.colcon_core.package_selection:Skipping not selected package 'action_tutorials_cpp' in 'src/action_tutorials_cpp'
[0.185s] INFO:colcon.colcon_core.package_selection:Skipping not selected package 'ament_cmake_auto' in 'src/ament_cmake/ament_cmake_auto'
[0.185s] INFO:colcon.colcon_core.package_selection:Skipping not selected package 'comp_simple_publisher_subscriber_cpp' in 'src/composable_node _cpp'
[0.185s] INFO:colcon.colcon_core.package_selection:Skipping not selected package 'my_turtlesim_cpp' in 'src/old _my_turtlesim_cpp'
[0.185s] INFO:colcon.colcon_core.package_selection:Skipping not selected package 'polygon_base' in 'src/polygon_base'
[0.185s] INFO:colcon.colcon_core.package_selection:Skipping not selected package 'simple_pub_sub_cpp' in 'src/old_simple_pub_sub_cpp'
[0.185s] INFO:colcon.colcon_core.package_selection:Skipping not selected package 'simple_publisher_subscriber_cpp' in 'src/simple_publisher_subscriber_cpp'
[0.185s] INFO:colcon.colcon_core.package_selection:Skipping not selected package 'simple_service_client_cpp' in 'src/simple_service_client_cpp'
[0.185s] INFO:colcon.colcon_core.package_selection:Skipping not selected package 'tf2_broadcaster_cpp' in 'src/tf2_broadcaster_cpp'
[0.185s] INFO:colcon.colcon_core.package_selection:Skipping not selected package 'tf2_listener_cpp' in 'src/tf2_listener_cpp'
[0.185s] INFO:colcon.colcon_core.package_selection:Skipping not selected package 'tf2_static_broadcaster_cpp' in 'src/tf2_static_broadcaster_cpp'
[0.185s] INFO:colcon.colcon_core.package_selection:Skipping not selected package 'turtlesim_linear_cpp' in 'src/old_turtlesim_linear_cpp'
[0.185s] INFO:colcon.colcon_core.package_selection:Skipping not selected package 'polygon_plugins' in 'src/polygon_plugins'
[0.186s] Level 5:colcon.colcon_core.verb:set package 'ament_cmake' build argument 'cmake_args' from command line to 'None'
[0.186s] Level 5:colcon.colcon_core.verb:set package 'ament_cmake' build argument 'cmake_target' from command line to 'None'
[0.186s] Level 5:colcon.colcon_core.verb:set package 'ament_cmake' build argument 'cmake_target_skip_unavailable' from command line to 'False'
[0.186s] Level 5:colcon.colcon_core.verb:set package 'ament_cmake' build argument 'cmake_clean_cache' from command line to 'False'
[0.186s] Level 5:colcon.colcon_core.verb:set package 'ament_cmake' build argument 'cmake_clean_first' from command line to 'False'
[0.186s] Level 5:colcon.colcon_core.verb:set package 'ament_cmake' build argument 'cmake_force_configure' from command line to 'False'
[0.186s] Level 5:colcon.colcon_core.verb:set package 'ament_cmake' build argument 'ament_cmake_args' from command line to 'None'
[0.186s] Level 5:colcon.colcon_core.verb:set package 'ament_cmake' build argument 'catkin_cmake_args' from command line to 'None'
[0.186s] Level 5:colcon.colcon_core.verb:set package 'ament_cmake' build argument 'catkin_skip_building_tests' from command line to 'False'
[0.186s] DEBUG:colcon.colcon_core.verb:Building package 'ament_cmake' with the following arguments: {'ament_cmake_args': None, 'build_base': '/Users/professormichel/Documents/GitHub/energy-ros2-cpp-python/build/ament_cmake', 'catkin_cmake_args': None, 'catkin_skip_building_tests': False, 'cmake_args': None, 'cmake_clean_cache': False, 'cmake_clean_first': False, 'cmake_force_configure': False, 'cmake_target': None, 'cmake_target_skip_unavailable': False, 'install_base': '/Users/professormichel/Documents/GitHub/energy-ros2-cpp-python/install/ament_cmake', 'merge_install': False, 'path': '/Users/professormichel/Documents/GitHub/energy-ros2-cpp-python/src/ament_cmake/ament_cmake', 'symlink_install': False, 'test_result_base': None}
[0.186s] INFO:colcon.colcon_core.executor:Executing jobs using 'parallel' executor
[0.186s] DEBUG:colcon.colcon_parallel_executor.executor.parallel:run_until_complete
[0.186s] INFO:colcon.colcon_ros.task.ament_cmake.build:Building ROS package in '/Users/professormichel/Documents/GitHub/energy-ros2-cpp-python/src/ament_cmake/ament_cmake' with build type 'ament_cmake'
[0.186s] INFO:colcon.colcon_cmake.task.cmake.build:Building CMake package in '/Users/professormichel/Documents/GitHub/energy-ros2-cpp-python/src/ament_cmake/ament_cmake'
[0.188s] INFO:colcon.colcon_core.plugin_system:Skipping extension 'colcon_core.shell.bat': Not used on non-Windows systems
[0.188s] INFO:colcon.colcon_core.shell:Skip shell extension 'powershell' for command environment: Not usable outside of PowerShell
[0.188s] DEBUG:colcon.colcon_core.shell:Skip shell extension 'dsv' for command environment
[0.188s] WARNING:colcon.colcon_ros.prefix_path.catkin:The path '/usr/local/opt/qt' in the environment variable CMAKE_PREFIX_PATH doesn't exist
[0.189s] ERROR:colcon.colcon_cmake.task.cmake.build:Failed to find the following files:
- /Users/professormichel/Documents/GitHub/energy-ros2-cpp-python/install/ament_cmake_export_definitions/share/ament_cmake_export_definitions/package.sh
- /Users/professormichel/Documents/GitHub/energy-ros2-cpp-python/install/ament_cmake_export_include_directories/share/ament_cmake_export_include_directories/package.sh
- /Users/professormichel/Documents/GitHub/energy-ros2-cpp-python/install/ament_cmake_export_libraries/share/ament_cmake_export_libraries/package.sh
- /Users/professormichel/Documents/GitHub/energy-ros2-cpp-python/install/ament_cmake_export_link_flags/share/ament_cmake_export_link_flags/package.sh
- /Users/professormichel/Documents/GitHub/energy-ros2-cpp-python/install/ament_cmake_include_directories/share/ament_cmake_include_directories/package.sh
- /Users/professormichel/Documents/GitHub/energy-ros2-cpp-python/install/ament_cmake_libraries/share/ament_cmake_libraries/package.sh
- /Users/professormichel/Documents/GitHub/energy-ros2-cpp-python/install/ament_cmake_python/share/ament_cmake_python/package.sh
- /Users/professormichel/Documents/GitHub/energy-ros2-cpp-python/install/ament_cmake_version/share/ament_cmake_version/package.sh
- /Users/professormichel/Documents/GitHub/energy-ros2-cpp-python/install/ament_cmake_export_dependencies/share/ament_cmake_export_dependencies/package.sh
- /Users/professormichel/Documents/GitHub/energy-ros2-cpp-python/install/ament_cmake_export_interfaces/share/ament_cmake_export_interfaces/package.sh
- /Users/professormichel/Documents/GitHub/energy-ros2-cpp-python/install/ament_cmake_export_targets/share/ament_cmake_export_targets/package.sh
- /Users/professormichel/Documents/GitHub/energy-ros2-cpp-python/install/ament_cmake_target_dependencies/share/ament_cmake_target_dependencies/package.sh
- /Users/professormichel/Documents/GitHub/energy-ros2-cpp-python/install/ament_cmake_test/share/ament_cmake_test/package.sh
- /Users/professormichel/Documents/GitHub/energy-ros2-cpp-python/install/ament_cmake_gtest/share/ament_cmake_gtest/package.sh
- /Users/professormichel/Documents/GitHub/energy-ros2-cpp-python/install/ament_cmake_gen_version_h/share/ament_cmake_gen_version_h/package.sh
Check that the following packages have been built:
- ament_cmake_export_definitions
- ament_cmake_export_include_directories
- ament_cmake_export_libraries
- ament_cmake_export_link_flags
- ament_cmake_include_directories
- ament_cmake_libraries
- ament_cmake_python
- ament_cmake_version
- ament_cmake_export_dependencies
- ament_cmake_export_interfaces
- ament_cmake_export_targets
- ament_cmake_target_dependencies
- ament_cmake_test
- ament_cmake_gtest
- ament_cmake_gen_version_h
[0.189s] Level 1:colcon.colcon_core.environment:create_environment_scripts_only(ament_cmake)
[0.190s] Level 1:colcon.colcon_core.environment:checking '/Users/professormichel/Documents/GitHub/energy-ros2-cpp-python/install/ament_cmake' for CMake module files
[0.190s] Level 1:colcon.colcon_core.environment:checking '/Users/professormichel/Documents/GitHub/energy-ros2-cpp-python/install/ament_cmake' for CMake config files
[0.190s] Level 1:colcon.colcon_core.environment:checking '/Users/professormichel/Documents/GitHub/energy-ros2-cpp-python/install/ament_cmake/lib'
[0.190s] Level 1:colcon.colcon_core.environment:checking '/Users/professormichel/Documents/GitHub/energy-ros2-cpp-python/install/ament_cmake/bin'
[0.190s] Level 1:colcon.colcon_core.environment:checking '/Users/professormichel/Documents/GitHub/energy-ros2-cpp-python/install/ament_cmake/lib/pkgconfig/ament_cmake.pc'
[0.190s] Level 1:colcon.colcon_core.environment:checking '/Users/professormichel/Documents/GitHub/energy-ros2-cpp-python/install/ament_cmake/lib/python3.11/site-packages'
[0.190s] Level 1:colcon.colcon_core.environment:checking '/Users/professormichel/Documents/GitHub/energy-ros2-cpp-python/install/ament_cmake/bin'
[0.190s] INFO:colcon.colcon_core.shell:Creating package script '/Users/professormichel/Documents/GitHub/energy-ros2-cpp-python/install/ament_cmake/share/ament_cmake/package.ps1'
[0.191s] INFO:colcon.colcon_core.shell:Creating package descriptor '/Users/professormichel/Documents/GitHub/energy-ros2-cpp-python/install/ament_cmake/share/ament_cmake/package.dsv'
[0.191s] INFO:colcon.colcon_core.shell:Creating package script '/Users/professormichel/Documents/GitHub/energy-ros2-cpp-python/install/ament_cmake/share/ament_cmake/package.sh'
[0.192s] INFO:colcon.colcon_core.shell:Creating package script '/Users/professormichel/Documents/GitHub/energy-ros2-cpp-python/install/ament_cmake/share/ament_cmake/package.bash'
[0.192s] INFO:colcon.colcon_core.shell:Creating package script '/Users/professormichel/Documents/GitHub/energy-ros2-cpp-python/install/ament_cmake/share/ament_cmake/package.zsh'
[0.193s] Level 1:colcon.colcon_core.environment:create_file_with_runtime_dependencies(/Users/professormichel/Documents/GitHub/energy-ros2-cpp-python/install/ament_cmake/share/colcon-core/packages/ament_cmake)
[0.193s] DEBUG:colcon.colcon_parallel_executor.executor.parallel:closing loop
[0.193s] DEBUG:colcon.colcon_parallel_executor.executor.parallel:loop closed
[0.193s] DEBUG:colcon.colcon_parallel_executor.executor.parallel:run_until_complete finished with '1'
[0.193s] DEBUG:colcon.colcon_core.event_reactor:joining thread
[0.194s] INFO:colcon.colcon_core.plugin_system:Skipping extension 'colcon_notification.desktop_notification.notify2': 'notify2' not found
[0.194s] INFO:colcon.colcon_core.plugin_system:Skipping extension 'colcon_notification.desktop_notification.notify_send': Not used on non-Linux systems
[0.194s] INFO:colcon.colcon_core.plugin_system:Skipping extension 'colcon_notification.desktop_notification.win32': Not used on non-Windows systems
[0.194s] INFO:colcon.colcon_notification.desktop_notification:Sending desktop notification using 'terminal_notifier'
[0.238s] DEBUG:colcon.colcon_core.event_reactor:joined thread
[0.239s] INFO:colcon.colcon_core.shell:Creating prefix script '/Users/professormichel/Documents/GitHub/energy-ros2-cpp-python/install/local_setup.ps1'
[0.240s] INFO:colcon.colcon_core.shell:Creating prefix util module '/Users/professormichel/Documents/GitHub/energy-ros2-cpp-python/install/_local_setup_util_ps1.py'
[0.241s] INFO:colcon.colcon_core.shell:Creating prefix chain script '/Users/professormichel/Documents/GitHub/energy-ros2-cpp-python/install/setup.ps1'
[0.242s] INFO:colcon.colcon_core.shell:Creating prefix script '/Users/professormichel/Documents/GitHub/energy-ros2-cpp-python/install/local_setup.sh'
[0.242s] INFO:colcon.colcon_core.shell:Creating prefix util module '/Users/professormichel/Documents/GitHub/energy-ros2-cpp-python/install/_local_setup_util_sh.py'
[0.243s] INFO:colcon.colcon_core.shell:Creating prefix chain script '/Users/professormichel/Documents/GitHub/energy-ros2-cpp-python/install/setup.sh'
[0.243s] INFO:colcon.colcon_core.shell:Creating prefix script '/Users/professormichel/Documents/GitHub/energy-ros2-cpp-python/install/local_setup.bash'
[0.244s] INFO:colcon.colcon_core.shell:Creating prefix chain script '/Users/professormichel/Documents/GitHub/energy-ros2-cpp-python/install/setup.bash'
[0.245s] INFO:colcon.colcon_core.shell:Creating prefix script '/Users/professormichel/Documents/GitHub/energy-ros2-cpp-python/install/local_setup.zsh'
[0.245s] INFO:colcon.colcon_core.shell:Creating prefix chain script '/Users/professormichel/Documents/GitHub/energy-ros2-cpp-python/install/setup.zsh'
