[0.039s] Invoking command in '/Users/professormichel/Documents/GitHub/energy-ros2-cpp-python/build/action_tutorials_interfaces': SHLVL=2 VIRTUAL_ENV_PROMPT=(.venv) _=/usr/bin/env /opt/homebrew/bin/cmake /Users/professormichel/Documents/GitHub/energy-ros2-cpp-python/src/action_tutorials_interfaces -DCMAKE_INSTALL_PREFIX=/Users/professormichel/Documents/GitHub/energy-ros2-cpp-python/install/action_tutorials_interfaces
[0.782s] CMake Error at CMakeLists.txt:9 (find_package):
[0.782s]   By not providing "Findament_cmake.cmake" in CMAKE_MODULE_PATH this project
[0.782s]   has asked CMake to find a package configuration file provided by
[0.782s]   "ament_cmake", but CMake did not find one.
[0.782s] 
[0.782s]   Could not find a package configuration file provided by "ament_cmake" with
[0.783s]   any of the following names:
[0.783s] 
[0.783s]     ament_cmakeConfig.cmake
[0.783s]     ament_cmake-config.cmake
[0.783s] 
[0.783s]   Add the installation prefix of "ament_cmake" to CMAKE_PREFIX_PATH or set
[0.783s]   "ament_cmake_DIR" to a directory containing one of the above files.  If
[0.783s]   "ament_cmake" provides a separate development package or SDK, be sure it
[0.783s]   has been installed.
[0.783s] 
[0.783s] 
[0.783s] -- Configuring incomplete, errors occurred!
[0.915s] Invoked command in '/Users/professormichel/Documents/GitHub/energy-ros2-cpp-python/build/action_tutorials_interfaces' returned '1': SHLVL=2 VIRTUAL_ENV_PROMPT=(.venv) _=/usr/bin/env /opt/homebrew/bin/cmake /Users/professormichel/Documents/GitHub/energy-ros2-cpp-python/src/action_tutorials_interfaces -DCMAKE_INSTALL_PREFIX=/Users/professormichel/Documents/GitHub/energy-ros2-cpp-python/install/action_tutorials_interfaces
